INFO : 06-29 02:17 : ksdkt/pre_dummy_epoch_size150.auto 	| PyTorch: 1.4.0
INFO : 06-29 02:17 : ksdkt/pre_dummy_epoch_size150.auto 	| Using Device: cuda
INFO : 06-29 02:18 : ksdkt/pre_dummy_epoch_size150.auto 	| The model has 693,813 trainable parameters
INFO : 06-29 02:18 : ksdkt/pre_dummy_epoch_size150.auto 	| train_dl.dataset size: 11008
INFO : 06-29 02:18 : ksdkt/pre_dummy_epoch_size150.auto 	| valid_dl.dataset size: 2752
INFO : 06-29 02:18 : ksdkt/pre_dummy_epoch_size150.auto 	| Start straightening pre-train
INFO : 06-29 05:18 : ksdkt/pre_dummy_epoch_size150.auto 	| Starting train
INFO : 06-29 05:32 : ksdkt/pre_dummy_epoch_size150.auto 	| 	Epoch 100	Train Loss: 0.660738	AUC: 0.526831
INFO : 06-29 05:32 : ksdkt/pre_dummy_epoch_size150.auto 	| 	Epoch 100	Valid Loss: 0.677249	AUC: 0.500799
INFO : 06-29 05:32 : ksdkt/pre_dummy_epoch_size150.auto 	| 	Epoch 100	KSVectorLoss: 6.26517
INFO : 06-29 05:32 : ksdkt/pre_dummy_epoch_size150.auto 	| 	Epoch 100	W1: 0.01332	W2: 0.00186688
INFO : 06-29 05:32 : ksdkt/pre_dummy_epoch_size150.auto 	| Best AUC 0.500799 refreshed and saved!
INFO : 06-29 05:32 : ksdkt/pre_dummy_epoch_size150.auto 	| At 05:32 14m 32s passed ( - 276m 23s til 00:43) (100epoch 5.0%)
INFO : 06-29 05:47 : ksdkt/pre_dummy_epoch_size150.auto 	| 	Epoch 200	Train Loss: 0.65818	AUC: 0.530333
INFO : 06-29 05:47 : ksdkt/pre_dummy_epoch_size150.auto 	| 	Epoch 200	Valid Loss: 0.674872	AUC: 0.5016
INFO : 06-29 05:47 : ksdkt/pre_dummy_epoch_size150.auto 	| 	Epoch 200	KSVectorLoss: 6.2649
INFO : 06-29 05:47 : ksdkt/pre_dummy_epoch_size150.auto 	| 	Epoch 200	W1: 0.0117737	W2: 0.0015933
INFO : 06-29 05:47 : ksdkt/pre_dummy_epoch_size150.auto 	| Best AUC 0.5016 refreshed and saved!
INFO : 06-29 05:47 : ksdkt/pre_dummy_epoch_size150.auto 	| At 05:47 29m 3s passed ( - 261m 30s til 16:07) (200epoch 10.0%)
INFO : 06-29 06:01 : ksdkt/pre_dummy_epoch_size150.auto 	| 	Epoch 300	Train Loss: 0.657213	AUC: 0.533405
INFO : 06-29 06:01 : ksdkt/pre_dummy_epoch_size150.auto 	| 	Epoch 300	Valid Loss: 0.674482	AUC: 0.502037
INFO : 06-29 06:01 : ksdkt/pre_dummy_epoch_size150.auto 	| 	Epoch 300	KSVectorLoss: 6.26519
INFO : 06-29 06:01 : ksdkt/pre_dummy_epoch_size150.auto 	| 	Epoch 300	W1: 0.0112324	W2: 0.00147159
INFO : 06-29 06:01 : ksdkt/pre_dummy_epoch_size150.auto 	| Best AUC 0.502037 refreshed and saved!
INFO : 06-29 06:01 : ksdkt/pre_dummy_epoch_size150.auto 	| At 06:01 43m 45s passed ( - 247m 56s til 22:51) (300epoch 15.0%)
INFO : 06-29 06:16 : ksdkt/pre_dummy_epoch_size150.auto 	| 	Epoch 400	Train Loss: 0.657156	AUC: 0.534222
INFO : 06-29 06:16 : ksdkt/pre_dummy_epoch_size150.auto 	| 	Epoch 400	Valid Loss: 0.674381	AUC: 0.502235
INFO : 06-29 06:16 : ksdkt/pre_dummy_epoch_size150.auto 	| 	Epoch 400	KSVectorLoss: 6.26557
INFO : 06-29 06:16 : ksdkt/pre_dummy_epoch_size150.auto 	| 	Epoch 400	W1: 0.010964	W2: 0.00139538
INFO : 06-29 06:16 : ksdkt/pre_dummy_epoch_size150.auto 	| Best AUC 0.502235 refreshed and saved!
INFO : 06-29 06:16 : ksdkt/pre_dummy_epoch_size150.auto 	| At 06:16 58m 14s passed ( - 232m 56s til 04:28) (400epoch 20.0%)
INFO : 06-29 06:30 : ksdkt/pre_dummy_epoch_size150.auto 	| 	Epoch 500	Train Loss: 0.656858	AUC: 0.535721
INFO : 06-29 06:30 : ksdkt/pre_dummy_epoch_size150.auto 	| 	Epoch 500	Valid Loss: 0.674349	AUC: 0.50245
INFO : 06-29 06:30 : ksdkt/pre_dummy_epoch_size150.auto 	| 	Epoch 500	KSVectorLoss: 6.26602
INFO : 06-29 06:30 : ksdkt/pre_dummy_epoch_size150.auto 	| 	Epoch 500	W1: 0.0108115	W2: 0.00134218
INFO : 06-29 06:30 : ksdkt/pre_dummy_epoch_size150.auto 	| Best AUC 0.50245 refreshed and saved!
INFO : 06-29 06:30 : ksdkt/pre_dummy_epoch_size150.auto 	| At 06:30 72m 45s passed ( - 218m 17s til 16:20) (500epoch 25.0%)
INFO : 06-29 06:45 : ksdkt/pre_dummy_epoch_size150.auto 	| 	Epoch 600	Train Loss: 0.656741	AUC: 0.536414
INFO : 06-29 06:45 : ksdkt/pre_dummy_epoch_size150.auto 	| 	Epoch 600	Valid Loss: 0.674352	AUC: 0.502796
INFO : 06-29 06:45 : ksdkt/pre_dummy_epoch_size150.auto 	| 	Epoch 600	KSVectorLoss: 6.26656
INFO : 06-29 06:45 : ksdkt/pre_dummy_epoch_size150.auto 	| 	Epoch 600	W1: 0.0107399	W2: 0.00129834
INFO : 06-29 06:45 : ksdkt/pre_dummy_epoch_size150.auto 	| Best AUC 0.502796 refreshed and saved!
INFO : 06-29 06:45 : ksdkt/pre_dummy_epoch_size150.auto 	| At 06:45 87m 18s passed ( - 203m 43s til 04:17) (600epoch 30.0%)
INFO : 06-29 07:00 : ksdkt/pre_dummy_epoch_size150.auto 	| 	Epoch 700	Train Loss: 0.656598	AUC: 0.537161
INFO : 06-29 07:00 : ksdkt/pre_dummy_epoch_size150.auto 	| 	Epoch 700	Valid Loss: 0.674363	AUC: 0.503286
INFO : 06-29 07:00 : ksdkt/pre_dummy_epoch_size150.auto 	| 	Epoch 700	KSVectorLoss: 6.26718
INFO : 06-29 07:00 : ksdkt/pre_dummy_epoch_size150.auto 	| 	Epoch 700	W1: 0.0106983	W2: 0.00126268
INFO : 06-29 07:00 : ksdkt/pre_dummy_epoch_size150.auto 	| Best AUC 0.503286 refreshed and saved!
INFO : 06-29 07:00 : ksdkt/pre_dummy_epoch_size150.auto 	| At 07:00 102m 15s passed ( - 189m 55s til 16:31) (700epoch 35.0%)
INFO : 06-29 07:16 : ksdkt/pre_dummy_epoch_size150.auto 	| 	Epoch 800	Train Loss: 0.656364	AUC: 0.538671
INFO : 06-29 07:16 : ksdkt/pre_dummy_epoch_size150.auto 	| 	Epoch 800	Valid Loss: 0.674366	AUC: 0.503781
INFO : 06-29 07:16 : ksdkt/pre_dummy_epoch_size150.auto 	| 	Epoch 800	KSVectorLoss: 6.26759
INFO : 06-29 07:16 : ksdkt/pre_dummy_epoch_size150.auto 	| 	Epoch 800	W1: 0.0106725	W2: 0.00123295
INFO : 06-29 07:16 : ksdkt/pre_dummy_epoch_size150.auto 	| Best AUC 0.503781 refreshed and saved!
INFO : 06-29 07:16 : ksdkt/pre_dummy_epoch_size150.auto 	| At 07:16 117m 56s passed ( - 176m 55s til 14:05) (800epoch 40.0%)
INFO : 06-29 07:31 : ksdkt/pre_dummy_epoch_size150.auto 	| 	Epoch 900	Train Loss: 0.656381	AUC: 0.538965
INFO : 06-29 07:31 : ksdkt/pre_dummy_epoch_size150.auto 	| 	Epoch 900	Valid Loss: 0.674383	AUC: 0.504297
INFO : 06-29 07:31 : ksdkt/pre_dummy_epoch_size150.auto 	| 	Epoch 900	KSVectorLoss: 6.26814
INFO : 06-29 07:31 : ksdkt/pre_dummy_epoch_size150.auto 	| 	Epoch 900	W1: 0.0106872	W2: 0.00120447
INFO : 06-29 07:31 : ksdkt/pre_dummy_epoch_size150.auto 	| Best AUC 0.504297 refreshed and saved!
INFO : 06-29 07:31 : ksdkt/pre_dummy_epoch_size150.auto 	| At 07:31 133m 46s passed ( - 163m 30s til 13:31) (900epoch 45.0%)
INFO : 06-29 07:47 : ksdkt/pre_dummy_epoch_size150.auto 	| 	Epoch 1000	Train Loss: 0.656177	AUC: 0.540063
INFO : 06-29 07:47 : ksdkt/pre_dummy_epoch_size150.auto 	| 	Epoch 1000	Valid Loss: 0.674385	AUC: 0.504774
INFO : 06-29 07:47 : ksdkt/pre_dummy_epoch_size150.auto 	| 	Epoch 1000	KSVectorLoss: 6.26845
INFO : 06-29 07:47 : ksdkt/pre_dummy_epoch_size150.auto 	| 	Epoch 1000	W1: 0.0106951	W2: 0.00117965
INFO : 06-29 07:47 : ksdkt/pre_dummy_epoch_size150.auto 	| Best AUC 0.50482 at epoch 990
INFO : 06-29 07:47 : ksdkt/pre_dummy_epoch_size150.auto 	| At 07:47 149m 29s passed ( - 149m 29s til 16:40) (1000epoch 50.0%)
INFO : 06-29 08:02 : ksdkt/pre_dummy_epoch_size150.auto 	| 	Epoch 1100	Train Loss: 0.655991	AUC: 0.541036
INFO : 06-29 08:02 : ksdkt/pre_dummy_epoch_size150.auto 	| 	Epoch 1100	Valid Loss: 0.674383	AUC: 0.505154
INFO : 06-29 08:02 : ksdkt/pre_dummy_epoch_size150.auto 	| 	Epoch 1100	KSVectorLoss: 6.2689
INFO : 06-29 08:02 : ksdkt/pre_dummy_epoch_size150.auto 	| 	Epoch 1100	W1: 0.0107317	W2: 0.00115801
INFO : 06-29 08:02 : ksdkt/pre_dummy_epoch_size150.auto 	| Best AUC 0.505206 at epoch 1080
INFO : 06-29 08:02 : ksdkt/pre_dummy_epoch_size150.auto 	| At 08:02 164m 8s passed ( - 134m 18s til 08:03) (1100epoch 55.0%)
INFO : 06-29 08:16 : ksdkt/pre_dummy_epoch_size150.auto 	| 	Epoch 1200	Train Loss: 0.655733	AUC: 0.543276
INFO : 06-29 08:16 : ksdkt/pre_dummy_epoch_size150.auto 	| 	Epoch 1200	Valid Loss: 0.674405	AUC: 0.505622
INFO : 06-29 08:16 : ksdkt/pre_dummy_epoch_size150.auto 	| 	Epoch 1200	KSVectorLoss: 6.26842
INFO : 06-29 08:16 : ksdkt/pre_dummy_epoch_size150.auto 	| 	Epoch 1200	W1: 0.0107768	W2: 0.00113726
INFO : 06-29 08:16 : ksdkt/pre_dummy_epoch_size150.auto 	| Best AUC 0.505808 at epoch 1190
INFO : 06-29 08:16 : ksdkt/pre_dummy_epoch_size150.auto 	| At 08:16 178m 7s passed ( - 118m 44s til 00:35) (1200epoch 60.0%)
INFO : 06-29 08:30 : ksdkt/pre_dummy_epoch_size150.auto 	| 	Epoch 1300	Train Loss: 0.655552	AUC: 0.544215
INFO : 06-29 08:30 : ksdkt/pre_dummy_epoch_size150.auto 	| 	Epoch 1300	Valid Loss: 0.674433	AUC: 0.50623
INFO : 06-29 08:30 : ksdkt/pre_dummy_epoch_size150.auto 	| 	Epoch 1300	KSVectorLoss: 6.26751
INFO : 06-29 08:30 : ksdkt/pre_dummy_epoch_size150.auto 	| 	Epoch 1300	W1: 0.0108041	W2: 0.00112004
INFO : 06-29 08:30 : ksdkt/pre_dummy_epoch_size150.auto 	| Best AUC 0.50623 refreshed and saved!
INFO : 06-29 08:30 : ksdkt/pre_dummy_epoch_size150.auto 	| At 08:30 192m 10s passed ( - 103m 28s til 07:17) (1300epoch 65.0%)
INFO : 06-29 08:44 : ksdkt/pre_dummy_epoch_size150.auto 	| 	Epoch 1400	Train Loss: 0.655347	AUC: 0.546243
INFO : 06-29 08:44 : ksdkt/pre_dummy_epoch_size150.auto 	| 	Epoch 1400	Valid Loss: 0.674427	AUC: 0.507077
INFO : 06-29 08:44 : ksdkt/pre_dummy_epoch_size150.auto 	| 	Epoch 1400	KSVectorLoss: 6.26663
INFO : 06-29 08:44 : ksdkt/pre_dummy_epoch_size150.auto 	| 	Epoch 1400	W1: 0.0108189	W2: 0.00110337
INFO : 06-29 08:44 : ksdkt/pre_dummy_epoch_size150.auto 	| Best AUC 0.507077 refreshed and saved!
INFO : 06-29 08:44 : ksdkt/pre_dummy_epoch_size150.auto 	| At 08:44 206m 43s passed ( - 88m 35s til 03:53) (1400epoch 70.0%)
INFO : 06-29 08:59 : ksdkt/pre_dummy_epoch_size150.auto 	| 	Epoch 1500	Train Loss: 0.655058	AUC: 0.548002
INFO : 06-29 08:59 : ksdkt/pre_dummy_epoch_size150.auto 	| 	Epoch 1500	Valid Loss: 0.674393	AUC: 0.508134
INFO : 06-29 08:59 : ksdkt/pre_dummy_epoch_size150.auto 	| 	Epoch 1500	KSVectorLoss: 6.26556
INFO : 06-29 08:59 : ksdkt/pre_dummy_epoch_size150.auto 	| 	Epoch 1500	W1: 0.0108187	W2: 0.00108931
INFO : 06-29 08:59 : ksdkt/pre_dummy_epoch_size150.auto 	| Best AUC 0.508134 refreshed and saved!
INFO : 06-29 08:59 : ksdkt/pre_dummy_epoch_size150.auto 	| At 08:59 221m 8s passed ( - 73m 42s til 02:29) (1500epoch 75.0%)
INFO : 06-29 09:14 : ksdkt/pre_dummy_epoch_size150.auto 	| 	Epoch 1600	Train Loss: 0.654964	AUC: 0.548564
INFO : 06-29 09:14 : ksdkt/pre_dummy_epoch_size150.auto 	| 	Epoch 1600	Valid Loss: 0.674361	AUC: 0.50925
INFO : 06-29 09:14 : ksdkt/pre_dummy_epoch_size150.auto 	| 	Epoch 1600	KSVectorLoss: 6.26475
INFO : 06-29 09:14 : ksdkt/pre_dummy_epoch_size150.auto 	| 	Epoch 1600	W1: 0.0108467	W2: 0.00107509
INFO : 06-29 09:14 : ksdkt/pre_dummy_epoch_size150.auto 	| Best AUC 0.509315 at epoch 1590
INFO : 06-29 09:14 : ksdkt/pre_dummy_epoch_size150.auto 	| At 09:14 235m 59s passed ( - 58m 59s til 08:49) (1600epoch 80.0%)
INFO : 06-29 09:28 : ksdkt/pre_dummy_epoch_size150.auto 	| 	Epoch 1700	Train Loss: 0.654708	AUC: 0.550228
INFO : 06-29 09:28 : ksdkt/pre_dummy_epoch_size150.auto 	| 	Epoch 1700	Valid Loss: 0.674317	AUC: 0.510472
INFO : 06-29 09:28 : ksdkt/pre_dummy_epoch_size150.auto 	| 	Epoch 1700	KSVectorLoss: 6.26404
INFO : 06-29 09:28 : ksdkt/pre_dummy_epoch_size150.auto 	| 	Epoch 1700	W1: 0.0108847	W2: 0.00106171
INFO : 06-29 09:28 : ksdkt/pre_dummy_epoch_size150.auto 	| Best AUC 0.510486 at epoch 1690
INFO : 06-29 09:28 : ksdkt/pre_dummy_epoch_size150.auto 	| At 09:28 249m 58s passed ( - 44m 6s til 04:36) (1700epoch 85.0%)
INFO : 06-29 09:42 : ksdkt/pre_dummy_epoch_size150.auto 	| 	Epoch 1800	Train Loss: 0.654361	AUC: 0.55258
INFO : 06-29 09:42 : ksdkt/pre_dummy_epoch_size150.auto 	| 	Epoch 1800	Valid Loss: 0.674313	AUC: 0.511697
INFO : 06-29 09:42 : ksdkt/pre_dummy_epoch_size150.auto 	| 	Epoch 1800	KSVectorLoss: 6.26208
INFO : 06-29 09:42 : ksdkt/pre_dummy_epoch_size150.auto 	| 	Epoch 1800	W1: 0.0109311	W2: 0.00105007
INFO : 06-29 09:42 : ksdkt/pre_dummy_epoch_size150.auto 	| Best AUC 0.511697 refreshed and saved!
INFO : 06-29 09:42 : ksdkt/pre_dummy_epoch_size150.auto 	| At 09:42 264m 25s passed ( - 29m 22s til 04:23) (1800epoch 90.0%)
INFO : 06-29 09:57 : ksdkt/pre_dummy_epoch_size150.auto 	| 	Epoch 1900	Train Loss: 0.653969	AUC: 0.555219
INFO : 06-29 09:57 : ksdkt/pre_dummy_epoch_size150.auto 	| 	Epoch 1900	Valid Loss: 0.674326	AUC: 0.512672
INFO : 06-29 09:57 : ksdkt/pre_dummy_epoch_size150.auto 	| 	Epoch 1900	KSVectorLoss: 6.26146
INFO : 06-29 09:57 : ksdkt/pre_dummy_epoch_size150.auto 	| 	Epoch 1900	W1: 0.0109808	W2: 0.00104072
INFO : 06-29 09:57 : ksdkt/pre_dummy_epoch_size150.auto 	| Best AUC 0.512672 refreshed and saved!
INFO : 06-29 09:57 : ksdkt/pre_dummy_epoch_size150.auto 	| At 09:57 278m 56s passed ( - 14m 40s til 06:16) (1900epoch 95.0%)
INFO : 06-29 10:11 : ksdkt/pre_dummy_epoch_size150.auto 	| 	Epoch 2000	Train Loss: 0.653715	AUC: 0.556761
INFO : 06-29 10:11 : ksdkt/pre_dummy_epoch_size150.auto 	| 	Epoch 2000	Valid Loss: 0.674307	AUC: 0.513705
INFO : 06-29 10:11 : ksdkt/pre_dummy_epoch_size150.auto 	| 	Epoch 2000	KSVectorLoss: 6.26088
INFO : 06-29 10:11 : ksdkt/pre_dummy_epoch_size150.auto 	| 	Epoch 2000	W1: 0.0109925	W2: 0.00103476
INFO : 06-29 10:11 : ksdkt/pre_dummy_epoch_size150.auto 	| Best AUC 0.513838 at epoch 1970
INFO : 06-29 10:11 : ksdkt/pre_dummy_epoch_size150.auto 	| At 10:11 293m 8s passed ( - 0m 0s til 10:11) (2000epoch 100.0%)
INFO : 06-29 10:11 : ksdkt/pre_dummy_epoch_size150.auto 	| Loading model /code/output/20200622_English_v10_pretrain/pre_dummy_epoch_size150.auto/checkpoints/20200629-0217/f0_best.model
INFO : 06-29 10:11 : ksdkt/pre_dummy_epoch_size150.auto 	| test_dl.dataset size: 3440
INFO : 06-29 10:11 : ksdkt/pre_dummy_epoch_size150.auto 	| Starting test
INFO : 06-29 10:11 : ksdkt/pre_dummy_epoch_size150.auto 	| 	Test Loss: 0.666798	AUC: 0.553746
INFO : 06-29 10:11 : ksdkt/pre_dummy_epoch_size150.auto 	| 	Test KSV Loss: 6.22961
INFO : 06-29 10:11 : ksdkt/pre_dummy_epoch_size150.auto 	| 	W1: 0.0110119	W2: 0.00103929
INFO : 06-29 10:11 : ksdkt/pre_dummy_epoch_size150.auto 	| 	r1: 0.668506
INFO : 06-29 10:11 : ksdkt/pre_dummy_epoch_size150.auto 	| 	Test AUC(C): 0.538696
INFO : 06-29 10:21 : ksdkt/pre_dummy_epoch_size150.auto 	| RP soft 	 good:bad = 680:261
INFO : 06-29 10:21 : ksdkt/pre_dummy_epoch_size150.auto 	| RP hard 	 nDCG = 0.8753±0.1387
INFO : 06-29 10:21 : ksdkt/pre_dummy_epoch_size150.auto 	| The model has 693,813 trainable parameters
INFO : 06-29 10:21 : ksdkt/pre_dummy_epoch_size150.auto 	| train_dl.dataset size: 11008
INFO : 06-29 10:21 : ksdkt/pre_dummy_epoch_size150.auto 	| valid_dl.dataset size: 2752
INFO : 06-29 10:21 : ksdkt/pre_dummy_epoch_size150.auto 	| Start straightening pre-train
INFO : 06-29 13:36 : ksdkt/pre_dummy_epoch_size150.auto 	| Starting train
INFO : 06-29 13:49 : ksdkt/pre_dummy_epoch_size150.auto 	| 	Epoch 100	Train Loss: 0.668244	AUC: 0.527276
INFO : 06-29 13:49 : ksdkt/pre_dummy_epoch_size150.auto 	| 	Epoch 100	Valid Loss: 0.645002	AUC: 0.498357
INFO : 06-29 13:49 : ksdkt/pre_dummy_epoch_size150.auto 	| 	Epoch 100	KSVectorLoss: 6.11101
INFO : 06-29 13:49 : ksdkt/pre_dummy_epoch_size150.auto 	| 	Epoch 100	W1: 0.012677	W2: 0.00170772
INFO : 06-29 13:49 : ksdkt/pre_dummy_epoch_size150.auto 	| Best AUC 0.498549 at epoch 40
INFO : 06-29 13:49 : ksdkt/pre_dummy_epoch_size150.auto 	| At 13:49 12m 27s passed ( - 236m 37s til 10:24) (100epoch 5.0%)
INFO : 06-29 14:02 : ksdkt/pre_dummy_epoch_size150.auto 	| 	Epoch 200	Train Loss: 0.665949	AUC: 0.530432
INFO : 06-29 14:02 : ksdkt/pre_dummy_epoch_size150.auto 	| 	Epoch 200	Valid Loss: 0.643064	AUC: 0.499259
INFO : 06-29 14:02 : ksdkt/pre_dummy_epoch_size150.auto 	| 	Epoch 200	KSVectorLoss: 6.11221
INFO : 06-29 14:02 : ksdkt/pre_dummy_epoch_size150.auto 	| 	Epoch 200	W1: 0.011205	W2: 0.00143575
INFO : 06-29 14:02 : ksdkt/pre_dummy_epoch_size150.auto 	| Best AUC 0.499259 refreshed and saved!
INFO : 06-29 14:02 : ksdkt/pre_dummy_epoch_size150.auto 	| At 14:02 25m 32s passed ( - 229m 54s til 18:29) (200epoch 10.0%)
INFO : 06-29 14:15 : ksdkt/pre_dummy_epoch_size150.auto 	| 	Epoch 300	Train Loss: 0.665374	AUC: 0.532014
INFO : 06-29 14:15 : ksdkt/pre_dummy_epoch_size150.auto 	| 	Epoch 300	Valid Loss: 0.64265	AUC: 0.500291
INFO : 06-29 14:15 : ksdkt/pre_dummy_epoch_size150.auto 	| 	Epoch 300	KSVectorLoss: 6.11337
INFO : 06-29 14:15 : ksdkt/pre_dummy_epoch_size150.auto 	| 	Epoch 300	W1: 0.0106369	W2: 0.0013067
INFO : 06-29 14:15 : ksdkt/pre_dummy_epoch_size150.auto 	| Best AUC 0.500291 refreshed and saved!
INFO : 06-29 14:15 : ksdkt/pre_dummy_epoch_size150.auto 	| At 14:15 38m 34s passed ( - 218m 38s til 20:14) (300epoch 15.0%)
INFO : 06-29 14:28 : ksdkt/pre_dummy_epoch_size150.auto 	| 	Epoch 400	Train Loss: 0.665183	AUC: 0.532887
INFO : 06-29 14:28 : ksdkt/pre_dummy_epoch_size150.auto 	| 	Epoch 400	Valid Loss: 0.642476	AUC: 0.500814
INFO : 06-29 14:28 : ksdkt/pre_dummy_epoch_size150.auto 	| 	Epoch 400	KSVectorLoss: 6.11364
INFO : 06-29 14:28 : ksdkt/pre_dummy_epoch_size150.auto 	| 	Epoch 400	W1: 0.0103428	W2: 0.0012283
INFO : 06-29 14:28 : ksdkt/pre_dummy_epoch_size150.auto 	| Best AUC 0.500814 refreshed and saved!
INFO : 06-29 14:28 : ksdkt/pre_dummy_epoch_size150.auto 	| At 14:28 51m 40s passed ( - 206m 41s til 15:49) (400epoch 20.0%)
INFO : 06-29 14:41 : ksdkt/pre_dummy_epoch_size150.auto 	| 	Epoch 500	Train Loss: 0.66494	AUC: 0.534655
INFO : 06-29 14:41 : ksdkt/pre_dummy_epoch_size150.auto 	| 	Epoch 500	Valid Loss: 0.642381	AUC: 0.501546
INFO : 06-29 14:41 : ksdkt/pre_dummy_epoch_size150.auto 	| 	Epoch 500	KSVectorLoss: 6.11413
INFO : 06-29 14:41 : ksdkt/pre_dummy_epoch_size150.auto 	| 	Epoch 500	W1: 0.0101769	W2: 0.00117013
INFO : 06-29 14:41 : ksdkt/pre_dummy_epoch_size150.auto 	| Best AUC 0.501546 refreshed and saved!
INFO : 06-29 14:41 : ksdkt/pre_dummy_epoch_size150.auto 	| At 14:41 64m 56s passed ( - 194m 49s til 20:01) (500epoch 25.0%)
INFO : 06-29 14:56 : ksdkt/pre_dummy_epoch_size150.auto 	| 	Epoch 600	Train Loss: 0.664868	AUC: 0.534434
INFO : 06-29 14:56 : ksdkt/pre_dummy_epoch_size150.auto 	| 	Epoch 600	Valid Loss: 0.642312	AUC: 0.502116
INFO : 06-29 14:56 : ksdkt/pre_dummy_epoch_size150.auto 	| 	Epoch 600	KSVectorLoss: 6.11442
INFO : 06-29 14:56 : ksdkt/pre_dummy_epoch_size150.auto 	| 	Epoch 600	W1: 0.0100772	W2: 0.00112645
INFO : 06-29 14:56 : ksdkt/pre_dummy_epoch_size150.auto 	| Best AUC 0.502116 refreshed and saved!
INFO : 06-29 14:56 : ksdkt/pre_dummy_epoch_size150.auto 	| At 14:56 79m 26s passed ( - 185m 22s til 18:43) (600epoch 30.0%)
INFO : 06-29 15:10 : ksdkt/pre_dummy_epoch_size150.auto 	| 	Epoch 700	Train Loss: 0.664687	AUC: 0.535902
INFO : 06-29 15:10 : ksdkt/pre_dummy_epoch_size150.auto 	| 	Epoch 700	Valid Loss: 0.642243	AUC: 0.502747
INFO : 06-29 15:10 : ksdkt/pre_dummy_epoch_size150.auto 	| 	Epoch 700	KSVectorLoss: 6.11428
INFO : 06-29 15:10 : ksdkt/pre_dummy_epoch_size150.auto 	| 	Epoch 700	W1: 0.0100254	W2: 0.00108984
INFO : 06-29 15:10 : ksdkt/pre_dummy_epoch_size150.auto 	| Best AUC 0.502777 at epoch 680
INFO : 06-29 15:10 : ksdkt/pre_dummy_epoch_size150.auto 	| At 15:10 93m 53s passed ( - 174m 21s til 03:24) (700epoch 35.0%)
INFO : 06-29 15:25 : ksdkt/pre_dummy_epoch_size150.auto 	| 	Epoch 800	Train Loss: 0.664538	AUC: 0.537289
INFO : 06-29 15:25 : ksdkt/pre_dummy_epoch_size150.auto 	| 	Epoch 800	Valid Loss: 0.6422	AUC: 0.503334
INFO : 06-29 15:25 : ksdkt/pre_dummy_epoch_size150.auto 	| 	Epoch 800	KSVectorLoss: 6.11446
INFO : 06-29 15:25 : ksdkt/pre_dummy_epoch_size150.auto 	| 	Epoch 800	W1: 0.0100052	W2: 0.00105907
INFO : 06-29 15:25 : ksdkt/pre_dummy_epoch_size150.auto 	| Best AUC 0.503334 refreshed and saved!
INFO : 06-29 15:25 : ksdkt/pre_dummy_epoch_size150.auto 	| At 15:25 108m 23s passed ( - 162m 35s til 19:48) (800epoch 40.0%)
INFO : 06-29 15:39 : ksdkt/pre_dummy_epoch_size150.auto 	| 	Epoch 900	Train Loss: 0.664546	AUC: 0.536856
INFO : 06-29 15:39 : ksdkt/pre_dummy_epoch_size150.auto 	| 	Epoch 900	Valid Loss: 0.642169	AUC: 0.503815
INFO : 06-29 15:39 : ksdkt/pre_dummy_epoch_size150.auto 	| 	Epoch 900	KSVectorLoss: 6.1145
INFO : 06-29 15:39 : ksdkt/pre_dummy_epoch_size150.auto 	| 	Epoch 900	W1: 0.0100143	W2: 0.00103387
INFO : 06-29 15:39 : ksdkt/pre_dummy_epoch_size150.auto 	| Best AUC 0.503821 at epoch 890
INFO : 06-29 15:39 : ksdkt/pre_dummy_epoch_size150.auto 	| At 15:39 122m 58s passed ( - 150m 17s til 14:34) (900epoch 45.0%)
INFO : 06-29 15:53 : ksdkt/pre_dummy_epoch_size150.auto 	| 	Epoch 1000	Train Loss: 0.6643	AUC: 0.539226
INFO : 06-29 15:53 : ksdkt/pre_dummy_epoch_size150.auto 	| 	Epoch 1000	Valid Loss: 0.642132	AUC: 0.504488
INFO : 06-29 15:53 : ksdkt/pre_dummy_epoch_size150.auto 	| 	Epoch 1000	KSVectorLoss: 6.11454
INFO : 06-29 15:53 : ksdkt/pre_dummy_epoch_size150.auto 	| 	Epoch 1000	W1: 0.0100589	W2: 0.0010143
INFO : 06-29 15:53 : ksdkt/pre_dummy_epoch_size150.auto 	| Best AUC 0.504488 refreshed and saved!
INFO : 06-29 15:53 : ksdkt/pre_dummy_epoch_size150.auto 	| At 15:53 137m 15s passed ( - 137m 15s til 22:10) (1000epoch 50.0%)
INFO : 06-29 16:08 : ksdkt/pre_dummy_epoch_size150.auto 	| 	Epoch 1100	Train Loss: 0.664118	AUC: 0.539764
INFO : 06-29 16:08 : ksdkt/pre_dummy_epoch_size150.auto 	| 	Epoch 1100	Valid Loss: 0.64209	AUC: 0.505226
INFO : 06-29 16:08 : ksdkt/pre_dummy_epoch_size150.auto 	| 	Epoch 1100	KSVectorLoss: 6.11487
INFO : 06-29 16:08 : ksdkt/pre_dummy_epoch_size150.auto 	| 	Epoch 1100	W1: 0.0100876	W2: 0.000996341
INFO : 06-29 16:08 : ksdkt/pre_dummy_epoch_size150.auto 	| Best AUC 0.505226 refreshed and saved!
INFO : 06-29 16:08 : ksdkt/pre_dummy_epoch_size150.auto 	| At 16:08 151m 29s passed ( - 123m 57s til 19:53) (1100epoch 55.0%)
INFO : 06-29 16:22 : ksdkt/pre_dummy_epoch_size150.auto 	| 	Epoch 1200	Train Loss: 0.663969	AUC: 0.541185
INFO : 06-29 16:22 : ksdkt/pre_dummy_epoch_size150.auto 	| 	Epoch 1200	Valid Loss: 0.642026	AUC: 0.506491
INFO : 06-29 16:22 : ksdkt/pre_dummy_epoch_size150.auto 	| 	Epoch 1200	KSVectorLoss: 6.11548
INFO : 06-29 16:22 : ksdkt/pre_dummy_epoch_size150.auto 	| 	Epoch 1200	W1: 0.0102026	W2: 0.000982807
INFO : 06-29 16:22 : ksdkt/pre_dummy_epoch_size150.auto 	| Best AUC 0.506492 at epoch 1180
INFO : 06-29 16:22 : ksdkt/pre_dummy_epoch_size150.auto 	| At 16:22 166m 9s passed ( - 110m 46s til 01:11) (1200epoch 60.0%)
INFO : 06-29 16:38 : ksdkt/pre_dummy_epoch_size150.auto 	| 	Epoch 1300	Train Loss: 0.663949	AUC: 0.541554
INFO : 06-29 16:38 : ksdkt/pre_dummy_epoch_size150.auto 	| 	Epoch 1300	Valid Loss: 0.641854	AUC: 0.508439
INFO : 06-29 16:38 : ksdkt/pre_dummy_epoch_size150.auto 	| 	Epoch 1300	KSVectorLoss: 6.11481
INFO : 06-29 16:38 : ksdkt/pre_dummy_epoch_size150.auto 	| 	Epoch 1300	W1: 0.0103897	W2: 0.000974174
INFO : 06-29 16:38 : ksdkt/pre_dummy_epoch_size150.auto 	| Best AUC 0.508439 refreshed and saved!
INFO : 06-29 16:38 : ksdkt/pre_dummy_epoch_size150.auto 	| At 16:38 181m 56s passed ( - 97m 58s til 21:49) (1300epoch 65.0%)
INFO : 06-29 16:54 : ksdkt/pre_dummy_epoch_size150.auto 	| 	Epoch 1400	Train Loss: 0.663714	AUC: 0.543225
INFO : 06-29 16:54 : ksdkt/pre_dummy_epoch_size150.auto 	| 	Epoch 1400	Valid Loss: 0.641708	AUC: 0.510354
INFO : 06-29 16:54 : ksdkt/pre_dummy_epoch_size150.auto 	| 	Epoch 1400	KSVectorLoss: 6.11187
INFO : 06-29 16:54 : ksdkt/pre_dummy_epoch_size150.auto 	| 	Epoch 1400	W1: 0.0105421	W2: 0.000967374
INFO : 06-29 16:54 : ksdkt/pre_dummy_epoch_size150.auto 	| Best AUC 0.510354 refreshed and saved!
INFO : 06-29 16:54 : ksdkt/pre_dummy_epoch_size150.auto 	| At 16:54 197m 42s passed ( - 84m 43s til 13:31) (1400epoch 70.0%)
INFO : 06-29 17:10 : ksdkt/pre_dummy_epoch_size150.auto 	| 	Epoch 1500	Train Loss: 0.663344	AUC: 0.546313
INFO : 06-29 17:10 : ksdkt/pre_dummy_epoch_size150.auto 	| 	Epoch 1500	Valid Loss: 0.641551	AUC: 0.51252
INFO : 06-29 17:10 : ksdkt/pre_dummy_epoch_size150.auto 	| 	Epoch 1500	KSVectorLoss: 6.10973
INFO : 06-29 17:10 : ksdkt/pre_dummy_epoch_size150.auto 	| 	Epoch 1500	W1: 0.0107239	W2: 0.00096175
INFO : 06-29 17:10 : ksdkt/pre_dummy_epoch_size150.auto 	| Best AUC 0.51252 refreshed and saved!
INFO : 06-29 17:10 : ksdkt/pre_dummy_epoch_size150.auto 	| At 17:10 213m 23s passed ( - 71m 7s til 09:17) (1500epoch 75.0%)
INFO : 06-29 17:25 : ksdkt/pre_dummy_epoch_size150.auto 	| 	Epoch 1600	Train Loss: 0.663065	AUC: 0.548293
INFO : 06-29 17:25 : ksdkt/pre_dummy_epoch_size150.auto 	| 	Epoch 1600	Valid Loss: 0.6414	AUC: 0.514904
INFO : 06-29 17:25 : ksdkt/pre_dummy_epoch_size150.auto 	| 	Epoch 1600	KSVectorLoss: 6.10739
INFO : 06-29 17:25 : ksdkt/pre_dummy_epoch_size150.auto 	| 	Epoch 1600	W1: 0.0108729	W2: 0.000958263
INFO : 06-29 17:25 : ksdkt/pre_dummy_epoch_size150.auto 	| Best AUC 0.514904 refreshed and saved!
INFO : 06-29 17:25 : ksdkt/pre_dummy_epoch_size150.auto 	| At 17:25 229m 11s passed ( - 57m 17s til 15:30) (1600epoch 80.0%)
INFO : 06-29 17:40 : ksdkt/pre_dummy_epoch_size150.auto 	| 	Epoch 1700	Train Loss: 0.662851	AUC: 0.549784
INFO : 06-29 17:40 : ksdkt/pre_dummy_epoch_size150.auto 	| 	Epoch 1700	Valid Loss: 0.641187	AUC: 0.517433
INFO : 06-29 17:40 : ksdkt/pre_dummy_epoch_size150.auto 	| 	Epoch 1700	KSVectorLoss: 6.10379
INFO : 06-29 17:40 : ksdkt/pre_dummy_epoch_size150.auto 	| 	Epoch 1700	W1: 0.0109723	W2: 0.000954505
INFO : 06-29 17:40 : ksdkt/pre_dummy_epoch_size150.auto 	| Best AUC 0.517433 refreshed and saved!
INFO : 06-29 17:40 : ksdkt/pre_dummy_epoch_size150.auto 	| At 17:40 244m 3s passed ( - 43m 4s til 20:00) (1700epoch 85.0%)
INFO : 06-29 17:54 : ksdkt/pre_dummy_epoch_size150.auto 	| 	Epoch 1800	Train Loss: 0.662334	AUC: 0.552608
INFO : 06-29 17:54 : ksdkt/pre_dummy_epoch_size150.auto 	| 	Epoch 1800	Valid Loss: 0.640951	AUC: 0.520086
INFO : 06-29 17:54 : ksdkt/pre_dummy_epoch_size150.auto 	| 	Epoch 1800	KSVectorLoss: 6.10067
INFO : 06-29 17:54 : ksdkt/pre_dummy_epoch_size150.auto 	| 	Epoch 1800	W1: 0.0111469	W2: 0.000952689
INFO : 06-29 17:54 : ksdkt/pre_dummy_epoch_size150.auto 	| Best AUC 0.520086 refreshed and saved!
INFO : 06-29 17:54 : ksdkt/pre_dummy_epoch_size150.auto 	| At 17:54 258m 10s passed ( - 28m 41s til 21:22) (1800epoch 90.0%)
INFO : 06-29 18:09 : ksdkt/pre_dummy_epoch_size150.auto 	| 	Epoch 1900	Train Loss: 0.661932	AUC: 0.555609
INFO : 06-29 18:09 : ksdkt/pre_dummy_epoch_size150.auto 	| 	Epoch 1900	Valid Loss: 0.640823	AUC: 0.521944
INFO : 06-29 18:09 : ksdkt/pre_dummy_epoch_size150.auto 	| 	Epoch 1900	KSVectorLoss: 6.0987
INFO : 06-29 18:09 : ksdkt/pre_dummy_epoch_size150.auto 	| 	Epoch 1900	W1: 0.0112863	W2: 0.000948953
INFO : 06-29 18:09 : ksdkt/pre_dummy_epoch_size150.auto 	| Best AUC 0.521944 refreshed and saved!
INFO : 06-29 18:09 : ksdkt/pre_dummy_epoch_size150.auto 	| At 18:09 272m 57s passed ( - 14m 21s til 17:11) (1900epoch 95.0%)
INFO : 06-29 18:23 : ksdkt/pre_dummy_epoch_size150.auto 	| 	Epoch 2000	Train Loss: 0.661598	AUC: 0.55799
INFO : 06-29 18:24 : ksdkt/pre_dummy_epoch_size150.auto 	| 	Epoch 2000	Valid Loss: 0.640561	AUC: 0.52432
INFO : 06-29 18:24 : ksdkt/pre_dummy_epoch_size150.auto 	| 	Epoch 2000	KSVectorLoss: 6.09462
INFO : 06-29 18:24 : ksdkt/pre_dummy_epoch_size150.auto 	| 	Epoch 2000	W1: 0.011487	W2: 0.000946007
INFO : 06-29 18:24 : ksdkt/pre_dummy_epoch_size150.auto 	| Best AUC 0.52432 refreshed and saved!
INFO : 06-29 18:24 : ksdkt/pre_dummy_epoch_size150.auto 	| At 18:24 287m 17s passed ( - 0m 0s til 18:24) (2000epoch 100.0%)
INFO : 06-29 18:24 : ksdkt/pre_dummy_epoch_size150.auto 	| Loading model /code/output/20200622_English_v10_pretrain/pre_dummy_epoch_size150.auto/checkpoints/20200629-0217/f1_best.model
INFO : 06-29 18:24 : ksdkt/pre_dummy_epoch_size150.auto 	| test_dl.dataset size: 3440
INFO : 06-29 18:24 : ksdkt/pre_dummy_epoch_size150.auto 	| Starting test
INFO : 06-29 18:24 : ksdkt/pre_dummy_epoch_size150.auto 	| 	Test Loss: 0.665115	AUC: 0.558391
INFO : 06-29 18:24 : ksdkt/pre_dummy_epoch_size150.auto 	| 	Test KSV Loss: 6.27036
INFO : 06-29 18:24 : ksdkt/pre_dummy_epoch_size150.auto 	| 	W1: 0.0114655	W2: 0.000947845
INFO : 06-29 18:24 : ksdkt/pre_dummy_epoch_size150.auto 	| 	r1: 0.66546
INFO : 06-29 18:24 : ksdkt/pre_dummy_epoch_size150.auto 	| 	Test AUC(C): 0.551235
INFO : 06-29 18:34 : ksdkt/pre_dummy_epoch_size150.auto 	| RP soft 	 good:bad = 786:155
INFO : 06-29 18:34 : ksdkt/pre_dummy_epoch_size150.auto 	| RP hard 	 nDCG = 0.9100±0.1114
INFO : 06-29 18:34 : ksdkt/pre_dummy_epoch_size150.auto 	| The model has 693,813 trainable parameters
INFO : 06-29 18:34 : ksdkt/pre_dummy_epoch_size150.auto 	| train_dl.dataset size: 11008
INFO : 06-29 18:34 : ksdkt/pre_dummy_epoch_size150.auto 	| valid_dl.dataset size: 2752
INFO : 06-29 18:34 : ksdkt/pre_dummy_epoch_size150.auto 	| Start straightening pre-train
INFO : 06-29 21:46 : ksdkt/pre_dummy_epoch_size150.auto 	| Starting train
INFO : 06-29 21:59 : ksdkt/pre_dummy_epoch_size150.auto 	| 	Epoch 100	Train Loss: 0.6612	AUC: 0.528366
INFO : 06-29 21:59 : ksdkt/pre_dummy_epoch_size150.auto 	| 	Epoch 100	Valid Loss: 0.669152	AUC: 0.49853
INFO : 06-29 21:59 : ksdkt/pre_dummy_epoch_size150.auto 	| 	Epoch 100	KSVectorLoss: 6.23187
INFO : 06-29 21:59 : ksdkt/pre_dummy_epoch_size150.auto 	| 	Epoch 100	W1: 0.0128795	W2: 0.00179075
INFO : 06-29 21:59 : ksdkt/pre_dummy_epoch_size150.auto 	| Best AUC 0.501036 at epoch 10
INFO : 06-29 21:59 : ksdkt/pre_dummy_epoch_size150.auto 	| At 21:59 13m 9s passed ( - 249m 51s til 15:26) (100epoch 5.0%)
INFO : 06-29 22:12 : ksdkt/pre_dummy_epoch_size150.auto 	| 	Epoch 200	Train Loss: 0.658994	AUC: 0.530915
INFO : 06-29 22:12 : ksdkt/pre_dummy_epoch_size150.auto 	| 	Epoch 200	Valid Loss: 0.667402	AUC: 0.500367
INFO : 06-29 22:12 : ksdkt/pre_dummy_epoch_size150.auto 	| 	Epoch 200	KSVectorLoss: 6.23044
INFO : 06-29 22:12 : ksdkt/pre_dummy_epoch_size150.auto 	| 	Epoch 200	W1: 0.0114397	W2: 0.00154495
INFO : 06-29 22:12 : ksdkt/pre_dummy_epoch_size150.auto 	| Best AUC 0.501036 at epoch 10
INFO : 06-29 22:12 : ksdkt/pre_dummy_epoch_size150.auto 	| Early stopping.
INFO : 06-29 22:12 : ksdkt/pre_dummy_epoch_size150.auto 	| Loading model /code/output/20200622_English_v10_pretrain/pre_dummy_epoch_size150.auto/checkpoints/20200629-0217/f2_best.model
INFO : 06-29 22:12 : ksdkt/pre_dummy_epoch_size150.auto 	| test_dl.dataset size: 3440
INFO : 06-29 22:12 : ksdkt/pre_dummy_epoch_size150.auto 	| Starting test
INFO : 06-29 22:12 : ksdkt/pre_dummy_epoch_size150.auto 	| 	Test Loss: 0.774279	AUC: 0.507506
INFO : 06-29 22:12 : ksdkt/pre_dummy_epoch_size150.auto 	| 	Test KSV Loss: 6.32828
INFO : 06-29 22:12 : ksdkt/pre_dummy_epoch_size150.auto 	| 	W1: 0.0233815	W2: 0.00345148
INFO : 06-29 22:12 : ksdkt/pre_dummy_epoch_size150.auto 	| 	r1: 0.770145
INFO : 06-29 22:12 : ksdkt/pre_dummy_epoch_size150.auto 	| 	Test AUC(C): 0.506541
INFO : 06-29 22:21 : ksdkt/pre_dummy_epoch_size150.auto 	| RP soft 	 good:bad = 727:214
INFO : 06-29 22:21 : ksdkt/pre_dummy_epoch_size150.auto 	| RP hard 	 nDCG = 0.8951±0.1346
INFO : 06-29 22:21 : ksdkt/pre_dummy_epoch_size150.auto 	| The model has 693,813 trainable parameters
INFO : 06-29 22:21 : ksdkt/pre_dummy_epoch_size150.auto 	| train_dl.dataset size: 11008
INFO : 06-29 22:21 : ksdkt/pre_dummy_epoch_size150.auto 	| valid_dl.dataset size: 2752
INFO : 06-29 22:21 : ksdkt/pre_dummy_epoch_size150.auto 	| Start straightening pre-train
INFO : 06-30 01:24 : ksdkt/pre_dummy_epoch_size150.auto 	| Starting train
INFO : 06-30 01:38 : ksdkt/pre_dummy_epoch_size150.auto 	| 	Epoch 100	Train Loss: 0.662605	AUC: 0.528053
INFO : 06-30 01:38 : ksdkt/pre_dummy_epoch_size150.auto 	| 	Epoch 100	Valid Loss: 0.664942	AUC: 0.505667
INFO : 06-30 01:38 : ksdkt/pre_dummy_epoch_size150.auto 	| 	Epoch 100	KSVectorLoss: 6.21243
INFO : 06-30 01:38 : ksdkt/pre_dummy_epoch_size150.auto 	| 	Epoch 100	W1: 0.0130836	W2: 0.00170261
INFO : 06-30 01:38 : ksdkt/pre_dummy_epoch_size150.auto 	| Best AUC 0.505691 at epoch 80
INFO : 06-30 01:38 : ksdkt/pre_dummy_epoch_size150.auto 	| At 01:38 14m 40s passed ( - 278m 58s til 13:59) (100epoch 5.0%)
INFO : 06-30 01:53 : ksdkt/pre_dummy_epoch_size150.auto 	| 	Epoch 200	Train Loss: 0.660253	AUC: 0.531895
INFO : 06-30 01:53 : ksdkt/pre_dummy_epoch_size150.auto 	| 	Epoch 200	Valid Loss: 0.662991	AUC: 0.506044
INFO : 06-30 01:53 : ksdkt/pre_dummy_epoch_size150.auto 	| 	Epoch 200	KSVectorLoss: 6.20964
INFO : 06-30 01:53 : ksdkt/pre_dummy_epoch_size150.auto 	| 	Epoch 200	W1: 0.0116904	W2: 0.00144534
INFO : 06-30 01:53 : ksdkt/pre_dummy_epoch_size150.auto 	| Best AUC 0.506044 refreshed and saved!
INFO : 06-30 01:53 : ksdkt/pre_dummy_epoch_size150.auto 	| At 01:53 29m 5s passed ( - 261m 45s til 20:26) (200epoch 10.0%)
INFO : 06-30 02:07 : ksdkt/pre_dummy_epoch_size150.auto 	| 	Epoch 300	Train Loss: 0.65968	AUC: 0.534507
INFO : 06-30 02:07 : ksdkt/pre_dummy_epoch_size150.auto 	| 	Epoch 300	Valid Loss: 0.662619	AUC: 0.506641
INFO : 06-30 02:07 : ksdkt/pre_dummy_epoch_size150.auto 	| 	Epoch 300	KSVectorLoss: 6.20846
INFO : 06-30 02:07 : ksdkt/pre_dummy_epoch_size150.auto 	| 	Epoch 300	W1: 0.0112677	W2: 0.00132587
INFO : 06-30 02:07 : ksdkt/pre_dummy_epoch_size150.auto 	| Best AUC 0.506641 refreshed and saved!
INFO : 06-30 02:07 : ksdkt/pre_dummy_epoch_size150.auto 	| At 02:07 43m 32s passed ( - 246m 43s til 03:16) (300epoch 15.0%)
INFO : 06-30 02:23 : ksdkt/pre_dummy_epoch_size150.auto 	| 	Epoch 400	Train Loss: 0.659192	AUC: 0.536836
INFO : 06-30 02:23 : ksdkt/pre_dummy_epoch_size150.auto 	| 	Epoch 400	Valid Loss: 0.662496	AUC: 0.507523
INFO : 06-30 02:23 : ksdkt/pre_dummy_epoch_size150.auto 	| 	Epoch 400	KSVectorLoss: 6.20771
INFO : 06-30 02:23 : ksdkt/pre_dummy_epoch_size150.auto 	| 	Epoch 400	W1: 0.0110999	W2: 0.00125294
INFO : 06-30 02:23 : ksdkt/pre_dummy_epoch_size150.auto 	| Best AUC 0.507523 refreshed and saved!
INFO : 06-30 02:23 : ksdkt/pre_dummy_epoch_size150.auto 	| At 02:23 59m 31s passed ( - 238m 6s til 15:04) (400epoch 20.0%)
INFO : 06-30 02:39 : ksdkt/pre_dummy_epoch_size150.auto 	| 	Epoch 500	Train Loss: 0.6589	AUC: 0.539114
INFO : 06-30 02:39 : ksdkt/pre_dummy_epoch_size150.auto 	| 	Epoch 500	Valid Loss: 0.662433	AUC: 0.509238
INFO : 06-30 02:39 : ksdkt/pre_dummy_epoch_size150.auto 	| 	Epoch 500	KSVectorLoss: 6.20328
INFO : 06-30 02:39 : ksdkt/pre_dummy_epoch_size150.auto 	| 	Epoch 500	W1: 0.0110722	W2: 0.0012021
INFO : 06-30 02:39 : ksdkt/pre_dummy_epoch_size150.auto 	| Best AUC 0.509238 refreshed and saved!
INFO : 06-30 02:39 : ksdkt/pre_dummy_epoch_size150.auto 	| At 02:39 75m 36s passed ( - 226m 50s til 11:26) (500epoch 25.0%)
INFO : 06-30 02:56 : ksdkt/pre_dummy_epoch_size150.auto 	| 	Epoch 600	Train Loss: 0.658433	AUC: 0.542837
INFO : 06-30 02:56 : ksdkt/pre_dummy_epoch_size150.auto 	| 	Epoch 600	Valid Loss: 0.662486	AUC: 0.510115
INFO : 06-30 02:56 : ksdkt/pre_dummy_epoch_size150.auto 	| 	Epoch 600	KSVectorLoss: 6.20298
INFO : 06-30 02:56 : ksdkt/pre_dummy_epoch_size150.auto 	| 	Epoch 600	W1: 0.0110859	W2: 0.00116251
INFO : 06-30 02:56 : ksdkt/pre_dummy_epoch_size150.auto 	| Best AUC 0.510115 refreshed and saved!
INFO : 06-30 02:56 : ksdkt/pre_dummy_epoch_size150.auto 	| At 02:56 92m 10s passed ( - 215m 3s til 01:25) (600epoch 30.0%)
INFO : 06-30 03:13 : ksdkt/pre_dummy_epoch_size150.auto 	| 	Epoch 700	Train Loss: 0.658015	AUC: 0.545888
INFO : 06-30 03:13 : ksdkt/pre_dummy_epoch_size150.auto 	| 	Epoch 700	Valid Loss: 0.662472	AUC: 0.511447
INFO : 06-30 03:13 : ksdkt/pre_dummy_epoch_size150.auto 	| 	Epoch 700	KSVectorLoss: 6.20281
INFO : 06-30 03:13 : ksdkt/pre_dummy_epoch_size150.auto 	| 	Epoch 700	W1: 0.0111032	W2: 0.00113028
INFO : 06-30 03:13 : ksdkt/pre_dummy_epoch_size150.auto 	| Best AUC 0.511447 refreshed and saved!
INFO : 06-30 03:13 : ksdkt/pre_dummy_epoch_size150.auto 	| At 03:13 109m 38s passed ( - 203m 36s til 22:50) (700epoch 35.0%)
INFO : 06-30 03:31 : ksdkt/pre_dummy_epoch_size150.auto 	| 	Epoch 800	Train Loss: 0.657715	AUC: 0.54841
INFO : 06-30 03:31 : ksdkt/pre_dummy_epoch_size150.auto 	| 	Epoch 800	Valid Loss: 0.662541	AUC: 0.512633
INFO : 06-30 03:31 : ksdkt/pre_dummy_epoch_size150.auto 	| 	Epoch 800	KSVectorLoss: 6.18919
INFO : 06-30 03:31 : ksdkt/pre_dummy_epoch_size150.auto 	| 	Epoch 800	W1: 0.0111734	W2: 0.00110422
INFO : 06-30 03:31 : ksdkt/pre_dummy_epoch_size150.auto 	| Best AUC 0.512633 refreshed and saved!
INFO : 06-30 03:31 : ksdkt/pre_dummy_epoch_size150.auto 	| At 03:31 127m 12s passed ( - 190m 48s til 11:18) (800epoch 40.0%)
INFO : 06-30 03:49 : ksdkt/pre_dummy_epoch_size150.auto 	| 	Epoch 900	Train Loss: 0.656922	AUC: 0.55384
INFO : 06-30 03:49 : ksdkt/pre_dummy_epoch_size150.auto 	| 	Epoch 900	Valid Loss: 0.662564	AUC: 0.514503
INFO : 06-30 03:49 : ksdkt/pre_dummy_epoch_size150.auto 	| 	Epoch 900	KSVectorLoss: 6.19246
INFO : 06-30 03:49 : ksdkt/pre_dummy_epoch_size150.auto 	| 	Epoch 900	W1: 0.0112597	W2: 0.00108454
INFO : 06-30 03:49 : ksdkt/pre_dummy_epoch_size150.auto 	| Best AUC 0.514503 refreshed and saved!
INFO : 06-30 03:49 : ksdkt/pre_dummy_epoch_size150.auto 	| At 03:49 145m 46s passed ( - 178m 10s til 06:12) (900epoch 45.0%)
INFO : 06-30 04:08 : ksdkt/pre_dummy_epoch_size150.auto 	| 	Epoch 1000	Train Loss: 0.65624	AUC: 0.557986
INFO : 06-30 04:08 : ksdkt/pre_dummy_epoch_size150.auto 	| 	Epoch 1000	Valid Loss: 0.66253	AUC: 0.516341
INFO : 06-30 04:08 : ksdkt/pre_dummy_epoch_size150.auto 	| 	Epoch 1000	KSVectorLoss: 6.18717
INFO : 06-30 04:08 : ksdkt/pre_dummy_epoch_size150.auto 	| 	Epoch 1000	W1: 0.0113092	W2: 0.00106631
INFO : 06-30 04:08 : ksdkt/pre_dummy_epoch_size150.auto 	| Best AUC 0.516341 refreshed and saved!
INFO : 06-30 04:08 : ksdkt/pre_dummy_epoch_size150.auto 	| At 04:08 164m 22s passed ( - 164m 22s til 14:10) (1000epoch 50.0%)
INFO : 06-30 04:27 : ksdkt/pre_dummy_epoch_size150.auto 	| 	Epoch 1100	Train Loss: 0.655676	AUC: 0.561619
INFO : 06-30 04:27 : ksdkt/pre_dummy_epoch_size150.auto 	| 	Epoch 1100	Valid Loss: 0.662511	AUC: 0.518315
INFO : 06-30 04:27 : ksdkt/pre_dummy_epoch_size150.auto 	| 	Epoch 1100	KSVectorLoss: 6.1824
INFO : 06-30 04:27 : ksdkt/pre_dummy_epoch_size150.auto 	| 	Epoch 1100	W1: 0.0114468	W2: 0.00104981
INFO : 06-30 04:27 : ksdkt/pre_dummy_epoch_size150.auto 	| Best AUC 0.518443 at epoch 1090
INFO : 06-30 04:27 : ksdkt/pre_dummy_epoch_size150.auto 	| At 04:27 182m 58s passed ( - 149m 42s til 21:13) (1100epoch 55.0%)
INFO : 06-30 04:46 : ksdkt/pre_dummy_epoch_size150.auto 	| 	Epoch 1200	Train Loss: 0.654999	AUC: 0.565021
INFO : 06-30 04:46 : ksdkt/pre_dummy_epoch_size150.auto 	| 	Epoch 1200	Valid Loss: 0.662545	AUC: 0.519755
INFO : 06-30 04:46 : ksdkt/pre_dummy_epoch_size150.auto 	| 	Epoch 1200	KSVectorLoss: 6.1778
INFO : 06-30 04:46 : ksdkt/pre_dummy_epoch_size150.auto 	| 	Epoch 1200	W1: 0.0115658	W2: 0.00103582
INFO : 06-30 04:46 : ksdkt/pre_dummy_epoch_size150.auto 	| Best AUC 0.519893 at epoch 1150
INFO : 06-30 04:46 : ksdkt/pre_dummy_epoch_size150.auto 	| At 04:46 202m 46s passed ( - 135m 11s til 06:46) (1200epoch 60.0%)
INFO : 06-30 05:06 : ksdkt/pre_dummy_epoch_size150.auto 	| 	Epoch 1300	Train Loss: 0.654388	AUC: 0.568264
INFO : 06-30 05:06 : ksdkt/pre_dummy_epoch_size150.auto 	| 	Epoch 1300	Valid Loss: 0.662516	AUC: 0.521411
INFO : 06-30 05:06 : ksdkt/pre_dummy_epoch_size150.auto 	| 	Epoch 1300	KSVectorLoss: 6.17408
INFO : 06-30 05:06 : ksdkt/pre_dummy_epoch_size150.auto 	| 	Epoch 1300	W1: 0.0116712	W2: 0.00102142
INFO : 06-30 05:06 : ksdkt/pre_dummy_epoch_size150.auto 	| Best AUC 0.52144 at epoch 1290
INFO : 06-30 05:06 : ksdkt/pre_dummy_epoch_size150.auto 	| At 05:06 222m 35s passed ( - 119m 51s til 16:20) (1300epoch 65.0%)
INFO : 06-30 05:26 : ksdkt/pre_dummy_epoch_size150.auto 	| 	Epoch 1400	Train Loss: 0.653787	AUC: 0.571781
INFO : 06-30 05:26 : ksdkt/pre_dummy_epoch_size150.auto 	| 	Epoch 1400	Valid Loss: 0.662552	AUC: 0.522739
INFO : 06-30 05:26 : ksdkt/pre_dummy_epoch_size150.auto 	| 	Epoch 1400	KSVectorLoss: 6.17031
INFO : 06-30 05:26 : ksdkt/pre_dummy_epoch_size150.auto 	| 	Epoch 1400	W1: 0.0117956	W2: 0.00101043
INFO : 06-30 05:26 : ksdkt/pre_dummy_epoch_size150.auto 	| Best AUC 0.522739 refreshed and saved!
INFO : 06-30 05:26 : ksdkt/pre_dummy_epoch_size150.auto 	| At 05:26 242m 24s passed ( - 103m 53s til 17:07) (1400epoch 70.0%)
INFO : 06-30 05:46 : ksdkt/pre_dummy_epoch_size150.auto 	| 	Epoch 1500	Train Loss: 0.653205	AUC: 0.574606
INFO : 06-30 05:46 : ksdkt/pre_dummy_epoch_size150.auto 	| 	Epoch 1500	Valid Loss: 0.662651	AUC: 0.523463
INFO : 06-30 05:46 : ksdkt/pre_dummy_epoch_size150.auto 	| 	Epoch 1500	KSVectorLoss: 6.16835
INFO : 06-30 05:46 : ksdkt/pre_dummy_epoch_size150.auto 	| 	Epoch 1500	W1: 0.0118906	W2: 0.00100219
INFO : 06-30 05:46 : ksdkt/pre_dummy_epoch_size150.auto 	| Best AUC 0.523838 at epoch 1480
INFO : 06-30 05:46 : ksdkt/pre_dummy_epoch_size150.auto 	| At 05:46 262m 3s passed ( - 87m 21s til 06:47) (1500epoch 75.0%)
INFO : 06-30 06:05 : ksdkt/pre_dummy_epoch_size150.auto 	| 	Epoch 1600	Train Loss: 0.652242	AUC: 0.579155
INFO : 06-30 06:05 : ksdkt/pre_dummy_epoch_size150.auto 	| 	Epoch 1600	Valid Loss: 0.662637	AUC: 0.524922
INFO : 06-30 06:05 : ksdkt/pre_dummy_epoch_size150.auto 	| 	Epoch 1600	KSVectorLoss: 6.16408
INFO : 06-30 06:05 : ksdkt/pre_dummy_epoch_size150.auto 	| 	Epoch 1600	W1: 0.0120856	W2: 0.000994176
INFO : 06-30 06:05 : ksdkt/pre_dummy_epoch_size150.auto 	| Best AUC 0.525194 at epoch 1590
INFO : 06-30 06:05 : ksdkt/pre_dummy_epoch_size150.auto 	| At 06:05 281m 50s passed ( - 70m 27s til 19:28) (1600epoch 80.0%)
INFO : 06-30 06:25 : ksdkt/pre_dummy_epoch_size150.auto 	| 	Epoch 1700	Train Loss: 0.651484	AUC: 0.582486
INFO : 06-30 06:25 : ksdkt/pre_dummy_epoch_size150.auto 	| 	Epoch 1700	Valid Loss: 0.662649	AUC: 0.526366
INFO : 06-30 06:25 : ksdkt/pre_dummy_epoch_size150.auto 	| 	Epoch 1700	KSVectorLoss: 6.16697
INFO : 06-30 06:25 : ksdkt/pre_dummy_epoch_size150.auto 	| 	Epoch 1700	W1: 0.012257	W2: 0.000990718
INFO : 06-30 06:25 : ksdkt/pre_dummy_epoch_size150.auto 	| Best AUC 0.526431 at epoch 1690
INFO : 06-30 06:25 : ksdkt/pre_dummy_epoch_size150.auto 	| At 06:25 301m 4s passed ( - 53m 7s til 01:45) (1700epoch 85.0%)
INFO : 06-30 06:42 : ksdkt/pre_dummy_epoch_size150.auto 	| 	Epoch 1800	Train Loss: 0.650709	AUC: 0.585596
INFO : 06-30 06:42 : ksdkt/pre_dummy_epoch_size150.auto 	| 	Epoch 1800	Valid Loss: 0.66272	AUC: 0.527759
INFO : 06-30 06:42 : ksdkt/pre_dummy_epoch_size150.auto 	| 	Epoch 1800	KSVectorLoss: 6.15595
INFO : 06-30 06:42 : ksdkt/pre_dummy_epoch_size150.auto 	| 	Epoch 1800	W1: 0.0124769	W2: 0.000989629
INFO : 06-30 06:42 : ksdkt/pre_dummy_epoch_size150.auto 	| Best AUC 0.52776 at epoch 1790
INFO : 06-30 06:42 : ksdkt/pre_dummy_epoch_size150.auto 	| At 06:42 318m 44s passed ( - 35m 24s til 04:13) (1800epoch 90.0%)
INFO : 06-30 07:01 : ksdkt/pre_dummy_epoch_size150.auto 	| 	Epoch 1900	Train Loss: 0.649894	AUC: 0.588883
INFO : 06-30 07:01 : ksdkt/pre_dummy_epoch_size150.auto 	| 	Epoch 1900	Valid Loss: 0.663114	AUC: 0.527283
INFO : 06-30 07:01 : ksdkt/pre_dummy_epoch_size150.auto 	| 	Epoch 1900	KSVectorLoss: 6.16385
INFO : 06-30 07:01 : ksdkt/pre_dummy_epoch_size150.auto 	| 	Epoch 1900	W1: 0.0126555	W2: 0.000989056
INFO : 06-30 07:01 : ksdkt/pre_dummy_epoch_size150.auto 	| Best AUC 0.527869 at epoch 1870
INFO : 06-30 07:01 : ksdkt/pre_dummy_epoch_size150.auto 	| At 07:01 337m 15s passed ( - 17m 45s til 07:42) (1900epoch 95.0%)
INFO : 06-30 07:18 : ksdkt/pre_dummy_epoch_size150.auto 	| 	Epoch 2000	Train Loss: 0.649235	AUC: 0.591668
INFO : 06-30 07:18 : ksdkt/pre_dummy_epoch_size150.auto 	| 	Epoch 2000	Valid Loss: 0.663164	AUC: 0.528659
INFO : 06-30 07:18 : ksdkt/pre_dummy_epoch_size150.auto 	| 	Epoch 2000	KSVectorLoss: 6.15628
INFO : 06-30 07:18 : ksdkt/pre_dummy_epoch_size150.auto 	| 	Epoch 2000	W1: 0.0128782	W2: 0.000990659
INFO : 06-30 07:18 : ksdkt/pre_dummy_epoch_size150.auto 	| Best AUC 0.528659 refreshed and saved!
INFO : 06-30 07:18 : ksdkt/pre_dummy_epoch_size150.auto 	| At 07:18 353m 57s passed ( - 0m 0s til 07:18) (2000epoch 100.0%)
INFO : 06-30 07:18 : ksdkt/pre_dummy_epoch_size150.auto 	| Loading model /code/output/20200622_English_v10_pretrain/pre_dummy_epoch_size150.auto/checkpoints/20200629-0217/f3_best.model
INFO : 06-30 07:18 : ksdkt/pre_dummy_epoch_size150.auto 	| test_dl.dataset size: 3440
INFO : 06-30 07:18 : ksdkt/pre_dummy_epoch_size150.auto 	| Starting test
INFO : 06-30 07:18 : ksdkt/pre_dummy_epoch_size150.auto 	| 	Test Loss: 0.660476	AUC: 0.582985
INFO : 06-30 07:18 : ksdkt/pre_dummy_epoch_size150.auto 	| 	Test KSV Loss: 6.17304
INFO : 06-30 07:18 : ksdkt/pre_dummy_epoch_size150.auto 	| 	W1: 0.0128042	W2: 0.000985998
INFO : 06-30 07:18 : ksdkt/pre_dummy_epoch_size150.auto 	| 	r1: 0.660484
INFO : 06-30 07:18 : ksdkt/pre_dummy_epoch_size150.auto 	| 	Test AUC(C): 0.581924
INFO : 06-30 07:30 : ksdkt/pre_dummy_epoch_size150.auto 	| RP soft 	 good:bad = 809:132
INFO : 06-30 07:30 : ksdkt/pre_dummy_epoch_size150.auto 	| RP hard 	 nDCG = 0.9271±0.0998
INFO : 06-30 07:30 : ksdkt/pre_dummy_epoch_size150.auto 	| The model has 693,813 trainable parameters
INFO : 06-30 07:30 : ksdkt/pre_dummy_epoch_size150.auto 	| train_dl.dataset size: 11008
INFO : 06-30 07:30 : ksdkt/pre_dummy_epoch_size150.auto 	| valid_dl.dataset size: 2752
INFO : 06-30 07:30 : ksdkt/pre_dummy_epoch_size150.auto 	| Start straightening pre-train
INFO : 06-30 11:27 : ksdkt/pre_dummy_epoch_size150.auto 	| Starting train
INFO : 06-30 11:45 : ksdkt/pre_dummy_epoch_size150.auto 	| 	Epoch 100	Train Loss: 0.659754	AUC: 0.528533
INFO : 06-30 11:45 : ksdkt/pre_dummy_epoch_size150.auto 	| 	Epoch 100	Valid Loss: 0.676139	AUC: 0.503016
INFO : 06-30 11:45 : ksdkt/pre_dummy_epoch_size150.auto 	| 	Epoch 100	KSVectorLoss: 6.25152
INFO : 06-30 11:45 : ksdkt/pre_dummy_epoch_size150.auto 	| 	Epoch 100	W1: 0.0138706	W2: 0.00187133
INFO : 06-30 11:45 : ksdkt/pre_dummy_epoch_size150.auto 	| Best AUC 0.503533 at epoch 40
INFO : 06-30 11:45 : ksdkt/pre_dummy_epoch_size150.auto 	| At 11:45 17m 38s passed ( - 335m 18s til 05:23) (100epoch 5.0%)
INFO : 06-30 12:03 : ksdkt/pre_dummy_epoch_size150.auto 	| 	Epoch 200	Train Loss: 0.657513	AUC: 0.531749
INFO : 06-30 12:03 : ksdkt/pre_dummy_epoch_size150.auto 	| 	Epoch 200	Valid Loss: 0.674148	AUC: 0.503169
INFO : 06-30 12:03 : ksdkt/pre_dummy_epoch_size150.auto 	| 	Epoch 200	KSVectorLoss: 6.25155
INFO : 06-30 12:03 : ksdkt/pre_dummy_epoch_size150.auto 	| 	Epoch 200	W1: 0.0124564	W2: 0.00160183
INFO : 06-30 12:03 : ksdkt/pre_dummy_epoch_size150.auto 	| Best AUC 0.503533 at epoch 40
INFO : 06-30 12:03 : ksdkt/pre_dummy_epoch_size150.auto 	| Early stopping.
INFO : 06-30 12:03 : ksdkt/pre_dummy_epoch_size150.auto 	| Loading model /code/output/20200622_English_v10_pretrain/pre_dummy_epoch_size150.auto/checkpoints/20200629-0217/f4_best.model
INFO : 06-30 12:03 : ksdkt/pre_dummy_epoch_size150.auto 	| test_dl.dataset size: 3440
INFO : 06-30 12:03 : ksdkt/pre_dummy_epoch_size150.auto 	| Starting test
INFO : 06-30 12:03 : ksdkt/pre_dummy_epoch_size150.auto 	| 	Test Loss: 0.68251	AUC: 0.521212
INFO : 06-30 12:03 : ksdkt/pre_dummy_epoch_size150.auto 	| 	Test KSV Loss: 6.24308
INFO : 06-30 12:03 : ksdkt/pre_dummy_epoch_size150.auto 	| 	W1: 0.0173895	W2: 0.00239541
INFO : 06-30 12:03 : ksdkt/pre_dummy_epoch_size150.auto 	| 	r1: 0.685665
INFO : 06-30 12:03 : ksdkt/pre_dummy_epoch_size150.auto 	| 	Test AUC(C): 0.498662
INFO : 06-30 12:17 : ksdkt/pre_dummy_epoch_size150.auto 	| RP soft 	 good:bad = 577:364
INFO : 06-30 12:17 : ksdkt/pre_dummy_epoch_size150.auto 	| RP hard 	 nDCG = 0.8418±0.1589
INFO : 06-30 12:17 : ksdkt/pre_dummy_epoch_size150.auto 	| fintrain_dl.dataset size: 13760
INFO : 06-30 12:17 : ksdkt/pre_dummy_epoch_size150.auto 	| fintest_dl.dataset size: 3440
INFO : 06-30 12:17 : ksdkt/pre_dummy_epoch_size150.auto 	| The model has 693,813 trainable parameters
INFO : 06-30 12:17 : ksdkt/pre_dummy_epoch_size150.auto 	| Start straightening pre-train
INFO : 06-30 16:33 : ksdkt/pre_dummy_epoch_size150.auto 	| Starting train
INFO : 06-30 16:55 : ksdkt/pre_dummy_epoch_size150.auto 	| 	Epoch 100	Train Loss: 0.661017	AUC: 0.525094
INFO : 06-30 16:55 : ksdkt/pre_dummy_epoch_size150.auto 	| At 16:55 21m 18s passed ( - 234m 21s til 13:12) (100epoch 8.3%)
INFO : 06-30 17:16 : ksdkt/pre_dummy_epoch_size150.auto 	| 	Epoch 200	Train Loss: 0.659863	AUC: 0.527431
INFO : 06-30 17:16 : ksdkt/pre_dummy_epoch_size150.auto 	| At 17:16 42m 33s passed ( - 212m 45s til 17:27) (200epoch 16.7%)
INFO : 06-30 17:39 : ksdkt/pre_dummy_epoch_size150.auto 	| 	Epoch 300	Train Loss: 0.659447	AUC: 0.528991
INFO : 06-30 17:39 : ksdkt/pre_dummy_epoch_size150.auto 	| At 17:39 65m 9s passed ( - 195m 28s til 16:24) (300epoch 25.0%)
INFO : 06-30 18:00 : ksdkt/pre_dummy_epoch_size150.auto 	| 	Epoch 400	Train Loss: 0.659259	AUC: 0.529797
INFO : 06-30 18:00 : ksdkt/pre_dummy_epoch_size150.auto 	| At 18:00 86m 3s passed ( - 172m 6s til 23:44) (400epoch 33.3%)
INFO : 06-30 18:21 : ksdkt/pre_dummy_epoch_size150.auto 	| 	Epoch 500	Train Loss: 0.659022	AUC: 0.531732
INFO : 06-30 18:21 : ksdkt/pre_dummy_epoch_size150.auto 	| At 18:21 107m 17s passed ( - 150m 12s til 18:48) (500epoch 41.7%)
INFO : 06-30 18:42 : ksdkt/pre_dummy_epoch_size150.auto 	| 	Epoch 600	Train Loss: 0.658936	AUC: 0.533115
INFO : 06-30 18:42 : ksdkt/pre_dummy_epoch_size150.auto 	| At 18:42 128m 48s passed ( - 128m 48s til 10:19) (600epoch 50.0%)
INFO : 06-30 19:05 : ksdkt/pre_dummy_epoch_size150.auto 	| 	Epoch 700	Train Loss: 0.658766	AUC: 0.534363
INFO : 06-30 19:05 : ksdkt/pre_dummy_epoch_size150.auto 	| At 19:05 151m 31s passed ( - 108m 14s til 22:39) (700epoch 58.3%)
INFO : 06-30 19:26 : ksdkt/pre_dummy_epoch_size150.auto 	| 	Epoch 800	Train Loss: 0.658458	AUC: 0.536361
INFO : 06-30 19:26 : ksdkt/pre_dummy_epoch_size150.auto 	| At 19:26 172m 57s passed ( - 86m 28s til 07:36) (800epoch 66.7%)
INFO : 06-30 19:49 : ksdkt/pre_dummy_epoch_size150.auto 	| 	Epoch 900	Train Loss: 0.65819	AUC: 0.538789
INFO : 06-30 19:49 : ksdkt/pre_dummy_epoch_size150.auto 	| At 19:49 195m 11s passed ( - 65m 3s til 14:34) (900epoch 75.0%)
INFO : 06-30 20:10 : ksdkt/pre_dummy_epoch_size150.auto 	| 	Epoch 1000	Train Loss: 0.657799	AUC: 0.542153
INFO : 06-30 20:10 : ksdkt/pre_dummy_epoch_size150.auto 	| At 20:10 217m 0s passed ( - 43m 24s til 22:17) (1000epoch 83.3%)
INFO : 06-30 20:31 : ksdkt/pre_dummy_epoch_size150.auto 	| 	Epoch 1100	Train Loss: 0.657532	AUC: 0.544545
INFO : 06-30 20:31 : ksdkt/pre_dummy_epoch_size150.auto 	| At 20:31 237m 37s passed ( - 21m 36s til 23:15) (1100epoch 91.7%)
INFO : 06-30 20:52 : ksdkt/pre_dummy_epoch_size150.auto 	| 	Epoch 1200	Train Loss: 0.657099	AUC: 0.547842
INFO : 06-30 20:52 : ksdkt/pre_dummy_epoch_size150.auto 	| At 20:52 258m 49s passed ( - 0m 0s til 20:52) (1200epoch 100.0%)
INFO : 06-30 20:52 : ksdkt/pre_dummy_epoch_size150.auto 	| Starting test
INFO : 06-30 20:52 : ksdkt/pre_dummy_epoch_size150.auto 	| 	Test Loss: 0.672315	AUC: 0.516473
INFO : 06-30 20:52 : ksdkt/pre_dummy_epoch_size150.auto 	| 	Test KSV Loss: 6.25369
INFO : 06-30 20:52 : ksdkt/pre_dummy_epoch_size150.auto 	| 	W1: 0.0118279	W2: 0.00120685
INFO : 06-30 20:52 : ksdkt/pre_dummy_epoch_size150.auto 	| 	r1: 0.666067
INFO : 06-30 20:52 : ksdkt/pre_dummy_epoch_size150.auto 	| 	Test AUC(C): 0.55448
INFO : 06-30 21:05 : ksdkt/pre_dummy_epoch_size150.auto 	| RP soft 	 good:bad = 705:236
INFO : 06-30 21:05 : ksdkt/pre_dummy_epoch_size150.auto 	| RP hard 	 nDCG = 0.8631±0.1381
