INFO : 06-22 13:05 : ksdkt/pre_dummy_epoch_size10.auto 	| PyTorch: 1.4.0
INFO : 06-22 13:05 : ksdkt/pre_dummy_epoch_size10.auto 	| Using Device: cuda
INFO : 06-22 13:05 : ksdkt/pre_dummy_epoch_size10.auto 	| The model has 525,926 trainable parameters
INFO : 06-22 13:05 : ksdkt/pre_dummy_epoch_size10.auto 	| train_dl.dataset size: 1024
INFO : 06-22 13:05 : ksdkt/pre_dummy_epoch_size10.auto 	| valid_dl.dataset size: 256
INFO : 06-22 13:05 : ksdkt/pre_dummy_epoch_size10.auto 	| Start straightening pre-train
INFO : 06-22 13:06 : ksdkt/pre_dummy_epoch_size10.auto 	| Starting train
INFO : 06-22 13:06 : ksdkt/pre_dummy_epoch_size10.auto 	| 	Epoch 100	Train Loss: 0.686958	AUC: 0.51035
INFO : 06-22 13:06 : ksdkt/pre_dummy_epoch_size10.auto 	| 	Epoch 100	Valid Loss: 0.684106	AUC: 0.515352
INFO : 06-22 13:06 : ksdkt/pre_dummy_epoch_size10.auto 	| 	Epoch 100	KSVectorLoss: 6.53139
INFO : 06-22 13:06 : ksdkt/pre_dummy_epoch_size10.auto 	| 	Epoch 100	W1: 0.00413688	W2: 3.06091e-05
INFO : 06-22 13:06 : ksdkt/pre_dummy_epoch_size10.auto 	| Best AUC 0.515352 refreshed and saved!
INFO : 06-22 13:06 : ksdkt/pre_dummy_epoch_size10.auto 	| At 13:06 0m 18s passed ( - 5m 48s til 04:30) (100epoch 5.0%)
INFO : 06-22 13:07 : ksdkt/pre_dummy_epoch_size10.auto 	| 	Epoch 200	Train Loss: 0.681879	AUC: 0.523907
INFO : 06-22 13:07 : ksdkt/pre_dummy_epoch_size10.auto 	| 	Epoch 200	Valid Loss: 0.677724	AUC: 0.522075
INFO : 06-22 13:07 : ksdkt/pre_dummy_epoch_size10.auto 	| 	Epoch 200	KSVectorLoss: 6.48608
INFO : 06-22 13:07 : ksdkt/pre_dummy_epoch_size10.auto 	| 	Epoch 200	W1: 0.00419084	W2: 3.13218e-05
INFO : 06-22 13:07 : ksdkt/pre_dummy_epoch_size10.auto 	| Best AUC 0.522075 refreshed and saved!
INFO : 06-22 13:07 : ksdkt/pre_dummy_epoch_size10.auto 	| At 13:07 0m 35s passed ( - 5m 23s til 04:24) (200epoch 10.0%)
INFO : 06-22 13:07 : ksdkt/pre_dummy_epoch_size10.auto 	| 	Epoch 300	Train Loss: 0.676921	AUC: 0.534184
INFO : 06-22 13:07 : ksdkt/pre_dummy_epoch_size10.auto 	| 	Epoch 300	Valid Loss: 0.671364	AUC: 0.526409
INFO : 06-22 13:07 : ksdkt/pre_dummy_epoch_size10.auto 	| 	Epoch 300	KSVectorLoss: 6.43539
INFO : 06-22 13:07 : ksdkt/pre_dummy_epoch_size10.auto 	| 	Epoch 300	W1: 0.00430532	W2: 3.29059e-05
INFO : 06-22 13:07 : ksdkt/pre_dummy_epoch_size10.auto 	| Best AUC 0.526409 refreshed and saved!
INFO : 06-22 13:07 : ksdkt/pre_dummy_epoch_size10.auto 	| At 13:07 0m 53s passed ( - 5m 3s til 12:47) (300epoch 15.0%)
INFO : 06-22 13:07 : ksdkt/pre_dummy_epoch_size10.auto 	| 	Epoch 400	Train Loss: 0.671929	AUC: 0.541006
INFO : 06-22 13:07 : ksdkt/pre_dummy_epoch_size10.auto 	| 	Epoch 400	Valid Loss: 0.664846	AUC: 0.526877
INFO : 06-22 13:07 : ksdkt/pre_dummy_epoch_size10.auto 	| 	Epoch 400	KSVectorLoss: 6.37565
INFO : 06-22 13:07 : ksdkt/pre_dummy_epoch_size10.auto 	| 	Epoch 400	W1: 0.00448119	W2: 3.54514e-05
INFO : 06-22 13:07 : ksdkt/pre_dummy_epoch_size10.auto 	| Best AUC 0.527283 at epoch 360
INFO : 06-22 13:07 : ksdkt/pre_dummy_epoch_size10.auto 	| At 13:07 1m 11s passed ( - 4m 45s til 21:14) (400epoch 20.0%)
INFO : 06-22 13:07 : ksdkt/pre_dummy_epoch_size10.auto 	| 	Epoch 500	Train Loss: 0.66723	AUC: 0.544743
INFO : 06-22 13:07 : ksdkt/pre_dummy_epoch_size10.auto 	| 	Epoch 500	Valid Loss: 0.658385	AUC: 0.525046
INFO : 06-22 13:07 : ksdkt/pre_dummy_epoch_size10.auto 	| 	Epoch 500	KSVectorLoss: 6.30513
INFO : 06-22 13:07 : ksdkt/pre_dummy_epoch_size10.auto 	| 	Epoch 500	W1: 0.00472221	W2: 3.92426e-05
INFO : 06-22 13:07 : ksdkt/pre_dummy_epoch_size10.auto 	| Best AUC 0.527283 at epoch 360
INFO : 06-22 13:07 : ksdkt/pre_dummy_epoch_size10.auto 	| At 13:07 1m 29s passed ( - 4m 28s til 01:26) (500epoch 25.0%)
INFO : 06-22 13:08 : ksdkt/pre_dummy_epoch_size10.auto 	| 	Epoch 600	Train Loss: 0.663294	AUC: 0.548305
INFO : 06-22 13:08 : ksdkt/pre_dummy_epoch_size10.auto 	| 	Epoch 600	Valid Loss: 0.652732	AUC: 0.522639
INFO : 06-22 13:08 : ksdkt/pre_dummy_epoch_size10.auto 	| 	Epoch 600	KSVectorLoss: 6.22861
INFO : 06-22 13:08 : ksdkt/pre_dummy_epoch_size10.auto 	| 	Epoch 600	W1: 0.00501604	W2: 4.45149e-05
INFO : 06-22 13:08 : ksdkt/pre_dummy_epoch_size10.auto 	| Best AUC 0.527283 at epoch 360
INFO : 06-22 13:08 : ksdkt/pre_dummy_epoch_size10.auto 	| Early stopping.
INFO : 06-22 13:08 : ksdkt/pre_dummy_epoch_size10.auto 	| Loading model /code/output/20200622_Psyence_v10_pretrain/pre_dummy_epoch_size10.auto/checkpoints/20200622-1305/f0_best.model
INFO : 06-22 13:08 : ksdkt/pre_dummy_epoch_size10.auto 	| test_dl.dataset size: 320
INFO : 06-22 13:08 : ksdkt/pre_dummy_epoch_size10.auto 	| Starting test
INFO : 06-22 13:08 : ksdkt/pre_dummy_epoch_size10.auto 	| 	Test Loss: 0.677471	AUC: 0.531568
INFO : 06-22 13:08 : ksdkt/pre_dummy_epoch_size10.auto 	| 	Test KSV Loss: 6.46883
INFO : 06-22 13:08 : ksdkt/pre_dummy_epoch_size10.auto 	| 	W1: 0.00441164	W2: 3.4432e-05
INFO : 06-22 13:08 : ksdkt/pre_dummy_epoch_size10.auto 	| 	r1: 0.678099
INFO : 06-22 13:08 : ksdkt/pre_dummy_epoch_size10.auto 	| 	Test AUC(C): 0.521753
INFO : 06-22 13:08 : ksdkt/pre_dummy_epoch_size10.auto 	| RP soft 	 good:bad = 178:0
INFO : 06-22 13:08 : ksdkt/pre_dummy_epoch_size10.auto 	| RP hard 	 nDCG = 0.9930±0.0360
INFO : 06-22 13:08 : ksdkt/pre_dummy_epoch_size10.auto 	| The model has 525,926 trainable parameters
INFO : 06-22 13:08 : ksdkt/pre_dummy_epoch_size10.auto 	| train_dl.dataset size: 1024
INFO : 06-22 13:08 : ksdkt/pre_dummy_epoch_size10.auto 	| valid_dl.dataset size: 256
INFO : 06-22 13:08 : ksdkt/pre_dummy_epoch_size10.auto 	| Start straightening pre-train
INFO : 06-22 13:09 : ksdkt/pre_dummy_epoch_size10.auto 	| Starting train
INFO : 06-22 13:09 : ksdkt/pre_dummy_epoch_size10.auto 	| 	Epoch 100	Train Loss: 0.686921	AUC: 0.520582
INFO : 06-22 13:09 : ksdkt/pre_dummy_epoch_size10.auto 	| 	Epoch 100	Valid Loss: 0.686537	AUC: 0.494154
INFO : 06-22 13:09 : ksdkt/pre_dummy_epoch_size10.auto 	| 	Epoch 100	KSVectorLoss: 6.53927
INFO : 06-22 13:09 : ksdkt/pre_dummy_epoch_size10.auto 	| 	Epoch 100	W1: 0.0043189	W2: 3.18455e-05
INFO : 06-22 13:09 : ksdkt/pre_dummy_epoch_size10.auto 	| Best AUC 0.494154 refreshed and saved!
INFO : 06-22 13:09 : ksdkt/pre_dummy_epoch_size10.auto 	| At 13:09 0m 18s passed ( - 5m 47s til 21:38) (100epoch 5.0%)
INFO : 06-22 13:09 : ksdkt/pre_dummy_epoch_size10.auto 	| 	Epoch 200	Train Loss: 0.681548	AUC: 0.53265
INFO : 06-22 13:09 : ksdkt/pre_dummy_epoch_size10.auto 	| 	Epoch 200	Valid Loss: 0.680285	AUC: 0.499774
INFO : 06-22 13:09 : ksdkt/pre_dummy_epoch_size10.auto 	| 	Epoch 200	KSVectorLoss: 6.49551
INFO : 06-22 13:09 : ksdkt/pre_dummy_epoch_size10.auto 	| 	Epoch 200	W1: 0.0043546	W2: 3.24783e-05
INFO : 06-22 13:09 : ksdkt/pre_dummy_epoch_size10.auto 	| Best AUC 0.499774 refreshed and saved!
INFO : 06-22 13:09 : ksdkt/pre_dummy_epoch_size10.auto 	| At 13:09 0m 36s passed ( - 5m 29s til 06:58) (200epoch 10.0%)
INFO : 06-22 13:10 : ksdkt/pre_dummy_epoch_size10.auto 	| 	Epoch 300	Train Loss: 0.676136	AUC: 0.541409
INFO : 06-22 13:10 : ksdkt/pre_dummy_epoch_size10.auto 	| 	Epoch 300	Valid Loss: 0.674053	AUC: 0.504123
INFO : 06-22 13:10 : ksdkt/pre_dummy_epoch_size10.auto 	| 	Epoch 300	KSVectorLoss: 6.44602
INFO : 06-22 13:10 : ksdkt/pre_dummy_epoch_size10.auto 	| 	Epoch 300	W1: 0.00445189	W2: 3.39782e-05
INFO : 06-22 13:10 : ksdkt/pre_dummy_epoch_size10.auto 	| Best AUC 0.504123 refreshed and saved!
INFO : 06-22 13:10 : ksdkt/pre_dummy_epoch_size10.auto 	| At 13:10 0m 54s passed ( - 5m 7s til 05:50) (300epoch 15.0%)
INFO : 06-22 13:10 : ksdkt/pre_dummy_epoch_size10.auto 	| 	Epoch 400	Train Loss: 0.670885	AUC: 0.543543
INFO : 06-22 13:10 : ksdkt/pre_dummy_epoch_size10.auto 	| 	Epoch 400	Valid Loss: 0.667598	AUC: 0.506834
INFO : 06-22 13:10 : ksdkt/pre_dummy_epoch_size10.auto 	| 	Epoch 400	KSVectorLoss: 6.38605
INFO : 06-22 13:10 : ksdkt/pre_dummy_epoch_size10.auto 	| 	Epoch 400	W1: 0.00461431	W2: 3.65143e-05
INFO : 06-22 13:10 : ksdkt/pre_dummy_epoch_size10.auto 	| Best AUC 0.506834 refreshed and saved!
INFO : 06-22 13:10 : ksdkt/pre_dummy_epoch_size10.auto 	| At 13:10 1m 11s passed ( - 4m 47s til 22:44) (400epoch 20.0%)
INFO : 06-22 13:10 : ksdkt/pre_dummy_epoch_size10.auto 	| 	Epoch 500	Train Loss: 0.665677	AUC: 0.546499
INFO : 06-22 13:10 : ksdkt/pre_dummy_epoch_size10.auto 	| 	Epoch 500	Valid Loss: 0.661194	AUC: 0.507651
INFO : 06-22 13:10 : ksdkt/pre_dummy_epoch_size10.auto 	| 	Epoch 500	KSVectorLoss: 6.31294
INFO : 06-22 13:10 : ksdkt/pre_dummy_epoch_size10.auto 	| 	Epoch 500	W1: 0.00485052	W2: 4.06363e-05
INFO : 06-22 13:10 : ksdkt/pre_dummy_epoch_size10.auto 	| Best AUC 0.507651 refreshed and saved!
INFO : 06-22 13:10 : ksdkt/pre_dummy_epoch_size10.auto 	| At 13:10 1m 29s passed ( - 4m 28s til 11:09) (500epoch 25.0%)
INFO : 06-22 13:10 : ksdkt/pre_dummy_epoch_size10.auto 	| 	Epoch 600	Train Loss: 0.661723	AUC: 0.546973
INFO : 06-22 13:10 : ksdkt/pre_dummy_epoch_size10.auto 	| 	Epoch 600	Valid Loss: 0.655891	AUC: 0.506847
INFO : 06-22 13:10 : ksdkt/pre_dummy_epoch_size10.auto 	| 	Epoch 600	KSVectorLoss: 6.23374
INFO : 06-22 13:10 : ksdkt/pre_dummy_epoch_size10.auto 	| 	Epoch 600	W1: 0.00515255	W2: 4.68063e-05
INFO : 06-22 13:10 : ksdkt/pre_dummy_epoch_size10.auto 	| Best AUC 0.507651 at epoch 500
INFO : 06-22 13:10 : ksdkt/pre_dummy_epoch_size10.auto 	| At 13:10 1m 47s passed ( - 4m 10s til 09:20) (600epoch 30.0%)
INFO : 06-22 13:11 : ksdkt/pre_dummy_epoch_size10.auto 	| 	Epoch 700	Train Loss: 0.659215	AUC: 0.549688
INFO : 06-22 13:11 : ksdkt/pre_dummy_epoch_size10.auto 	| 	Epoch 700	Valid Loss: 0.652587	AUC: 0.50644
INFO : 06-22 13:11 : ksdkt/pre_dummy_epoch_size10.auto 	| 	Epoch 700	KSVectorLoss: 6.16577
INFO : 06-22 13:11 : ksdkt/pre_dummy_epoch_size10.auto 	| 	Epoch 700	W1: 0.00545902	W2: 5.39211e-05
INFO : 06-22 13:11 : ksdkt/pre_dummy_epoch_size10.auto 	| Best AUC 0.507651 at epoch 500
INFO : 06-22 13:11 : ksdkt/pre_dummy_epoch_size10.auto 	| Early stopping.
INFO : 06-22 13:11 : ksdkt/pre_dummy_epoch_size10.auto 	| Loading model /code/output/20200622_Psyence_v10_pretrain/pre_dummy_epoch_size10.auto/checkpoints/20200622-1305/f1_best.model
INFO : 06-22 13:11 : ksdkt/pre_dummy_epoch_size10.auto 	| test_dl.dataset size: 320
INFO : 06-22 13:11 : ksdkt/pre_dummy_epoch_size10.auto 	| Starting test
INFO : 06-22 13:11 : ksdkt/pre_dummy_epoch_size10.auto 	| 	Test Loss: 0.673434	AUC: 0.525318
INFO : 06-22 13:11 : ksdkt/pre_dummy_epoch_size10.auto 	| 	Test KSV Loss: 6.3906
INFO : 06-22 13:11 : ksdkt/pre_dummy_epoch_size10.auto 	| 	W1: 0.00485352	W2: 4.07952e-05
INFO : 06-22 13:11 : ksdkt/pre_dummy_epoch_size10.auto 	| 	r1: 0.67426
INFO : 06-22 13:11 : ksdkt/pre_dummy_epoch_size10.auto 	| 	Test AUC(C): 0.515986
INFO : 06-22 13:11 : ksdkt/pre_dummy_epoch_size10.auto 	| RP soft 	 good:bad = 177:1
INFO : 06-22 13:11 : ksdkt/pre_dummy_epoch_size10.auto 	| RP hard 	 nDCG = 0.9900±0.0418
INFO : 06-22 13:11 : ksdkt/pre_dummy_epoch_size10.auto 	| The model has 525,926 trainable parameters
INFO : 06-22 13:11 : ksdkt/pre_dummy_epoch_size10.auto 	| train_dl.dataset size: 1024
INFO : 06-22 13:11 : ksdkt/pre_dummy_epoch_size10.auto 	| valid_dl.dataset size: 256
INFO : 06-22 13:11 : ksdkt/pre_dummy_epoch_size10.auto 	| Start straightening pre-train
INFO : 06-22 13:12 : ksdkt/pre_dummy_epoch_size10.auto 	| Starting train
INFO : 06-22 13:12 : ksdkt/pre_dummy_epoch_size10.auto 	| 	Epoch 100	Train Loss: 0.687044	AUC: 0.514035
INFO : 06-22 13:12 : ksdkt/pre_dummy_epoch_size10.auto 	| 	Epoch 100	Valid Loss: 0.685554	AUC: 0.51405
INFO : 06-22 13:12 : ksdkt/pre_dummy_epoch_size10.auto 	| 	Epoch 100	KSVectorLoss: 6.54321
INFO : 06-22 13:12 : ksdkt/pre_dummy_epoch_size10.auto 	| 	Epoch 100	W1: 0.0044883	W2: 3.50615e-05
INFO : 06-22 13:12 : ksdkt/pre_dummy_epoch_size10.auto 	| Best AUC 0.51405 refreshed and saved!
INFO : 06-22 13:12 : ksdkt/pre_dummy_epoch_size10.auto 	| At 13:12 0m 17s passed ( - 5m 40s til 10:27) (100epoch 5.0%)
INFO : 06-22 13:12 : ksdkt/pre_dummy_epoch_size10.auto 	| 	Epoch 200	Train Loss: 0.681014	AUC: 0.526766
INFO : 06-22 13:12 : ksdkt/pre_dummy_epoch_size10.auto 	| 	Epoch 200	Valid Loss: 0.678591	AUC: 0.517576
INFO : 06-22 13:12 : ksdkt/pre_dummy_epoch_size10.auto 	| 	Epoch 200	KSVectorLoss: 6.49472
INFO : 06-22 13:12 : ksdkt/pre_dummy_epoch_size10.auto 	| 	Epoch 200	W1: 0.00452722	W2: 3.5654e-05
INFO : 06-22 13:12 : ksdkt/pre_dummy_epoch_size10.auto 	| Best AUC 0.517576 refreshed and saved!
INFO : 06-22 13:12 : ksdkt/pre_dummy_epoch_size10.auto 	| At 13:12 0m 36s passed ( - 5m 30s til 19:39) (200epoch 10.0%)
INFO : 06-22 13:13 : ksdkt/pre_dummy_epoch_size10.auto 	| 	Epoch 300	Train Loss: 0.674701	AUC: 0.536143
INFO : 06-22 13:13 : ksdkt/pre_dummy_epoch_size10.auto 	| 	Epoch 300	Valid Loss: 0.671233	AUC: 0.519082
INFO : 06-22 13:13 : ksdkt/pre_dummy_epoch_size10.auto 	| 	Epoch 300	KSVectorLoss: 6.43433
INFO : 06-22 13:13 : ksdkt/pre_dummy_epoch_size10.auto 	| 	Epoch 300	W1: 0.00465098	W2: 3.75983e-05
INFO : 06-22 13:13 : ksdkt/pre_dummy_epoch_size10.auto 	| Best AUC 0.519082 refreshed and saved!
INFO : 06-22 13:13 : ksdkt/pre_dummy_epoch_size10.auto 	| At 13:13 0m 54s passed ( - 5m 8s til 06:02) (300epoch 15.0%)
INFO : 06-22 13:13 : ksdkt/pre_dummy_epoch_size10.auto 	| 	Epoch 400	Train Loss: 0.668288	AUC: 0.540339
INFO : 06-22 13:13 : ksdkt/pre_dummy_epoch_size10.auto 	| 	Epoch 400	Valid Loss: 0.663585	AUC: 0.5186
INFO : 06-22 13:13 : ksdkt/pre_dummy_epoch_size10.auto 	| 	Epoch 400	KSVectorLoss: 6.35658
INFO : 06-22 13:13 : ksdkt/pre_dummy_epoch_size10.auto 	| 	Epoch 400	W1: 0.00487075	W2: 4.15828e-05
INFO : 06-22 13:13 : ksdkt/pre_dummy_epoch_size10.auto 	| Best AUC 0.519263 at epoch 350
INFO : 06-22 13:13 : ksdkt/pre_dummy_epoch_size10.auto 	| At 13:13 1m 12s passed ( - 4m 48s til 12:27) (400epoch 20.0%)
INFO : 06-22 13:13 : ksdkt/pre_dummy_epoch_size10.auto 	| 	Epoch 500	Train Loss: 0.663123	AUC: 0.542298
INFO : 06-22 13:13 : ksdkt/pre_dummy_epoch_size10.auto 	| 	Epoch 500	Valid Loss: 0.657075	AUC: 0.516964
INFO : 06-22 13:13 : ksdkt/pre_dummy_epoch_size10.auto 	| 	Epoch 500	KSVectorLoss: 6.26867
INFO : 06-22 13:13 : ksdkt/pre_dummy_epoch_size10.auto 	| 	Epoch 500	W1: 0.00518353	W2: 4.83511e-05
INFO : 06-22 13:13 : ksdkt/pre_dummy_epoch_size10.auto 	| Best AUC 0.519263 at epoch 350
INFO : 06-22 13:13 : ksdkt/pre_dummy_epoch_size10.auto 	| At 13:13 1m 29s passed ( - 4m 29s til 00:07) (500epoch 25.0%)
INFO : 06-22 13:13 : ksdkt/pre_dummy_epoch_size10.auto 	| 	Epoch 600	Train Loss: 0.660209	AUC: 0.5444
INFO : 06-22 13:13 : ksdkt/pre_dummy_epoch_size10.auto 	| 	Epoch 600	Valid Loss: 0.653126	AUC: 0.514514
INFO : 06-22 13:13 : ksdkt/pre_dummy_epoch_size10.auto 	| 	Epoch 600	KSVectorLoss: 6.1937
INFO : 06-22 13:13 : ksdkt/pre_dummy_epoch_size10.auto 	| 	Epoch 600	W1: 0.00551461	W2: 5.63297e-05
INFO : 06-22 13:13 : ksdkt/pre_dummy_epoch_size10.auto 	| Best AUC 0.519263 at epoch 350
INFO : 06-22 13:13 : ksdkt/pre_dummy_epoch_size10.auto 	| Early stopping.
INFO : 06-22 13:13 : ksdkt/pre_dummy_epoch_size10.auto 	| Loading model /code/output/20200622_Psyence_v10_pretrain/pre_dummy_epoch_size10.auto/checkpoints/20200622-1305/f2_best.model
INFO : 06-22 13:13 : ksdkt/pre_dummy_epoch_size10.auto 	| test_dl.dataset size: 320
INFO : 06-22 13:13 : ksdkt/pre_dummy_epoch_size10.auto 	| Starting test
INFO : 06-22 13:13 : ksdkt/pre_dummy_epoch_size10.auto 	| 	Test Loss: 0.676578	AUC: 0.522024
INFO : 06-22 13:13 : ksdkt/pre_dummy_epoch_size10.auto 	| 	Test KSV Loss: 6.45023
INFO : 06-22 13:13 : ksdkt/pre_dummy_epoch_size10.auto 	| 	W1: 0.00471534	W2: 3.87922e-05
INFO : 06-22 13:13 : ksdkt/pre_dummy_epoch_size10.auto 	| 	r1: 0.6767
INFO : 06-22 13:13 : ksdkt/pre_dummy_epoch_size10.auto 	| 	Test AUC(C): 0.520657
INFO : 06-22 13:14 : ksdkt/pre_dummy_epoch_size10.auto 	| RP soft 	 good:bad = 178:0
INFO : 06-22 13:14 : ksdkt/pre_dummy_epoch_size10.auto 	| RP hard 	 nDCG = 0.9968±0.0191
INFO : 06-22 13:14 : ksdkt/pre_dummy_epoch_size10.auto 	| The model has 525,926 trainable parameters
INFO : 06-22 13:14 : ksdkt/pre_dummy_epoch_size10.auto 	| train_dl.dataset size: 1024
INFO : 06-22 13:14 : ksdkt/pre_dummy_epoch_size10.auto 	| valid_dl.dataset size: 256
INFO : 06-22 13:14 : ksdkt/pre_dummy_epoch_size10.auto 	| Start straightening pre-train
INFO : 06-22 13:14 : ksdkt/pre_dummy_epoch_size10.auto 	| Starting train
INFO : 06-22 13:15 : ksdkt/pre_dummy_epoch_size10.auto 	| 	Epoch 100	Train Loss: 0.68685	AUC: 0.509082
INFO : 06-22 13:15 : ksdkt/pre_dummy_epoch_size10.auto 	| 	Epoch 100	Valid Loss: 0.687931	AUC: 0.488117
INFO : 06-22 13:15 : ksdkt/pre_dummy_epoch_size10.auto 	| 	Epoch 100	KSVectorLoss: 6.55979
INFO : 06-22 13:15 : ksdkt/pre_dummy_epoch_size10.auto 	| 	Epoch 100	W1: 0.00371992	W2: 2.43616e-05
INFO : 06-22 13:15 : ksdkt/pre_dummy_epoch_size10.auto 	| Best AUC 0.488117 refreshed and saved!
INFO : 06-22 13:15 : ksdkt/pre_dummy_epoch_size10.auto 	| At 13:15 0m 18s passed ( - 5m 42s til 02:27) (100epoch 5.0%)
INFO : 06-22 13:15 : ksdkt/pre_dummy_epoch_size10.auto 	| 	Epoch 200	Train Loss: 0.680359	AUC: 0.52487
INFO : 06-22 13:15 : ksdkt/pre_dummy_epoch_size10.auto 	| 	Epoch 200	Valid Loss: 0.682422	AUC: 0.491323
INFO : 06-22 13:15 : ksdkt/pre_dummy_epoch_size10.auto 	| 	Epoch 200	KSVectorLoss: 6.51898
INFO : 06-22 13:15 : ksdkt/pre_dummy_epoch_size10.auto 	| 	Epoch 200	W1: 0.00376665	W2: 2.49639e-05
INFO : 06-22 13:15 : ksdkt/pre_dummy_epoch_size10.auto 	| Best AUC 0.491323 refreshed and saved!
INFO : 06-22 13:15 : ksdkt/pre_dummy_epoch_size10.auto 	| At 13:15 0m 36s passed ( - 5m 28s til 22:59) (200epoch 10.0%)
INFO : 06-22 13:15 : ksdkt/pre_dummy_epoch_size10.auto 	| 	Epoch 300	Train Loss: 0.673601	AUC: 0.533144
INFO : 06-22 13:15 : ksdkt/pre_dummy_epoch_size10.auto 	| 	Epoch 300	Valid Loss: 0.676817	AUC: 0.493637
INFO : 06-22 13:15 : ksdkt/pre_dummy_epoch_size10.auto 	| 	Epoch 300	KSVectorLoss: 6.4681
INFO : 06-22 13:15 : ksdkt/pre_dummy_epoch_size10.auto 	| 	Epoch 300	W1: 0.00389726	W2: 2.6841e-05
INFO : 06-22 13:15 : ksdkt/pre_dummy_epoch_size10.auto 	| Best AUC 0.493637 refreshed and saved!
INFO : 06-22 13:15 : ksdkt/pre_dummy_epoch_size10.auto 	| At 13:15 0m 54s passed ( - 5m 7s til 22:20) (300epoch 15.0%)
INFO : 06-22 13:16 : ksdkt/pre_dummy_epoch_size10.auto 	| 	Epoch 400	Train Loss: 0.666661	AUC: 0.536705
INFO : 06-22 13:16 : ksdkt/pre_dummy_epoch_size10.auto 	| 	Epoch 400	Valid Loss: 0.671259	AUC: 0.495707
INFO : 06-22 13:16 : ksdkt/pre_dummy_epoch_size10.auto 	| 	Epoch 400	KSVectorLoss: 6.40063
INFO : 06-22 13:16 : ksdkt/pre_dummy_epoch_size10.auto 	| 	Epoch 400	W1: 0.00415209	W2: 3.11371e-05
INFO : 06-22 13:16 : ksdkt/pre_dummy_epoch_size10.auto 	| Best AUC 0.495707 refreshed and saved!
INFO : 06-22 13:16 : ksdkt/pre_dummy_epoch_size10.auto 	| At 13:16 1m 11s passed ( - 4m 47s til 02:13) (400epoch 20.0%)
INFO : 06-22 13:16 : ksdkt/pre_dummy_epoch_size10.auto 	| 	Epoch 500	Train Loss: 0.660546	AUC: 0.541116
INFO : 06-22 13:16 : ksdkt/pre_dummy_epoch_size10.auto 	| 	Epoch 500	Valid Loss: 0.666959	AUC: 0.496563
INFO : 06-22 13:16 : ksdkt/pre_dummy_epoch_size10.auto 	| 	Epoch 500	KSVectorLoss: 6.31954
INFO : 06-22 13:16 : ksdkt/pre_dummy_epoch_size10.auto 	| 	Epoch 500	W1: 0.00454701	W2: 3.92699e-05
INFO : 06-22 13:16 : ksdkt/pre_dummy_epoch_size10.auto 	| Best AUC 0.496563 refreshed and saved!
INFO : 06-22 13:16 : ksdkt/pre_dummy_epoch_size10.auto 	| At 13:16 1m 29s passed ( - 4m 28s til 06:24) (500epoch 25.0%)
INFO : 06-22 13:16 : ksdkt/pre_dummy_epoch_size10.auto 	| 	Epoch 600	Train Loss: 0.656908	AUC: 0.544944
INFO : 06-22 13:16 : ksdkt/pre_dummy_epoch_size10.auto 	| 	Epoch 600	Valid Loss: 0.664927	AUC: 0.497209
INFO : 06-22 13:16 : ksdkt/pre_dummy_epoch_size10.auto 	| 	Epoch 600	KSVectorLoss: 6.24597
INFO : 06-22 13:16 : ksdkt/pre_dummy_epoch_size10.auto 	| 	Epoch 600	W1: 0.00497736	W2: 4.95706e-05
INFO : 06-22 13:16 : ksdkt/pre_dummy_epoch_size10.auto 	| Best AUC 0.497209 refreshed and saved!
INFO : 06-22 13:16 : ksdkt/pre_dummy_epoch_size10.auto 	| At 13:16 1m 47s passed ( - 4m 10s til 23:44) (600epoch 30.0%)
INFO : 06-22 13:16 : ksdkt/pre_dummy_epoch_size10.auto 	| 	Epoch 700	Train Loss: 0.6553	AUC: 0.547475
INFO : 06-22 13:16 : ksdkt/pre_dummy_epoch_size10.auto 	| 	Epoch 700	Valid Loss: 0.664333	AUC: 0.497285
INFO : 06-22 13:16 : ksdkt/pre_dummy_epoch_size10.auto 	| 	Epoch 700	KSVectorLoss: 6.19663
INFO : 06-22 13:16 : ksdkt/pre_dummy_epoch_size10.auto 	| 	Epoch 700	W1: 0.00529947	W2: 5.78689e-05
INFO : 06-22 13:16 : ksdkt/pre_dummy_epoch_size10.auto 	| Best AUC 0.497298 at epoch 610
INFO : 06-22 13:16 : ksdkt/pre_dummy_epoch_size10.auto 	| At 13:16 2m 5s passed ( - 3m 52s til 04:26) (700epoch 35.0%)
INFO : 06-22 13:17 : ksdkt/pre_dummy_epoch_size10.auto 	| 	Epoch 800	Train Loss: 0.65445	AUC: 0.550871
INFO : 06-22 13:17 : ksdkt/pre_dummy_epoch_size10.auto 	| 	Epoch 800	Valid Loss: 0.664142	AUC: 0.497667
INFO : 06-22 13:17 : ksdkt/pre_dummy_epoch_size10.auto 	| 	Epoch 800	KSVectorLoss: 6.16808
INFO : 06-22 13:17 : ksdkt/pre_dummy_epoch_size10.auto 	| 	Epoch 800	W1: 0.00549911	W2: 6.30977e-05
INFO : 06-22 13:17 : ksdkt/pre_dummy_epoch_size10.auto 	| Best AUC 0.497667 refreshed and saved!
INFO : 06-22 13:17 : ksdkt/pre_dummy_epoch_size10.auto 	| At 13:17 2m 23s passed ( - 3m 35s til 14:14) (800epoch 40.0%)
INFO : 06-22 13:17 : ksdkt/pre_dummy_epoch_size10.auto 	| 	Epoch 900	Train Loss: 0.653919	AUC: 0.55337
INFO : 06-22 13:17 : ksdkt/pre_dummy_epoch_size10.auto 	| 	Epoch 900	Valid Loss: 0.664022	AUC: 0.497566
INFO : 06-22 13:17 : ksdkt/pre_dummy_epoch_size10.auto 	| 	Epoch 900	KSVectorLoss: 6.15134
INFO : 06-22 13:17 : ksdkt/pre_dummy_epoch_size10.auto 	| 	Epoch 900	W1: 0.00562915	W2: 6.64153e-05
INFO : 06-22 13:17 : ksdkt/pre_dummy_epoch_size10.auto 	| Best AUC 0.497675 at epoch 820
INFO : 06-22 13:17 : ksdkt/pre_dummy_epoch_size10.auto 	| At 13:17 2m 40s passed ( - 3m 16s til 07:13) (900epoch 45.0%)
INFO : 06-22 13:17 : ksdkt/pre_dummy_epoch_size10.auto 	| 	Epoch 1000	Train Loss: 0.653572	AUC: 0.555337
INFO : 06-22 13:17 : ksdkt/pre_dummy_epoch_size10.auto 	| 	Epoch 1000	Valid Loss: 0.663914	AUC: 0.497739
INFO : 06-22 13:17 : ksdkt/pre_dummy_epoch_size10.auto 	| 	Epoch 1000	KSVectorLoss: 6.14054
INFO : 06-22 13:17 : ksdkt/pre_dummy_epoch_size10.auto 	| 	Epoch 1000	W1: 0.0057292	W2: 6.88395e-05
INFO : 06-22 13:17 : ksdkt/pre_dummy_epoch_size10.auto 	| Best AUC 0.497739 refreshed and saved!
INFO : 06-22 13:17 : ksdkt/pre_dummy_epoch_size10.auto 	| At 13:17 2m 58s passed ( - 2m 58s til 02:59) (1000epoch 50.0%)
INFO : 06-22 13:18 : ksdkt/pre_dummy_epoch_size10.auto 	| 	Epoch 1100	Train Loss: 0.653226	AUC: 0.557385
INFO : 06-22 13:18 : ksdkt/pre_dummy_epoch_size10.auto 	| 	Epoch 1100	Valid Loss: 0.663819	AUC: 0.497789
INFO : 06-22 13:18 : ksdkt/pre_dummy_epoch_size10.auto 	| 	Epoch 1100	KSVectorLoss: 6.13295
INFO : 06-22 13:18 : ksdkt/pre_dummy_epoch_size10.auto 	| 	Epoch 1100	W1: 0.00581855	W2: 7.08745e-05
INFO : 06-22 13:18 : ksdkt/pre_dummy_epoch_size10.auto 	| Best AUC 0.497789 refreshed and saved!
INFO : 06-22 13:18 : ksdkt/pre_dummy_epoch_size10.auto 	| At 13:18 3m 16s passed ( - 2m 40s til 23:01) (1100epoch 55.0%)
INFO : 06-22 13:18 : ksdkt/pre_dummy_epoch_size10.auto 	| 	Epoch 1200	Train Loss: 0.653054	AUC: 0.558507
INFO : 06-22 13:18 : ksdkt/pre_dummy_epoch_size10.auto 	| 	Epoch 1200	Valid Loss: 0.663733	AUC: 0.498103
INFO : 06-22 13:18 : ksdkt/pre_dummy_epoch_size10.auto 	| 	Epoch 1200	KSVectorLoss: 6.12725
INFO : 06-22 13:18 : ksdkt/pre_dummy_epoch_size10.auto 	| 	Epoch 1200	W1: 0.00590755	W2: 7.27748e-05
INFO : 06-22 13:18 : ksdkt/pre_dummy_epoch_size10.auto 	| Best AUC 0.498103 refreshed and saved!
INFO : 06-22 13:18 : ksdkt/pre_dummy_epoch_size10.auto 	| At 13:18 3m 34s passed ( - 2m 22s til 08:08) (1200epoch 60.0%)
INFO : 06-22 13:18 : ksdkt/pre_dummy_epoch_size10.auto 	| 	Epoch 1300	Train Loss: 0.652685	AUC: 0.560832
INFO : 06-22 13:18 : ksdkt/pre_dummy_epoch_size10.auto 	| 	Epoch 1300	Valid Loss: 0.663654	AUC: 0.498523
INFO : 06-22 13:18 : ksdkt/pre_dummy_epoch_size10.auto 	| 	Epoch 1300	KSVectorLoss: 6.12277
INFO : 06-22 13:18 : ksdkt/pre_dummy_epoch_size10.auto 	| 	Epoch 1300	W1: 0.006	W2: 7.46547e-05
INFO : 06-22 13:18 : ksdkt/pre_dummy_epoch_size10.auto 	| Best AUC 0.498523 refreshed and saved!
INFO : 06-22 13:18 : ksdkt/pre_dummy_epoch_size10.auto 	| At 13:18 3m 52s passed ( - 2m 5s til 23:12) (1300epoch 65.0%)
INFO : 06-22 13:19 : ksdkt/pre_dummy_epoch_size10.auto 	| 	Epoch 1400	Train Loss: 0.652491	AUC: 0.562218
INFO : 06-22 13:19 : ksdkt/pre_dummy_epoch_size10.auto 	| 	Epoch 1400	Valid Loss: 0.663582	AUC: 0.498868
INFO : 06-22 13:19 : ksdkt/pre_dummy_epoch_size10.auto 	| 	Epoch 1400	KSVectorLoss: 6.11915
INFO : 06-22 13:19 : ksdkt/pre_dummy_epoch_size10.auto 	| 	Epoch 1400	W1: 0.00609968	W2: 7.66047e-05
INFO : 06-22 13:19 : ksdkt/pre_dummy_epoch_size10.auto 	| Best AUC 0.498868 refreshed and saved!
INFO : 06-22 13:19 : ksdkt/pre_dummy_epoch_size10.auto 	| At 13:19 4m 10s passed ( - 1m 47s til 21:04) (1400epoch 70.0%)
INFO : 06-22 13:19 : ksdkt/pre_dummy_epoch_size10.auto 	| 	Epoch 1500	Train Loss: 0.652321	AUC: 0.563069
INFO : 06-22 13:19 : ksdkt/pre_dummy_epoch_size10.auto 	| 	Epoch 1500	Valid Loss: 0.663516	AUC: 0.499267
INFO : 06-22 13:19 : ksdkt/pre_dummy_epoch_size10.auto 	| 	Epoch 1500	KSVectorLoss: 6.11607
INFO : 06-22 13:19 : ksdkt/pre_dummy_epoch_size10.auto 	| 	Epoch 1500	W1: 0.00620949	W2: 7.87167e-05
INFO : 06-22 13:19 : ksdkt/pre_dummy_epoch_size10.auto 	| Best AUC 0.499267 refreshed and saved!
INFO : 06-22 13:19 : ksdkt/pre_dummy_epoch_size10.auto 	| At 13:19 4m 28s passed ( - 1m 29s til 22:14) (1500epoch 75.0%)
INFO : 06-22 13:19 : ksdkt/pre_dummy_epoch_size10.auto 	| 	Epoch 1600	Train Loss: 0.652201	AUC: 0.56366
INFO : 06-22 13:19 : ksdkt/pre_dummy_epoch_size10.auto 	| 	Epoch 1600	Valid Loss: 0.663451	AUC: 0.499697
INFO : 06-22 13:19 : ksdkt/pre_dummy_epoch_size10.auto 	| 	Epoch 1600	KSVectorLoss: 6.11344
INFO : 06-22 13:19 : ksdkt/pre_dummy_epoch_size10.auto 	| 	Epoch 1600	W1: 0.00633102	W2: 8.10389e-05
INFO : 06-22 13:19 : ksdkt/pre_dummy_epoch_size10.auto 	| Best AUC 0.499697 refreshed and saved!
INFO : 06-22 13:19 : ksdkt/pre_dummy_epoch_size10.auto 	| At 13:19 4m 45s passed ( - 1m 11s til 00:16) (1600epoch 80.0%)
INFO : 06-22 13:19 : ksdkt/pre_dummy_epoch_size10.auto 	| 	Epoch 1700	Train Loss: 0.65193	AUC: 0.565532
INFO : 06-22 13:19 : ksdkt/pre_dummy_epoch_size10.auto 	| 	Epoch 1700	Valid Loss: 0.663389	AUC: 0.500239
INFO : 06-22 13:19 : ksdkt/pre_dummy_epoch_size10.auto 	| 	Epoch 1700	KSVectorLoss: 6.11113
INFO : 06-22 13:19 : ksdkt/pre_dummy_epoch_size10.auto 	| 	Epoch 1700	W1: 0.00646623	W2: 8.36456e-05
INFO : 06-22 13:19 : ksdkt/pre_dummy_epoch_size10.auto 	| Best AUC 0.500239 refreshed and saved!
INFO : 06-22 13:19 : ksdkt/pre_dummy_epoch_size10.auto 	| At 13:19 5m 3s passed ( - 0m 53s til 03:59) (1700epoch 85.0%)
INFO : 06-22 13:20 : ksdkt/pre_dummy_epoch_size10.auto 	| 	Epoch 1800	Train Loss: 0.651591	AUC: 0.567752
INFO : 06-22 13:20 : ksdkt/pre_dummy_epoch_size10.auto 	| 	Epoch 1800	Valid Loss: 0.66333	AUC: 0.50079
INFO : 06-22 13:20 : ksdkt/pre_dummy_epoch_size10.auto 	| 	Epoch 1800	KSVectorLoss: 6.10902
INFO : 06-22 13:20 : ksdkt/pre_dummy_epoch_size10.auto 	| 	Epoch 1800	W1: 0.00661822	W2: 8.66333e-05
INFO : 06-22 13:20 : ksdkt/pre_dummy_epoch_size10.auto 	| Best AUC 0.50079 refreshed and saved!
INFO : 06-22 13:20 : ksdkt/pre_dummy_epoch_size10.auto 	| At 13:20 5m 22s passed ( - 0m 35s til 08:36) (1800epoch 90.0%)
INFO : 06-22 13:20 : ksdkt/pre_dummy_epoch_size10.auto 	| 	Epoch 1900	Train Loss: 0.651337	AUC: 0.569147
INFO : 06-22 13:20 : ksdkt/pre_dummy_epoch_size10.auto 	| 	Epoch 1900	Valid Loss: 0.663267	AUC: 0.501349
INFO : 06-22 13:20 : ksdkt/pre_dummy_epoch_size10.auto 	| 	Epoch 1900	KSVectorLoss: 6.10705
INFO : 06-22 13:20 : ksdkt/pre_dummy_epoch_size10.auto 	| 	Epoch 1900	W1: 0.00678882	W2: 9.00795e-05
INFO : 06-22 13:20 : ksdkt/pre_dummy_epoch_size10.auto 	| Best AUC 0.501349 refreshed and saved!
INFO : 06-22 13:20 : ksdkt/pre_dummy_epoch_size10.auto 	| At 13:20 5m 39s passed ( - 0m 17s til 10:17) (1900epoch 95.0%)
INFO : 06-22 13:20 : ksdkt/pre_dummy_epoch_size10.auto 	| 	Epoch 2000	Train Loss: 0.65106	AUC: 0.570756
INFO : 06-22 13:20 : ksdkt/pre_dummy_epoch_size10.auto 	| 	Epoch 2000	Valid Loss: 0.663208	AUC: 0.501929
INFO : 06-22 13:20 : ksdkt/pre_dummy_epoch_size10.auto 	| 	Epoch 2000	KSVectorLoss: 6.10502
INFO : 06-22 13:20 : ksdkt/pre_dummy_epoch_size10.auto 	| 	Epoch 2000	W1: 0.00698057	W2: 9.4111e-05
INFO : 06-22 13:20 : ksdkt/pre_dummy_epoch_size10.auto 	| Best AUC 0.501929 refreshed and saved!
INFO : 06-22 13:20 : ksdkt/pre_dummy_epoch_size10.auto 	| At 13:20 5m 56s passed ( - 0m 0s til 13:20) (2000epoch 100.0%)
INFO : 06-22 13:20 : ksdkt/pre_dummy_epoch_size10.auto 	| Loading model /code/output/20200622_Psyence_v10_pretrain/pre_dummy_epoch_size10.auto/checkpoints/20200622-1305/f3_best.model
INFO : 06-22 13:20 : ksdkt/pre_dummy_epoch_size10.auto 	| test_dl.dataset size: 320
INFO : 06-22 13:20 : ksdkt/pre_dummy_epoch_size10.auto 	| Starting test
INFO : 06-22 13:20 : ksdkt/pre_dummy_epoch_size10.auto 	| 	Test Loss: 0.668935	AUC: 0.550485
INFO : 06-22 13:20 : ksdkt/pre_dummy_epoch_size10.auto 	| 	Test KSV Loss: 6.14775
INFO : 06-22 13:20 : ksdkt/pre_dummy_epoch_size10.auto 	| 	W1: 0.00703621	W2: 9.5401e-05
INFO : 06-22 13:20 : ksdkt/pre_dummy_epoch_size10.auto 	| 	r1: 0.669251
INFO : 06-22 13:20 : ksdkt/pre_dummy_epoch_size10.auto 	| 	Test AUC(C): 0.540471
INFO : 06-22 13:21 : ksdkt/pre_dummy_epoch_size10.auto 	| RP soft 	 good:bad = 165:13
INFO : 06-22 13:21 : ksdkt/pre_dummy_epoch_size10.auto 	| RP hard 	 nDCG = 0.9338±0.1121
INFO : 06-22 13:21 : ksdkt/pre_dummy_epoch_size10.auto 	| The model has 525,926 trainable parameters
INFO : 06-22 13:21 : ksdkt/pre_dummy_epoch_size10.auto 	| train_dl.dataset size: 1024
INFO : 06-22 13:21 : ksdkt/pre_dummy_epoch_size10.auto 	| valid_dl.dataset size: 256
INFO : 06-22 13:21 : ksdkt/pre_dummy_epoch_size10.auto 	| Start straightening pre-train
INFO : 06-22 13:21 : ksdkt/pre_dummy_epoch_size10.auto 	| Starting train
INFO : 06-22 13:22 : ksdkt/pre_dummy_epoch_size10.auto 	| 	Epoch 100	Train Loss: 0.684402	AUC: 0.516129
INFO : 06-22 13:22 : ksdkt/pre_dummy_epoch_size10.auto 	| 	Epoch 100	Valid Loss: 0.690761	AUC: 0.506529
INFO : 06-22 13:22 : ksdkt/pre_dummy_epoch_size10.auto 	| 	Epoch 100	KSVectorLoss: 6.56926
INFO : 06-22 13:22 : ksdkt/pre_dummy_epoch_size10.auto 	| 	Epoch 100	W1: 0.0041733	W2: 3.03308e-05
INFO : 06-22 13:22 : ksdkt/pre_dummy_epoch_size10.auto 	| Best AUC 0.506529 refreshed and saved!
INFO : 06-22 13:22 : ksdkt/pre_dummy_epoch_size10.auto 	| At 13:22 0m 17s passed ( - 5m 37s til 11:21) (100epoch 5.0%)
INFO : 06-22 13:22 : ksdkt/pre_dummy_epoch_size10.auto 	| 	Epoch 200	Train Loss: 0.675368	AUC: 0.529414
INFO : 06-22 13:22 : ksdkt/pre_dummy_epoch_size10.auto 	| 	Epoch 200	Valid Loss: 0.688902	AUC: 0.507258
INFO : 06-22 13:22 : ksdkt/pre_dummy_epoch_size10.auto 	| 	Epoch 200	KSVectorLoss: 6.54764
INFO : 06-22 13:22 : ksdkt/pre_dummy_epoch_size10.auto 	| 	Epoch 200	W1: 0.0042701	W2: 3.20168e-05
INFO : 06-22 13:22 : ksdkt/pre_dummy_epoch_size10.auto 	| Best AUC 0.507267 at epoch 190
INFO : 06-22 13:22 : ksdkt/pre_dummy_epoch_size10.auto 	| At 13:22 0m 35s passed ( - 5m 17s til 01:19) (200epoch 10.0%)
INFO : 06-22 13:22 : ksdkt/pre_dummy_epoch_size10.auto 	| 	Epoch 300	Train Loss: 0.664619	AUC: 0.535039
INFO : 06-22 13:22 : ksdkt/pre_dummy_epoch_size10.auto 	| 	Epoch 300	Valid Loss: 0.688526	AUC: 0.506677
INFO : 06-22 13:22 : ksdkt/pre_dummy_epoch_size10.auto 	| 	Epoch 300	KSVectorLoss: 6.51599
INFO : 06-22 13:22 : ksdkt/pre_dummy_epoch_size10.auto 	| 	Epoch 300	W1: 0.00454107	W2: 3.73579e-05
INFO : 06-22 13:22 : ksdkt/pre_dummy_epoch_size10.auto 	| Best AUC 0.507267 at epoch 190
INFO : 06-22 13:22 : ksdkt/pre_dummy_epoch_size10.auto 	| At 13:22 0m 53s passed ( - 5m 1s til 20:28) (300epoch 15.0%)
INFO : 06-22 13:23 : ksdkt/pre_dummy_epoch_size10.auto 	| 	Epoch 400	Train Loss: 0.653623	AUC: 0.538609
INFO : 06-22 13:23 : ksdkt/pre_dummy_epoch_size10.auto 	| 	Epoch 400	Valid Loss: 0.692175	AUC: 0.506513
INFO : 06-22 13:23 : ksdkt/pre_dummy_epoch_size10.auto 	| 	Epoch 400	KSVectorLoss: 6.47205
INFO : 06-22 13:23 : ksdkt/pre_dummy_epoch_size10.auto 	| 	Epoch 400	W1: 0.00509576	W2: 5.10976e-05
INFO : 06-22 13:23 : ksdkt/pre_dummy_epoch_size10.auto 	| Best AUC 0.507267 at epoch 190
INFO : 06-22 13:23 : ksdkt/pre_dummy_epoch_size10.auto 	| Early stopping.
INFO : 06-22 13:23 : ksdkt/pre_dummy_epoch_size10.auto 	| Loading model /code/output/20200622_Psyence_v10_pretrain/pre_dummy_epoch_size10.auto/checkpoints/20200622-1305/f4_best.model
INFO : 06-22 13:23 : ksdkt/pre_dummy_epoch_size10.auto 	| test_dl.dataset size: 320
INFO : 06-22 13:23 : ksdkt/pre_dummy_epoch_size10.auto 	| Starting test
INFO : 06-22 13:23 : ksdkt/pre_dummy_epoch_size10.auto 	| 	Test Loss: 0.68225	AUC: 0.517375
INFO : 06-22 13:23 : ksdkt/pre_dummy_epoch_size10.auto 	| 	Test KSV Loss: 6.50276
INFO : 06-22 13:23 : ksdkt/pre_dummy_epoch_size10.auto 	| 	W1: 0.00427835	W2: 3.20171e-05
INFO : 06-22 13:23 : ksdkt/pre_dummy_epoch_size10.auto 	| 	r1: 0.683098
INFO : 06-22 13:23 : ksdkt/pre_dummy_epoch_size10.auto 	| 	Test AUC(C): 0.501933
INFO : 06-22 13:23 : ksdkt/pre_dummy_epoch_size10.auto 	| RP soft 	 good:bad = 178:0
INFO : 06-22 13:23 : ksdkt/pre_dummy_epoch_size10.auto 	| RP hard 	 nDCG = 0.9982±0.0135
INFO : 06-22 13:23 : ksdkt/pre_dummy_epoch_size10.auto 	| fintrain_dl.dataset size: 1280
INFO : 06-22 13:23 : ksdkt/pre_dummy_epoch_size10.auto 	| fintest_dl.dataset size: 320
INFO : 06-22 13:23 : ksdkt/pre_dummy_epoch_size10.auto 	| The model has 525,926 trainable parameters
INFO : 06-22 13:23 : ksdkt/pre_dummy_epoch_size10.auto 	| Start straightening pre-train
INFO : 06-22 13:24 : ksdkt/pre_dummy_epoch_size10.auto 	| Starting train
INFO : 06-22 13:24 : ksdkt/pre_dummy_epoch_size10.auto 	| 	Epoch 100	Train Loss: 0.683358	AUC: 0.512563
INFO : 06-22 13:24 : ksdkt/pre_dummy_epoch_size10.auto 	| At 13:24 0m 21s passed ( - 2m 6s til 21:09) (100epoch 14.7%)
INFO : 06-22 13:24 : ksdkt/pre_dummy_epoch_size10.auto 	| 	Epoch 200	Train Loss: 0.674463	AUC: 0.527282
INFO : 06-22 13:24 : ksdkt/pre_dummy_epoch_size10.auto 	| At 13:24 0m 43s passed ( - 1m 45s til 23:47) (200epoch 29.4%)
INFO : 06-22 13:25 : ksdkt/pre_dummy_epoch_size10.auto 	| 	Epoch 300	Train Loss: 0.665504	AUC: 0.538866
INFO : 06-22 13:25 : ksdkt/pre_dummy_epoch_size10.auto 	| At 13:25 1m 5s passed ( - 1m 22s til 07:22) (300epoch 44.1%)
INFO : 06-22 13:25 : ksdkt/pre_dummy_epoch_size10.auto 	| 	Epoch 400	Train Loss: 0.657058	AUC: 0.545012
INFO : 06-22 13:25 : ksdkt/pre_dummy_epoch_size10.auto 	| At 13:25 1m 26s passed ( - 1m 0s til 07:30) (400epoch 58.8%)
INFO : 06-22 13:25 : ksdkt/pre_dummy_epoch_size10.auto 	| 	Epoch 500	Train Loss: 0.651661	AUC: 0.548521
INFO : 06-22 13:25 : ksdkt/pre_dummy_epoch_size10.auto 	| At 13:25 1m 48s passed ( - 0m 38s til 12:44) (500epoch 73.5%)
INFO : 06-22 13:26 : ksdkt/pre_dummy_epoch_size10.auto 	| 	Epoch 600	Train Loss: 0.649461	AUC: 0.552835
INFO : 06-22 13:26 : ksdkt/pre_dummy_epoch_size10.auto 	| At 13:26 2m 10s passed ( - 0m 17s til 23:44) (600epoch 88.2%)
INFO : 06-22 13:26 : ksdkt/pre_dummy_epoch_size10.auto 	| Starting test
INFO : 06-22 13:26 : ksdkt/pre_dummy_epoch_size10.auto 	| 	Test Loss: 0.674793	AUC: 0.504746
INFO : 06-22 13:26 : ksdkt/pre_dummy_epoch_size10.auto 	| 	Test KSV Loss: 6.1677
INFO : 06-22 13:26 : ksdkt/pre_dummy_epoch_size10.auto 	| 	W1: 0.00775172	W2: 0.000107825
INFO : 06-22 13:26 : ksdkt/pre_dummy_epoch_size10.auto 	| 	r1: 0.6713
INFO : 06-22 13:26 : ksdkt/pre_dummy_epoch_size10.auto 	| 	Test AUC(C): 0.530744
INFO : 06-22 13:26 : ksdkt/pre_dummy_epoch_size10.auto 	| RP soft 	 good:bad = 171:7
INFO : 06-22 13:26 : ksdkt/pre_dummy_epoch_size10.auto 	| RP hard 	 nDCG = 0.9503±0.0965
