INFO : 08-11 07:08 : ksdkt/padFalse.auto 	| PyTorch: 1.5.0
INFO : 08-11 07:08 : ksdkt/padFalse.auto 	| Using Device: cuda
INFO : 08-11 07:08 : ksdkt/padFalse.auto 	| The model has 525,926 trainable parameters
INFO : 08-11 07:08 : ksdkt/padFalse.auto 	| train_dl.dataset size: 2048
INFO : 08-11 07:08 : ksdkt/padFalse.auto 	| valid_dl.dataset size: 512
INFO : 08-11 07:08 : ksdkt/padFalse.auto 	| Starting train
INFO : 08-11 07:09 : ksdkt/padFalse.auto 	| 	Epoch 100	Train Loss: 0.684084	AUC: 0.512511
INFO : 08-11 07:09 : ksdkt/padFalse.auto 	| 	Epoch 100	Valid Loss: 0.684621	AUC: 0.501027
INFO : 08-11 07:09 : ksdkt/padFalse.auto 	| 	Epoch 100	KSVectorLoss: 6.83732
INFO : 08-11 07:09 : ksdkt/padFalse.auto 	| 	Epoch 100	W1: 0.000617236	W2: 8.22917e-07
INFO : 08-11 07:09 : ksdkt/padFalse.auto 	| Best AUC 0.501027 refreshed and saved!
INFO : 08-11 07:09 : ksdkt/padFalse.auto 	| At 07:09 0m 34s passed ( - 11m 4s til 15:56) (100epoch 5.0%)
INFO : 08-11 07:09 : ksdkt/padFalse.auto 	| 	Epoch 200	Train Loss: 0.675746	AUC: 0.522088
INFO : 08-11 07:09 : ksdkt/padFalse.auto 	| 	Epoch 200	Valid Loss: 0.677013	AUC: 0.503585
INFO : 08-11 07:09 : ksdkt/padFalse.auto 	| 	Epoch 200	KSVectorLoss: 6.76009
INFO : 08-11 07:09 : ksdkt/padFalse.auto 	| 	Epoch 200	W1: 0.00104269	W2: 3.36428e-06
INFO : 08-11 07:09 : ksdkt/padFalse.auto 	| Best AUC 0.503585 refreshed and saved!
INFO : 08-11 07:09 : ksdkt/padFalse.auto 	| At 07:09 1m 10s passed ( - 10m 37s til 16:08) (200epoch 10.0%)
INFO : 08-11 07:10 : ksdkt/padFalse.auto 	| 	Epoch 300	Train Loss: 0.668751	AUC: 0.525309
INFO : 08-11 07:10 : ksdkt/padFalse.auto 	| 	Epoch 300	Valid Loss: 0.671017	AUC: 0.504877
INFO : 08-11 07:10 : ksdkt/padFalse.auto 	| 	Epoch 300	KSVectorLoss: 6.65618
INFO : 08-11 07:10 : ksdkt/padFalse.auto 	| 	Epoch 300	W1: 0.00196915	W2: 1.32702e-05
INFO : 08-11 07:10 : ksdkt/padFalse.auto 	| Best AUC 0.504877 refreshed and saved!
INFO : 08-11 07:10 : ksdkt/padFalse.auto 	| At 07:10 1m 45s passed ( - 9m 58s til 19:50) (300epoch 15.0%)
INFO : 08-11 07:10 : ksdkt/padFalse.auto 	| 	Epoch 400	Train Loss: 0.666336	AUC: 0.526596
INFO : 08-11 07:10 : ksdkt/padFalse.auto 	| 	Epoch 400	Valid Loss: 0.669398	AUC: 0.504142
INFO : 08-11 07:10 : ksdkt/padFalse.auto 	| 	Epoch 400	KSVectorLoss: 6.57906
INFO : 08-11 07:10 : ksdkt/padFalse.auto 	| 	Epoch 400	W1: 0.00277887	W2: 2.57189e-05
INFO : 08-11 07:10 : ksdkt/padFalse.auto 	| Best AUC 0.504877 at epoch 300
INFO : 08-11 07:10 : ksdkt/padFalse.auto 	| At 07:10 2m 21s passed ( - 9m 25s til 16:47) (400epoch 20.0%)
INFO : 08-11 07:11 : ksdkt/padFalse.auto 	| 	Epoch 500	Train Loss: 0.665812	AUC: 0.528596
INFO : 08-11 07:11 : ksdkt/padFalse.auto 	| 	Epoch 500	Valid Loss: 0.66929	AUC: 0.503321
INFO : 08-11 07:11 : ksdkt/padFalse.auto 	| 	Epoch 500	KSVectorLoss: 6.54953
INFO : 08-11 07:11 : ksdkt/padFalse.auto 	| 	Epoch 500	W1: 0.00307334	W2: 3.11882e-05
INFO : 08-11 07:11 : ksdkt/padFalse.auto 	| Best AUC 0.504877 at epoch 300
INFO : 08-11 07:11 : ksdkt/padFalse.auto 	| Early stopping.
INFO : 08-11 07:11 : ksdkt/padFalse.auto 	| Loading model /code/output/20_05_13_Science_v10_baseline_Nopadding_Padding/padFalse.auto/checkpoints/20200811-0708/f0_best.model
INFO : 08-11 07:11 : ksdkt/padFalse.auto 	| test_dl.dataset size: 640
INFO : 08-11 07:11 : ksdkt/padFalse.auto 	| Starting test
INFO : 08-11 07:11 : ksdkt/padFalse.auto 	| 	Test Loss: 0.670763	AUC: 0.509835
INFO : 08-11 07:11 : ksdkt/padFalse.auto 	| 	Test KSV Loss: 6.65681
INFO : 08-11 07:11 : ksdkt/padFalse.auto 	| 	W1: 0.00197048	W2: 1.32784e-05
INFO : 08-11 07:11 : ksdkt/padFalse.auto 	| 	r1: 0.671129
INFO : 08-11 07:11 : ksdkt/padFalse.auto 	| 	Test AUC(C): 0.510606
INFO : 08-11 07:11 : ksdkt/padFalse.auto 	| RP soft 	 good:bad = 88:90
INFO : 08-11 07:11 : ksdkt/padFalse.auto 	| RP hard 	 nDCG = 0.7727±0.1542
INFO : 08-11 07:11 : ksdkt/padFalse.auto 	| The model has 525,926 trainable parameters
INFO : 08-11 07:11 : ksdkt/padFalse.auto 	| train_dl.dataset size: 2048
INFO : 08-11 07:11 : ksdkt/padFalse.auto 	| valid_dl.dataset size: 512
INFO : 08-11 07:11 : ksdkt/padFalse.auto 	| Starting train
INFO : 08-11 07:12 : ksdkt/padFalse.auto 	| 	Epoch 100	Train Loss: 0.684327	AUC: 0.517057
INFO : 08-11 07:12 : ksdkt/padFalse.auto 	| 	Epoch 100	Valid Loss: 0.685197	AUC: 0.496194
INFO : 08-11 07:12 : ksdkt/padFalse.auto 	| 	Epoch 100	KSVectorLoss: 6.84404
INFO : 08-11 07:12 : ksdkt/padFalse.auto 	| 	Epoch 100	W1: 0.000582846	W2: 7.11531e-07
INFO : 08-11 07:12 : ksdkt/padFalse.auto 	| Best AUC 0.496308 at epoch 60
INFO : 08-11 07:12 : ksdkt/padFalse.auto 	| At 07:12 0m 35s passed ( - 11m 5s til 16:30) (100epoch 5.0%)
INFO : 08-11 07:12 : ksdkt/padFalse.auto 	| 	Epoch 200	Train Loss: 0.676289	AUC: 0.525021
INFO : 08-11 07:12 : ksdkt/padFalse.auto 	| 	Epoch 200	Valid Loss: 0.677901	AUC: 0.498638
INFO : 08-11 07:12 : ksdkt/padFalse.auto 	| 	Epoch 200	KSVectorLoss: 6.76969
INFO : 08-11 07:12 : ksdkt/padFalse.auto 	| 	Epoch 200	W1: 0.00095538	W2: 2.73281e-06
INFO : 08-11 07:12 : ksdkt/padFalse.auto 	| Best AUC 0.498638 refreshed and saved!
INFO : 08-11 07:12 : ksdkt/padFalse.auto 	| At 07:12 1m 11s passed ( - 10m 39s til 14:11) (200epoch 10.0%)
INFO : 08-11 07:13 : ksdkt/padFalse.auto 	| 	Epoch 300	Train Loss: 0.669273	AUC: 0.527258
INFO : 08-11 07:13 : ksdkt/padFalse.auto 	| 	Epoch 300	Valid Loss: 0.671919	AUC: 0.499334
INFO : 08-11 07:13 : ksdkt/padFalse.auto 	| 	Epoch 300	KSVectorLoss: 6.66939
INFO : 08-11 07:13 : ksdkt/padFalse.auto 	| 	Epoch 300	W1: 0.00178608	W2: 1.09917e-05
INFO : 08-11 07:13 : ksdkt/padFalse.auto 	| Best AUC 0.499442 at epoch 270
INFO : 08-11 07:13 : ksdkt/padFalse.auto 	| At 07:13 1m 46s passed ( - 10m 0s til 04:14) (300epoch 15.0%)
INFO : 08-11 07:14 : ksdkt/padFalse.auto 	| 	Epoch 400	Train Loss: 0.66636	AUC: 0.528585
INFO : 08-11 07:14 : ksdkt/padFalse.auto 	| 	Epoch 400	Valid Loss: 0.669883	AUC: 0.499351
INFO : 08-11 07:14 : ksdkt/padFalse.auto 	| 	Epoch 400	KSVectorLoss: 6.58471
INFO : 08-11 07:14 : ksdkt/padFalse.auto 	| 	Epoch 400	W1: 0.00262633	W2: 2.33503e-05
INFO : 08-11 07:14 : ksdkt/padFalse.auto 	| Best AUC 0.499442 at epoch 270
INFO : 08-11 07:14 : ksdkt/padFalse.auto 	| At 07:14 2m 21s passed ( - 9m 27s til 09:14) (400epoch 20.0%)
INFO : 08-11 07:14 : ksdkt/padFalse.auto 	| 	Epoch 500	Train Loss: 0.665785	AUC: 0.52973
INFO : 08-11 07:14 : ksdkt/padFalse.auto 	| 	Epoch 500	Valid Loss: 0.669555	AUC: 0.499819
INFO : 08-11 07:14 : ksdkt/padFalse.auto 	| 	Epoch 500	KSVectorLoss: 6.5476
INFO : 08-11 07:14 : ksdkt/padFalse.auto 	| 	Epoch 500	W1: 0.00297712	W2: 2.96398e-05
INFO : 08-11 07:14 : ksdkt/padFalse.auto 	| Best AUC 0.499879 at epoch 440
INFO : 08-11 07:14 : ksdkt/padFalse.auto 	| At 07:14 2m 56s passed ( - 8m 49s til 18:42) (500epoch 25.0%)
INFO : 08-11 07:15 : ksdkt/padFalse.auto 	| 	Epoch 600	Train Loss: 0.665559	AUC: 0.531182
INFO : 08-11 07:15 : ksdkt/padFalse.auto 	| 	Epoch 600	Valid Loss: 0.669403	AUC: 0.500821
INFO : 08-11 07:15 : ksdkt/padFalse.auto 	| 	Epoch 600	KSVectorLoss: 6.53299
INFO : 08-11 07:15 : ksdkt/padFalse.auto 	| 	Epoch 600	W1: 0.00308923	W2: 3.19077e-05
INFO : 08-11 07:15 : ksdkt/padFalse.auto 	| Best AUC 0.500821 refreshed and saved!
INFO : 08-11 07:15 : ksdkt/padFalse.auto 	| At 07:15 3m 31s passed ( - 8m 13s til 13:11) (600epoch 30.0%)
INFO : 08-11 07:15 : ksdkt/padFalse.auto 	| 	Epoch 700	Train Loss: 0.665436	AUC: 0.532199
INFO : 08-11 07:15 : ksdkt/padFalse.auto 	| 	Epoch 700	Valid Loss: 0.669309	AUC: 0.501443
INFO : 08-11 07:15 : ksdkt/padFalse.auto 	| 	Epoch 700	KSVectorLoss: 6.52565
INFO : 08-11 07:15 : ksdkt/padFalse.auto 	| 	Epoch 700	W1: 0.00313467	W2: 3.29431e-05
INFO : 08-11 07:15 : ksdkt/padFalse.auto 	| Best AUC 0.501443 refreshed and saved!
INFO : 08-11 07:15 : ksdkt/padFalse.auto 	| At 07:15 4m 7s passed ( - 7m 39s til 18:11) (700epoch 35.0%)
INFO : 08-11 07:16 : ksdkt/padFalse.auto 	| 	Epoch 800	Train Loss: 0.665347	AUC: 0.532939
INFO : 08-11 07:16 : ksdkt/padFalse.auto 	| 	Epoch 800	Valid Loss: 0.669253	AUC: 0.501614
INFO : 08-11 07:16 : ksdkt/padFalse.auto 	| 	Epoch 800	KSVectorLoss: 6.52116
INFO : 08-11 07:16 : ksdkt/padFalse.auto 	| 	Epoch 800	W1: 0.00315966	W2: 3.35585e-05
INFO : 08-11 07:16 : ksdkt/padFalse.auto 	| Best AUC 0.501649 at epoch 780
INFO : 08-11 07:16 : ksdkt/padFalse.auto 	| At 07:16 4m 42s passed ( - 7m 3s til 14:42) (800epoch 40.0%)
INFO : 08-11 07:17 : ksdkt/padFalse.auto 	| 	Epoch 900	Train Loss: 0.665313	AUC: 0.533275
INFO : 08-11 07:17 : ksdkt/padFalse.auto 	| 	Epoch 900	Valid Loss: 0.669221	AUC: 0.501917
INFO : 08-11 07:17 : ksdkt/padFalse.auto 	| 	Epoch 900	KSVectorLoss: 6.5181
INFO : 08-11 07:17 : ksdkt/padFalse.auto 	| 	Epoch 900	W1: 0.00317676	W2: 3.39844e-05
INFO : 08-11 07:17 : ksdkt/padFalse.auto 	| Best AUC 0.501929 at epoch 890
INFO : 08-11 07:17 : ksdkt/padFalse.auto 	| At 07:17 5m 18s passed ( - 6m 28s til 01:32) (900epoch 45.0%)
INFO : 08-11 07:17 : ksdkt/padFalse.auto 	| 	Epoch 1000	Train Loss: 0.665234	AUC: 0.534122
INFO : 08-11 07:17 : ksdkt/padFalse.auto 	| 	Epoch 1000	Valid Loss: 0.669203	AUC: 0.50194
INFO : 08-11 07:17 : ksdkt/padFalse.auto 	| 	Epoch 1000	KSVectorLoss: 6.51594
INFO : 08-11 07:17 : ksdkt/padFalse.auto 	| 	Epoch 1000	W1: 0.00318959	W2: 3.42896e-05
INFO : 08-11 07:17 : ksdkt/padFalse.auto 	| Best AUC 0.501992 at epoch 950
INFO : 08-11 07:17 : ksdkt/padFalse.auto 	| At 07:17 5m 52s passed ( - 5m 52s til 06:19) (1000epoch 50.0%)
INFO : 08-11 07:18 : ksdkt/padFalse.auto 	| 	Epoch 1100	Train Loss: 0.665269	AUC: 0.533778
INFO : 08-11 07:18 : ksdkt/padFalse.auto 	| 	Epoch 1100	Valid Loss: 0.669192	AUC: 0.50214
INFO : 08-11 07:18 : ksdkt/padFalse.auto 	| 	Epoch 1100	KSVectorLoss: 6.51436
INFO : 08-11 07:18 : ksdkt/padFalse.auto 	| 	Epoch 1100	W1: 0.00320023	W2: 3.45175e-05
INFO : 08-11 07:18 : ksdkt/padFalse.auto 	| Best AUC 0.50214 refreshed and saved!
INFO : 08-11 07:18 : ksdkt/padFalse.auto 	| At 07:18 6m 27s passed ( - 5m 17s til 17:05) (1100epoch 55.0%)
INFO : 08-11 07:18 : ksdkt/padFalse.auto 	| 	Epoch 1200	Train Loss: 0.66522	AUC: 0.534325
INFO : 08-11 07:18 : ksdkt/padFalse.auto 	| 	Epoch 1200	Valid Loss: 0.669186	AUC: 0.502162
INFO : 08-11 07:18 : ksdkt/padFalse.auto 	| 	Epoch 1200	KSVectorLoss: 6.51321
INFO : 08-11 07:18 : ksdkt/padFalse.auto 	| 	Epoch 1200	W1: 0.00320928	W2: 3.46839e-05
INFO : 08-11 07:18 : ksdkt/padFalse.auto 	| Best AUC 0.502202 at epoch 1130
INFO : 08-11 07:18 : ksdkt/padFalse.auto 	| At 07:18 7m 3s passed ( - 4m 42s til 20:56) (1200epoch 60.0%)
INFO : 08-11 07:19 : ksdkt/padFalse.auto 	| 	Epoch 1300	Train Loss: 0.665229	AUC: 0.534154
INFO : 08-11 07:19 : ksdkt/padFalse.auto 	| 	Epoch 1300	Valid Loss: 0.669182	AUC: 0.502079
INFO : 08-11 07:19 : ksdkt/padFalse.auto 	| 	Epoch 1300	KSVectorLoss: 6.51231
INFO : 08-11 07:19 : ksdkt/padFalse.auto 	| 	Epoch 1300	W1: 0.00321798	W2: 3.4817e-05
INFO : 08-11 07:19 : ksdkt/padFalse.auto 	| Best AUC 0.502207 at epoch 1230
INFO : 08-11 07:19 : ksdkt/padFalse.auto 	| At 07:19 7m 38s passed ( - 4m 6s til 06:32) (1300epoch 65.0%)
INFO : 08-11 07:19 : ksdkt/padFalse.auto 	| 	Epoch 1400	Train Loss: 0.665171	AUC: 0.534781
INFO : 08-11 07:19 : ksdkt/padFalse.auto 	| 	Epoch 1400	Valid Loss: 0.669178	AUC: 0.502183
INFO : 08-11 07:19 : ksdkt/padFalse.auto 	| 	Epoch 1400	KSVectorLoss: 6.51163
INFO : 08-11 07:19 : ksdkt/padFalse.auto 	| 	Epoch 1400	W1: 0.00322644	W2: 3.49193e-05
INFO : 08-11 07:19 : ksdkt/padFalse.auto 	| Best AUC 0.502207 at epoch 1230
INFO : 08-11 07:19 : ksdkt/padFalse.auto 	| Early stopping.
INFO : 08-11 07:19 : ksdkt/padFalse.auto 	| Loading model /code/output/20_05_13_Science_v10_baseline_Nopadding_Padding/padFalse.auto/checkpoints/20200811-0708/f1_best.model
INFO : 08-11 07:19 : ksdkt/padFalse.auto 	| test_dl.dataset size: 640
INFO : 08-11 07:19 : ksdkt/padFalse.auto 	| Starting test
INFO : 08-11 07:19 : ksdkt/padFalse.auto 	| 	Test Loss: 0.667604	AUC: 0.521151
INFO : 08-11 07:19 : ksdkt/padFalse.auto 	| 	Test KSV Loss: 6.51204
INFO : 08-11 07:19 : ksdkt/padFalse.auto 	| 	W1: 0.0032115	W2: 3.4737e-05
INFO : 08-11 07:19 : ksdkt/padFalse.auto 	| 	r1: 0.669388
INFO : 08-11 07:19 : ksdkt/padFalse.auto 	| 	Test AUC(C): 0.512334
INFO : 08-11 07:20 : ksdkt/padFalse.auto 	| RP soft 	 good:bad = 87:91
INFO : 08-11 07:20 : ksdkt/padFalse.auto 	| RP hard 	 nDCG = 0.7750±0.1584
INFO : 08-11 07:20 : ksdkt/padFalse.auto 	| The model has 525,926 trainable parameters
INFO : 08-11 07:20 : ksdkt/padFalse.auto 	| train_dl.dataset size: 2048
INFO : 08-11 07:20 : ksdkt/padFalse.auto 	| valid_dl.dataset size: 512
INFO : 08-11 07:20 : ksdkt/padFalse.auto 	| Starting train
INFO : 08-11 07:20 : ksdkt/padFalse.auto 	| 	Epoch 100	Train Loss: 0.685031	AUC: 0.516234
INFO : 08-11 07:20 : ksdkt/padFalse.auto 	| 	Epoch 100	Valid Loss: 0.686091	AUC: 0.495628
INFO : 08-11 07:20 : ksdkt/padFalse.auto 	| 	Epoch 100	KSVectorLoss: 6.85191
INFO : 08-11 07:20 : ksdkt/padFalse.auto 	| 	Epoch 100	W1: 0.000590504	W2: 7.31811e-07
INFO : 08-11 07:20 : ksdkt/padFalse.auto 	| Best AUC 0.495749 at epoch 90
INFO : 08-11 07:20 : ksdkt/padFalse.auto 	| At 07:20 0m 35s passed ( - 11m 6s til 22:44) (100epoch 5.0%)
INFO : 08-11 07:21 : ksdkt/padFalse.auto 	| 	Epoch 200	Train Loss: 0.676857	AUC: 0.525645
INFO : 08-11 07:21 : ksdkt/padFalse.auto 	| 	Epoch 200	Valid Loss: 0.678935	AUC: 0.496069
INFO : 08-11 07:21 : ksdkt/padFalse.auto 	| 	Epoch 200	KSVectorLoss: 6.78133
INFO : 08-11 07:21 : ksdkt/padFalse.auto 	| 	Epoch 200	W1: 0.000935548	W2: 2.6227e-06
INFO : 08-11 07:21 : ksdkt/padFalse.auto 	| Best AUC 0.496069 refreshed and saved!
INFO : 08-11 07:21 : ksdkt/padFalse.auto 	| At 07:21 1m 10s passed ( - 10m 36s til 10:54) (200epoch 10.0%)
INFO : 08-11 07:21 : ksdkt/padFalse.auto 	| 	Epoch 300	Train Loss: 0.669475	AUC: 0.527397
INFO : 08-11 07:21 : ksdkt/padFalse.auto 	| 	Epoch 300	Valid Loss: 0.672857	AUC: 0.497587
INFO : 08-11 07:21 : ksdkt/padFalse.auto 	| 	Epoch 300	KSVectorLoss: 6.68263
INFO : 08-11 07:21 : ksdkt/padFalse.auto 	| 	Epoch 300	W1: 0.0017753	W2: 1.08104e-05
INFO : 08-11 07:21 : ksdkt/padFalse.auto 	| Best AUC 0.497706 at epoch 290
INFO : 08-11 07:21 : ksdkt/padFalse.auto 	| At 07:21 1m 45s passed ( - 10m 0s til 21:12) (300epoch 15.0%)
INFO : 08-11 07:22 : ksdkt/padFalse.auto 	| 	Epoch 400	Train Loss: 0.666277	AUC: 0.528724
INFO : 08-11 07:22 : ksdkt/padFalse.auto 	| 	Epoch 400	Valid Loss: 0.670746	AUC: 0.497782
INFO : 08-11 07:22 : ksdkt/padFalse.auto 	| 	Epoch 400	KSVectorLoss: 6.59595
INFO : 08-11 07:22 : ksdkt/padFalse.auto 	| 	Epoch 400	W1: 0.00267334	W2: 2.37595e-05
INFO : 08-11 07:22 : ksdkt/padFalse.auto 	| Best AUC 0.497808 at epoch 380
INFO : 08-11 07:22 : ksdkt/padFalse.auto 	| At 07:22 2m 20s passed ( - 9m 23s til 04:17) (400epoch 20.0%)
INFO : 08-11 07:23 : ksdkt/padFalse.auto 	| 	Epoch 500	Train Loss: 0.66557	AUC: 0.530756
INFO : 08-11 07:23 : ksdkt/padFalse.auto 	| 	Epoch 500	Valid Loss: 0.670451	AUC: 0.498143
INFO : 08-11 07:23 : ksdkt/padFalse.auto 	| 	Epoch 500	KSVectorLoss: 6.55808
INFO : 08-11 07:23 : ksdkt/padFalse.auto 	| 	Epoch 500	W1: 0.0030507	W2: 3.04059e-05
INFO : 08-11 07:23 : ksdkt/padFalse.auto 	| Best AUC 0.498143 refreshed and saved!
INFO : 08-11 07:23 : ksdkt/padFalse.auto 	| At 07:23 2m 57s passed ( - 8m 51s til 08:31) (500epoch 25.0%)
INFO : 08-11 07:23 : ksdkt/padFalse.auto 	| 	Epoch 600	Train Loss: 0.665315	AUC: 0.532352
INFO : 08-11 07:23 : ksdkt/padFalse.auto 	| 	Epoch 600	Valid Loss: 0.670346	AUC: 0.498242
INFO : 08-11 07:23 : ksdkt/padFalse.auto 	| 	Epoch 600	KSVectorLoss: 6.5435
INFO : 08-11 07:23 : ksdkt/padFalse.auto 	| 	Epoch 600	W1: 0.00317429	W2: 3.27968e-05
INFO : 08-11 07:23 : ksdkt/padFalse.auto 	| Best AUC 0.498242 refreshed and saved!
INFO : 08-11 07:23 : ksdkt/padFalse.auto 	| At 07:23 3m 32s passed ( - 8m 14s til 04:43) (600epoch 30.0%)
INFO : 08-11 07:24 : ksdkt/padFalse.auto 	| 	Epoch 700	Train Loss: 0.665178	AUC: 0.533409
INFO : 08-11 07:24 : ksdkt/padFalse.auto 	| 	Epoch 700	Valid Loss: 0.670297	AUC: 0.497812
INFO : 08-11 07:24 : ksdkt/padFalse.auto 	| 	Epoch 700	KSVectorLoss: 6.53636
INFO : 08-11 07:24 : ksdkt/padFalse.auto 	| 	Epoch 700	W1: 0.00322832	W2: 3.38916e-05
INFO : 08-11 07:24 : ksdkt/padFalse.auto 	| Best AUC 0.498244 at epoch 610
INFO : 08-11 07:24 : ksdkt/padFalse.auto 	| At 07:24 4m 6s passed ( - 7m 38s til 20:54) (700epoch 35.0%)
INFO : 08-11 07:24 : ksdkt/padFalse.auto 	| 	Epoch 800	Train Loss: 0.665113	AUC: 0.534001
INFO : 08-11 07:24 : ksdkt/padFalse.auto 	| 	Epoch 800	Valid Loss: 0.670281	AUC: 0.497504
INFO : 08-11 07:24 : ksdkt/padFalse.auto 	| 	Epoch 800	KSVectorLoss: 6.53205
INFO : 08-11 07:24 : ksdkt/padFalse.auto 	| 	Epoch 800	W1: 0.003262	W2: 3.45532e-05
INFO : 08-11 07:24 : ksdkt/padFalse.auto 	| Best AUC 0.498244 at epoch 610
INFO : 08-11 07:24 : ksdkt/padFalse.auto 	| Early stopping.
INFO : 08-11 07:24 : ksdkt/padFalse.auto 	| Loading model /code/output/20_05_13_Science_v10_baseline_Nopadding_Padding/padFalse.auto/checkpoints/20200811-0708/f2_best.model
INFO : 08-11 07:24 : ksdkt/padFalse.auto 	| test_dl.dataset size: 640
INFO : 08-11 07:24 : ksdkt/padFalse.auto 	| Starting test
INFO : 08-11 07:24 : ksdkt/padFalse.auto 	| 	Test Loss: 0.668355	AUC: 0.516041
INFO : 08-11 07:24 : ksdkt/padFalse.auto 	| 	Test KSV Loss: 6.5336
INFO : 08-11 07:24 : ksdkt/padFalse.auto 	| 	W1: 0.0031817	W2: 3.29435e-05
INFO : 08-11 07:24 : ksdkt/padFalse.auto 	| 	r1: 0.669329
INFO : 08-11 07:24 : ksdkt/padFalse.auto 	| 	Test AUC(C): 0.510247
INFO : 08-11 07:25 : ksdkt/padFalse.auto 	| RP soft 	 good:bad = 92:86
INFO : 08-11 07:25 : ksdkt/padFalse.auto 	| RP hard 	 nDCG = 0.7952±0.1717
INFO : 08-11 07:25 : ksdkt/padFalse.auto 	| The model has 525,926 trainable parameters
INFO : 08-11 07:25 : ksdkt/padFalse.auto 	| train_dl.dataset size: 2048
INFO : 08-11 07:25 : ksdkt/padFalse.auto 	| valid_dl.dataset size: 512
INFO : 08-11 07:25 : ksdkt/padFalse.auto 	| Starting train
INFO : 08-11 07:25 : ksdkt/padFalse.auto 	| 	Epoch 100	Train Loss: 0.68537	AUC: 0.511975
INFO : 08-11 07:25 : ksdkt/padFalse.auto 	| 	Epoch 100	Valid Loss: 0.684774	AUC: 0.499908
INFO : 08-11 07:25 : ksdkt/padFalse.auto 	| 	Epoch 100	KSVectorLoss: 6.84343
INFO : 08-11 07:25 : ksdkt/padFalse.auto 	| 	Epoch 100	W1: 0.000583518	W2: 7.09773e-07
INFO : 08-11 07:25 : ksdkt/padFalse.auto 	| Best AUC 0.506021 at epoch 10
INFO : 08-11 07:25 : ksdkt/padFalse.auto 	| At 07:25 0m 35s passed ( - 11m 6s til 12:28) (100epoch 5.0%)
INFO : 08-11 07:26 : ksdkt/padFalse.auto 	| 	Epoch 200	Train Loss: 0.677341	AUC: 0.522923
INFO : 08-11 07:26 : ksdkt/padFalse.auto 	| 	Epoch 200	Valid Loss: 0.676465	AUC: 0.495449
INFO : 08-11 07:26 : ksdkt/padFalse.auto 	| 	Epoch 200	KSVectorLoss: 6.76438
INFO : 08-11 07:26 : ksdkt/padFalse.auto 	| 	Epoch 200	W1: 0.000968189	W2: 2.86629e-06
INFO : 08-11 07:26 : ksdkt/padFalse.auto 	| Best AUC 0.506021 at epoch 10
INFO : 08-11 07:26 : ksdkt/padFalse.auto 	| Early stopping.
INFO : 08-11 07:26 : ksdkt/padFalse.auto 	| Loading model /code/output/20_05_13_Science_v10_baseline_Nopadding_Padding/padFalse.auto/checkpoints/20200811-0708/f3_best.model
INFO : 08-11 07:26 : ksdkt/padFalse.auto 	| test_dl.dataset size: 640
INFO : 08-11 07:26 : ksdkt/padFalse.auto 	| Starting test
INFO : 08-11 07:26 : ksdkt/padFalse.auto 	| 	Test Loss: 0.692663	AUC: 0.504053
INFO : 08-11 07:26 : ksdkt/padFalse.auto 	| 	Test KSV Loss: 6.9014
INFO : 08-11 07:26 : ksdkt/padFalse.auto 	| 	W1: 0.000474935	W2: 3.93866e-07
INFO : 08-11 07:26 : ksdkt/padFalse.auto 	| 	r1: 0.692786
INFO : 08-11 07:26 : ksdkt/padFalse.auto 	| 	Test AUC(C): 0.50162
INFO : 08-11 07:26 : ksdkt/padFalse.auto 	| RP soft 	 good:bad = 85:93
INFO : 08-11 07:26 : ksdkt/padFalse.auto 	| RP hard 	 nDCG = 0.7748±0.1561
INFO : 08-11 07:26 : ksdkt/padFalse.auto 	| The model has 525,926 trainable parameters
INFO : 08-11 07:26 : ksdkt/padFalse.auto 	| train_dl.dataset size: 2048
INFO : 08-11 07:26 : ksdkt/padFalse.auto 	| valid_dl.dataset size: 512
INFO : 08-11 07:26 : ksdkt/padFalse.auto 	| Starting train
INFO : 08-11 07:27 : ksdkt/padFalse.auto 	| 	Epoch 100	Train Loss: 0.684977	AUC: 0.517833
INFO : 08-11 07:27 : ksdkt/padFalse.auto 	| 	Epoch 100	Valid Loss: 0.686275	AUC: 0.494629
INFO : 08-11 07:27 : ksdkt/padFalse.auto 	| 	Epoch 100	KSVectorLoss: 6.85193
INFO : 08-11 07:27 : ksdkt/padFalse.auto 	| 	Epoch 100	W1: 0.000599301	W2: 7.32696e-07
INFO : 08-11 07:27 : ksdkt/padFalse.auto 	| Best AUC 0.496258 at epoch 10
INFO : 08-11 07:27 : ksdkt/padFalse.auto 	| At 07:27 0m 34s passed ( - 11m 3s til 21:05) (100epoch 5.0%)
INFO : 08-11 07:27 : ksdkt/padFalse.auto 	| 	Epoch 200	Train Loss: 0.67647	AUC: 0.525962
INFO : 08-11 07:27 : ksdkt/padFalse.auto 	| 	Epoch 200	Valid Loss: 0.679106	AUC: 0.494288
INFO : 08-11 07:27 : ksdkt/padFalse.auto 	| 	Epoch 200	KSVectorLoss: 6.78065
INFO : 08-11 07:27 : ksdkt/padFalse.auto 	| 	Epoch 200	W1: 0.000981783	W2: 2.83926e-06
INFO : 08-11 07:27 : ksdkt/padFalse.auto 	| Best AUC 0.496258 at epoch 10
INFO : 08-11 07:27 : ksdkt/padFalse.auto 	| Early stopping.
INFO : 08-11 07:27 : ksdkt/padFalse.auto 	| Loading model /code/output/20_05_13_Science_v10_baseline_Nopadding_Padding/padFalse.auto/checkpoints/20200811-0708/f4_best.model
INFO : 08-11 07:27 : ksdkt/padFalse.auto 	| test_dl.dataset size: 640
INFO : 08-11 07:27 : ksdkt/padFalse.auto 	| Starting test
INFO : 08-11 07:27 : ksdkt/padFalse.auto 	| 	Test Loss: 0.693034	AUC: 0.49941
INFO : 08-11 07:27 : ksdkt/padFalse.auto 	| 	Test KSV Loss: 6.90346
INFO : 08-11 07:27 : ksdkt/padFalse.auto 	| 	W1: 0.000507725	W2: 4.41634e-07
INFO : 08-11 07:27 : ksdkt/padFalse.auto 	| 	r1: 0.692913
INFO : 08-11 07:27 : ksdkt/padFalse.auto 	| 	Test AUC(C): 0.504333
INFO : 08-11 07:28 : ksdkt/padFalse.auto 	| RP soft 	 good:bad = 88:90
INFO : 08-11 07:28 : ksdkt/padFalse.auto 	| RP hard 	 nDCG = 0.7874±0.1554
INFO : 08-11 07:28 : ksdkt/padFalse.auto 	| fintrain_dl.dataset size: 2560
INFO : 08-11 07:28 : ksdkt/padFalse.auto 	| fintest_dl.dataset size: 640
INFO : 08-11 07:28 : ksdkt/padFalse.auto 	| The model has 525,926 trainable parameters
INFO : 08-11 07:28 : ksdkt/padFalse.auto 	| Starting train
INFO : 08-11 07:28 : ksdkt/padFalse.auto 	| 	Epoch 100	Train Loss: 0.680907	AUC: 0.515733
INFO : 08-11 07:28 : ksdkt/padFalse.auto 	| At 07:28 0m 43s passed ( - 2m 23s til 16:07) (100epoch 23.3%)
INFO : 08-11 07:29 : ksdkt/padFalse.auto 	| 	Epoch 200	Train Loss: 0.668214	AUC: 0.522259
INFO : 08-11 07:29 : ksdkt/padFalse.auto 	| At 07:29 1m 27s passed ( - 1m 40s til 14:45) (200epoch 46.5%)
INFO : 08-11 07:30 : ksdkt/padFalse.auto 	| 	Epoch 300	Train Loss: 0.662192	AUC: 0.524605
INFO : 08-11 07:30 : ksdkt/padFalse.auto 	| At 07:30 2m 10s passed ( - 0m 56s til 18:19) (300epoch 69.8%)
INFO : 08-11 07:30 : ksdkt/padFalse.auto 	| 	Epoch 400	Train Loss: 0.661376	AUC: 0.527437
INFO : 08-11 07:30 : ksdkt/padFalse.auto 	| At 07:30 2m 54s passed ( - 0m 13s til 09:27) (400epoch 93.0%)
INFO : 08-11 07:31 : ksdkt/padFalse.auto 	| Starting test
INFO : 08-11 07:31 : ksdkt/padFalse.auto 	| 	Test Loss: 0.669687	AUC: 0.503338
INFO : 08-11 07:31 : ksdkt/padFalse.auto 	| 	Test KSV Loss: 6.51098
INFO : 08-11 07:31 : ksdkt/padFalse.auto 	| 	W1: 0.00356256	W2: 4.03442e-05
INFO : 08-11 07:31 : ksdkt/padFalse.auto 	| 	r1: 0.669203
INFO : 08-11 07:31 : ksdkt/padFalse.auto 	| 	Test AUC(C): 0.510625
INFO : 08-11 07:31 : ksdkt/padFalse.auto 	| RP soft 	 good:bad = 91:87
INFO : 08-11 07:31 : ksdkt/padFalse.auto 	| RP hard 	 nDCG = 0.7910±0.1660
