INFO : 05-22 03:08 : ksdkt/20_05_13_Math_v10_baseline 	| PyTorch: 1.3.0
INFO : 05-22 03:08 : ksdkt/20_05_13_Math_v10_baseline 	| Using Device: cuda
INFO : 05-22 03:08 : ksdkt/20_05_13_Math_v10_baseline 	| The model has 602,979 trainable parameters
INFO : 05-22 03:08 : ksdkt/20_05_13_Math_v10_baseline 	| train_dl.dataset size: 9728
INFO : 05-22 03:08 : ksdkt/20_05_13_Math_v10_baseline 	| valid_dl.dataset size: 2432
INFO : 05-22 03:08 : ksdkt/20_05_13_Math_v10_baseline 	| Starting train
INFO : 05-22 03:13 : ksdkt/20_05_13_Math_v10_baseline 	| 	Epoch 100	Train Loss: 0.674843	AUC: 0.508914
INFO : 05-22 03:13 : ksdkt/20_05_13_Math_v10_baseline 	| 	Epoch 100	Valid Loss: 0.67657	AUC: 0.496719
INFO : 05-22 03:13 : ksdkt/20_05_13_Math_v10_baseline 	| 	Epoch 100	KSVectorLoss: 0.00963518
INFO : 05-22 03:13 : ksdkt/20_05_13_Math_v10_baseline 	| 	Epoch 100	W1: 0.00142118	W2: 6.53967e-06
INFO : 05-22 03:13 : ksdkt/20_05_13_Math_v10_baseline 	| Best AUC 0.499353 at epoch 10
INFO : 05-22 03:13 : ksdkt/20_05_13_Math_v10_baseline 	| At 03:13 4m 50s passed ( - 92m 5s til 12:26) (100epoch 5.0%)
INFO : 05-22 03:17 : ksdkt/20_05_13_Math_v10_baseline 	| 	Epoch 200	Train Loss: 0.666224	AUC: 0.520542
INFO : 05-22 03:17 : ksdkt/20_05_13_Math_v10_baseline 	| 	Epoch 200	Valid Loss: 0.669573	AUC: 0.499315
INFO : 05-22 03:17 : ksdkt/20_05_13_Math_v10_baseline 	| 	Epoch 200	KSVectorLoss: 0.0093673
INFO : 05-22 03:17 : ksdkt/20_05_13_Math_v10_baseline 	| 	Epoch 200	W1: 0.00384836	W2: 4.25478e-05
INFO : 05-22 03:17 : ksdkt/20_05_13_Math_v10_baseline 	| Best AUC 0.499353 at epoch 10
INFO : 05-22 03:17 : ksdkt/20_05_13_Math_v10_baseline 	| Early stopping.
INFO : 05-22 03:17 : ksdkt/20_05_13_Math_v10_baseline 	| Loading model /code/output/config/20_05_13_Math_v10_baseline/checkpoints/20200522-0308/f0_best.model
INFO : 05-22 03:17 : ksdkt/20_05_13_Math_v10_baseline 	| test_dl.dataset size: 3040
INFO : 05-22 03:17 : ksdkt/20_05_13_Math_v10_baseline 	| Starting test
INFO : 05-22 03:17 : ksdkt/20_05_13_Math_v10_baseline 	| 	Test Loss: 0.691859	AUC: 0.501157
INFO : 05-22 03:17 : ksdkt/20_05_13_Math_v10_baseline 	| 	Test KSV AUC: 0.992906
INFO : 05-22 03:17 : ksdkt/20_05_13_Math_v10_baseline 	| 	W1: 0.000537564	W2: 4.99699e-07
INFO : 05-22 03:18 : ksdkt/20_05_13_Math_v10_baseline 	| RP soft 	 good:bad = 280:251
INFO : 05-22 03:18 : ksdkt/20_05_13_Math_v10_baseline 	| RP hard 	 nDCG = 0.7891±0.1600
INFO : 05-22 03:18 : ksdkt/20_05_13_Math_v10_baseline 	| The model has 602,979 trainable parameters
INFO : 05-22 03:18 : ksdkt/20_05_13_Math_v10_baseline 	| train_dl.dataset size: 9728
INFO : 05-22 03:18 : ksdkt/20_05_13_Math_v10_baseline 	| valid_dl.dataset size: 2432
INFO : 05-22 03:18 : ksdkt/20_05_13_Math_v10_baseline 	| Starting train
INFO : 05-22 03:23 : ksdkt/20_05_13_Math_v10_baseline 	| 	Epoch 100	Train Loss: 0.674232	AUC: 0.509715
INFO : 05-22 03:23 : ksdkt/20_05_13_Math_v10_baseline 	| 	Epoch 100	Valid Loss: 0.671731	AUC: 0.49959
INFO : 05-22 03:23 : ksdkt/20_05_13_Math_v10_baseline 	| 	Epoch 100	KSVectorLoss: 0.00958215
INFO : 05-22 03:23 : ksdkt/20_05_13_Math_v10_baseline 	| 	Epoch 100	W1: 0.00162585	W2: 9.12863e-06
INFO : 05-22 03:23 : ksdkt/20_05_13_Math_v10_baseline 	| Best AUC 0.49959 refreshed and saved!
INFO : 05-22 03:23 : ksdkt/20_05_13_Math_v10_baseline 	| At 03:23 4m 51s passed ( - 92m 15s til 05:39) (100epoch 5.0%)
INFO : 05-22 03:28 : ksdkt/20_05_13_Math_v10_baseline 	| 	Epoch 200	Train Loss: 0.667607	AUC: 0.521746
INFO : 05-22 03:28 : ksdkt/20_05_13_Math_v10_baseline 	| 	Epoch 200	Valid Loss: 0.663922	AUC: 0.500672
INFO : 05-22 03:28 : ksdkt/20_05_13_Math_v10_baseline 	| 	Epoch 200	KSVectorLoss: 0.00933456
INFO : 05-22 03:28 : ksdkt/20_05_13_Math_v10_baseline 	| 	Epoch 200	W1: 0.00371826	W2: 4.17882e-05
INFO : 05-22 03:28 : ksdkt/20_05_13_Math_v10_baseline 	| Best AUC 0.500672 refreshed and saved!
INFO : 05-22 03:28 : ksdkt/20_05_13_Math_v10_baseline 	| At 03:28 9m 43s passed ( - 87m 30s til 06:10) (200epoch 10.0%)
INFO : 05-22 03:33 : ksdkt/20_05_13_Math_v10_baseline 	| 	Epoch 300	Train Loss: 0.667013	AUC: 0.524679
INFO : 05-22 03:33 : ksdkt/20_05_13_Math_v10_baseline 	| 	Epoch 300	Valid Loss: 0.663237	AUC: 0.500767
INFO : 05-22 03:33 : ksdkt/20_05_13_Math_v10_baseline 	| 	Epoch 300	KSVectorLoss: 0.00929696
INFO : 05-22 03:33 : ksdkt/20_05_13_Math_v10_baseline 	| 	Epoch 300	W1: 0.00395026	W2: 4.92879e-05
INFO : 05-22 03:33 : ksdkt/20_05_13_Math_v10_baseline 	| Best AUC 0.500767 refreshed and saved!
INFO : 05-22 03:33 : ksdkt/20_05_13_Math_v10_baseline 	| At 03:33 14m 35s passed ( - 82m 40s til 02:10) (300epoch 15.0%)
INFO : 05-22 03:38 : ksdkt/20_05_13_Math_v10_baseline 	| 	Epoch 400	Train Loss: 0.666747	AUC: 0.526505
INFO : 05-22 03:38 : ksdkt/20_05_13_Math_v10_baseline 	| 	Epoch 400	Valid Loss: 0.66294	AUC: 0.501219
INFO : 05-22 03:38 : ksdkt/20_05_13_Math_v10_baseline 	| 	Epoch 400	KSVectorLoss: 0.0092821
INFO : 05-22 03:38 : ksdkt/20_05_13_Math_v10_baseline 	| 	Epoch 400	W1: 0.00397023	W2: 5.18538e-05
INFO : 05-22 03:38 : ksdkt/20_05_13_Math_v10_baseline 	| Best AUC 0.501219 refreshed and saved!
INFO : 05-22 03:38 : ksdkt/20_05_13_Math_v10_baseline 	| At 03:38 19m 27s passed ( - 77m 48s til 17:59) (400epoch 20.0%)
INFO : 05-22 03:43 : ksdkt/20_05_13_Math_v10_baseline 	| 	Epoch 500	Train Loss: 0.666613	AUC: 0.527513
INFO : 05-22 03:43 : ksdkt/20_05_13_Math_v10_baseline 	| 	Epoch 500	Valid Loss: 0.662762	AUC: 0.501399
INFO : 05-22 03:43 : ksdkt/20_05_13_Math_v10_baseline 	| 	Epoch 500	KSVectorLoss: 0.00927414
INFO : 05-22 03:43 : ksdkt/20_05_13_Math_v10_baseline 	| 	Epoch 500	W1: 0.00396596	W2: 5.31918e-05
INFO : 05-22 03:43 : ksdkt/20_05_13_Math_v10_baseline 	| Best AUC 0.501399 refreshed and saved!
INFO : 05-22 03:43 : ksdkt/20_05_13_Math_v10_baseline 	| At 03:43 24m 19s passed ( - 72m 58s til 06:51) (500epoch 25.0%)
INFO : 05-22 03:47 : ksdkt/20_05_13_Math_v10_baseline 	| 	Epoch 600	Train Loss: 0.666481	AUC: 0.528798
INFO : 05-22 03:47 : ksdkt/20_05_13_Math_v10_baseline 	| 	Epoch 600	Valid Loss: 0.66264	AUC: 0.501647
INFO : 05-22 03:47 : ksdkt/20_05_13_Math_v10_baseline 	| 	Epoch 600	KSVectorLoss: 0.00926955
INFO : 05-22 03:47 : ksdkt/20_05_13_Math_v10_baseline 	| 	Epoch 600	W1: 0.00396156	W2: 5.39794e-05
INFO : 05-22 03:47 : ksdkt/20_05_13_Math_v10_baseline 	| Best AUC 0.501647 refreshed and saved!
INFO : 05-22 03:47 : ksdkt/20_05_13_Math_v10_baseline 	| At 03:47 29m 11s passed ( - 68m 5s til 02:17) (600epoch 30.0%)
INFO : 05-22 03:52 : ksdkt/20_05_13_Math_v10_baseline 	| 	Epoch 700	Train Loss: 0.666403	AUC: 0.529607
INFO : 05-22 03:52 : ksdkt/20_05_13_Math_v10_baseline 	| 	Epoch 700	Valid Loss: 0.662551	AUC: 0.501889
INFO : 05-22 03:52 : ksdkt/20_05_13_Math_v10_baseline 	| 	Epoch 700	KSVectorLoss: 0.00926679
INFO : 05-22 03:52 : ksdkt/20_05_13_Math_v10_baseline 	| 	Epoch 700	W1: 0.00396533	W2: 5.44951e-05
INFO : 05-22 03:52 : ksdkt/20_05_13_Math_v10_baseline 	| Best AUC 0.501889 refreshed and saved!
INFO : 05-22 03:52 : ksdkt/20_05_13_Math_v10_baseline 	| At 03:52 34m 3s passed ( - 63m 15s til 14:40) (700epoch 35.0%)
INFO : 05-22 03:57 : ksdkt/20_05_13_Math_v10_baseline 	| 	Epoch 800	Train Loss: 0.666333	AUC: 0.530429
INFO : 05-22 03:57 : ksdkt/20_05_13_Math_v10_baseline 	| 	Epoch 800	Valid Loss: 0.662481	AUC: 0.502116
INFO : 05-22 03:57 : ksdkt/20_05_13_Math_v10_baseline 	| 	Epoch 800	KSVectorLoss: 0.00926519
INFO : 05-22 03:57 : ksdkt/20_05_13_Math_v10_baseline 	| 	Epoch 800	W1: 0.00397978	W2: 5.48563e-05
INFO : 05-22 03:57 : ksdkt/20_05_13_Math_v10_baseline 	| Best AUC 0.502116 refreshed and saved!
INFO : 05-22 03:57 : ksdkt/20_05_13_Math_v10_baseline 	| At 03:57 38m 55s passed ( - 58m 23s til 08:22) (800epoch 40.0%)
INFO : 05-22 04:02 : ksdkt/20_05_13_Math_v10_baseline 	| 	Epoch 900	Train Loss: 0.666246	AUC: 0.53142
INFO : 05-22 04:02 : ksdkt/20_05_13_Math_v10_baseline 	| 	Epoch 900	Valid Loss: 0.662421	AUC: 0.502399
INFO : 05-22 04:02 : ksdkt/20_05_13_Math_v10_baseline 	| 	Epoch 900	KSVectorLoss: 0.00926427
INFO : 05-22 04:02 : ksdkt/20_05_13_Math_v10_baseline 	| 	Epoch 900	W1: 0.0040075	W2: 5.51622e-05
INFO : 05-22 04:02 : ksdkt/20_05_13_Math_v10_baseline 	| Best AUC 0.502399 refreshed and saved!
INFO : 05-22 04:02 : ksdkt/20_05_13_Math_v10_baseline 	| At 04:02 43m 47s passed ( - 53m 30s til 01:49) (900epoch 45.0%)
INFO : 05-22 04:07 : ksdkt/20_05_13_Math_v10_baseline 	| 	Epoch 1000	Train Loss: 0.666177	AUC: 0.532168
INFO : 05-22 04:07 : ksdkt/20_05_13_Math_v10_baseline 	| 	Epoch 1000	Valid Loss: 0.662367	AUC: 0.502703
INFO : 05-22 04:07 : ksdkt/20_05_13_Math_v10_baseline 	| 	Epoch 1000	KSVectorLoss: 0.00926378
INFO : 05-22 04:07 : ksdkt/20_05_13_Math_v10_baseline 	| 	Epoch 1000	W1: 0.00405101	W2: 5.54846e-05
INFO : 05-22 04:07 : ksdkt/20_05_13_Math_v10_baseline 	| Best AUC 0.502703 refreshed and saved!
INFO : 05-22 04:07 : ksdkt/20_05_13_Math_v10_baseline 	| At 04:07 48m 38s passed ( - 48m 38s til 18:46) (1000epoch 50.0%)
INFO : 05-22 04:12 : ksdkt/20_05_13_Math_v10_baseline 	| 	Epoch 1100	Train Loss: 0.666114	AUC: 0.532882
INFO : 05-22 04:12 : ksdkt/20_05_13_Math_v10_baseline 	| 	Epoch 1100	Valid Loss: 0.662313	AUC: 0.503178
INFO : 05-22 04:12 : ksdkt/20_05_13_Math_v10_baseline 	| 	Epoch 1100	KSVectorLoss: 0.00926357
INFO : 05-22 04:12 : ksdkt/20_05_13_Math_v10_baseline 	| 	Epoch 1100	W1: 0.00411163	W2: 5.58607e-05
INFO : 05-22 04:12 : ksdkt/20_05_13_Math_v10_baseline 	| Best AUC 0.503178 refreshed and saved!
INFO : 05-22 04:12 : ksdkt/20_05_13_Math_v10_baseline 	| At 04:12 53m 30s passed ( - 43m 46s til 00:10) (1100epoch 55.0%)
INFO : 05-22 04:17 : ksdkt/20_05_13_Math_v10_baseline 	| 	Epoch 1200	Train Loss: 0.666019	AUC: 0.5341
INFO : 05-22 04:17 : ksdkt/20_05_13_Math_v10_baseline 	| 	Epoch 1200	Valid Loss: 0.662257	AUC: 0.503722
INFO : 05-22 04:17 : ksdkt/20_05_13_Math_v10_baseline 	| 	Epoch 1200	KSVectorLoss: 0.00926348
INFO : 05-22 04:17 : ksdkt/20_05_13_Math_v10_baseline 	| 	Epoch 1200	W1: 0.00419366	W2: 5.63694e-05
INFO : 05-22 04:17 : ksdkt/20_05_13_Math_v10_baseline 	| Best AUC 0.503722 refreshed and saved!
INFO : 05-22 04:17 : ksdkt/20_05_13_Math_v10_baseline 	| At 04:17 58m 24s passed ( - 38m 56s til 07:24) (1200epoch 60.0%)
INFO : 05-22 04:22 : ksdkt/20_05_13_Math_v10_baseline 	| 	Epoch 1300	Train Loss: 0.665945	AUC: 0.534888
INFO : 05-22 04:22 : ksdkt/20_05_13_Math_v10_baseline 	| 	Epoch 1300	Valid Loss: 0.662195	AUC: 0.50444
INFO : 05-22 04:22 : ksdkt/20_05_13_Math_v10_baseline 	| 	Epoch 1300	KSVectorLoss: 0.00926346
INFO : 05-22 04:22 : ksdkt/20_05_13_Math_v10_baseline 	| 	Epoch 1300	W1: 0.00430138	W2: 5.70805e-05
INFO : 05-22 04:22 : ksdkt/20_05_13_Math_v10_baseline 	| Best AUC 0.50444 refreshed and saved!
INFO : 05-22 04:22 : ksdkt/20_05_13_Math_v10_baseline 	| At 04:22 63m 18s passed ( - 34m 5s til 15:12) (1300epoch 65.0%)
INFO : 05-22 04:27 : ksdkt/20_05_13_Math_v10_baseline 	| 	Epoch 1400	Train Loss: 0.665828	AUC: 0.536239
INFO : 05-22 04:27 : ksdkt/20_05_13_Math_v10_baseline 	| 	Epoch 1400	Valid Loss: 0.662121	AUC: 0.505358
INFO : 05-22 04:27 : ksdkt/20_05_13_Math_v10_baseline 	| 	Epoch 1400	KSVectorLoss: 0.00926334
INFO : 05-22 04:27 : ksdkt/20_05_13_Math_v10_baseline 	| 	Epoch 1400	W1: 0.004442	W2: 5.81162e-05
INFO : 05-22 04:27 : ksdkt/20_05_13_Math_v10_baseline 	| Best AUC 0.505358 refreshed and saved!
INFO : 05-22 04:27 : ksdkt/20_05_13_Math_v10_baseline 	| At 04:27 68m 13s passed ( - 29m 14s til 08:58) (1400epoch 70.0%)
INFO : 05-22 04:31 : ksdkt/20_05_13_Math_v10_baseline 	| 	Epoch 1500	Train Loss: 0.665686	AUC: 0.537801
INFO : 05-22 04:31 : ksdkt/20_05_13_Math_v10_baseline 	| 	Epoch 1500	Valid Loss: 0.662028	AUC: 0.506537
INFO : 05-22 04:31 : ksdkt/20_05_13_Math_v10_baseline 	| 	Epoch 1500	KSVectorLoss: 0.00926301
INFO : 05-22 04:31 : ksdkt/20_05_13_Math_v10_baseline 	| 	Epoch 1500	W1: 0.00462665	W2: 5.9673e-05
INFO : 05-22 04:31 : ksdkt/20_05_13_Math_v10_baseline 	| Best AUC 0.506537 refreshed and saved!
INFO : 05-22 04:31 : ksdkt/20_05_13_Math_v10_baseline 	| At 04:31 73m 7s passed ( - 24m 22s til 20:10) (1500epoch 75.0%)
INFO : 05-22 04:36 : ksdkt/20_05_13_Math_v10_baseline 	| 	Epoch 1600	Train Loss: 0.665488	AUC: 0.539879
INFO : 05-22 04:36 : ksdkt/20_05_13_Math_v10_baseline 	| 	Epoch 1600	Valid Loss: 0.6619	AUC: 0.508213
INFO : 05-22 04:36 : ksdkt/20_05_13_Math_v10_baseline 	| 	Epoch 1600	KSVectorLoss: 0.00926206
INFO : 05-22 04:36 : ksdkt/20_05_13_Math_v10_baseline 	| 	Epoch 1600	W1: 0.00487436	W2: 6.21254e-05
INFO : 05-22 04:36 : ksdkt/20_05_13_Math_v10_baseline 	| Best AUC 0.508213 refreshed and saved!
INFO : 05-22 04:36 : ksdkt/20_05_13_Math_v10_baseline 	| At 04:36 78m 4s passed ( - 19m 31s til 04:42) (1600epoch 80.0%)
INFO : 05-22 04:41 : ksdkt/20_05_13_Math_v10_baseline 	| 	Epoch 1700	Train Loss: 0.66524	AUC: 0.542349
INFO : 05-22 04:41 : ksdkt/20_05_13_Math_v10_baseline 	| 	Epoch 1700	Valid Loss: 0.661713	AUC: 0.510697
INFO : 05-22 04:41 : ksdkt/20_05_13_Math_v10_baseline 	| 	Epoch 1700	KSVectorLoss: 0.00926004
INFO : 05-22 04:41 : ksdkt/20_05_13_Math_v10_baseline 	| 	Epoch 1700	W1: 0.00521277	W2: 6.61055e-05
INFO : 05-22 04:41 : ksdkt/20_05_13_Math_v10_baseline 	| Best AUC 0.510697 refreshed and saved!
INFO : 05-22 04:41 : ksdkt/20_05_13_Math_v10_baseline 	| At 04:41 82m 59s passed ( - 14m 38s til 22:10) (1700epoch 85.0%)
INFO : 05-22 04:46 : ksdkt/20_05_13_Math_v10_baseline 	| 	Epoch 1800	Train Loss: 0.664808	AUC: 0.546195
INFO : 05-22 04:46 : ksdkt/20_05_13_Math_v10_baseline 	| 	Epoch 1800	Valid Loss: 0.661411	AUC: 0.514646
INFO : 05-22 04:46 : ksdkt/20_05_13_Math_v10_baseline 	| 	Epoch 1800	KSVectorLoss: 0.00925545
INFO : 05-22 04:46 : ksdkt/20_05_13_Math_v10_baseline 	| 	Epoch 1800	W1: 0.00568103	W2: 7.2838e-05
INFO : 05-22 04:46 : ksdkt/20_05_13_Math_v10_baseline 	| Best AUC 0.514646 refreshed and saved!
INFO : 05-22 04:46 : ksdkt/20_05_13_Math_v10_baseline 	| At 04:46 87m 54s passed ( - 9m 46s til 05:22) (1800epoch 90.0%)
INFO : 05-22 04:51 : ksdkt/20_05_13_Math_v10_baseline 	| 	Epoch 1900	Train Loss: 0.664191	AUC: 0.550815
INFO : 05-22 04:51 : ksdkt/20_05_13_Math_v10_baseline 	| 	Epoch 1900	Valid Loss: 0.660983	AUC: 0.519892
INFO : 05-22 04:51 : ksdkt/20_05_13_Math_v10_baseline 	| 	Epoch 1900	KSVectorLoss: 0.00924764
INFO : 05-22 04:51 : ksdkt/20_05_13_Math_v10_baseline 	| 	Epoch 1900	W1: 0.00626932	W2: 8.33145e-05
INFO : 05-22 04:51 : ksdkt/20_05_13_Math_v10_baseline 	| Best AUC 0.519892 refreshed and saved!
INFO : 05-22 04:51 : ksdkt/20_05_13_Math_v10_baseline 	| At 04:51 92m 48s passed ( - 4m 53s til 07:02) (1900epoch 95.0%)
INFO : 05-22 04:56 : ksdkt/20_05_13_Math_v10_baseline 	| 	Epoch 2000	Train Loss: 0.66343	AUC: 0.555466
INFO : 05-22 04:56 : ksdkt/20_05_13_Math_v10_baseline 	| 	Epoch 2000	Valid Loss: 0.660529	AUC: 0.524944
INFO : 05-22 04:56 : ksdkt/20_05_13_Math_v10_baseline 	| 	Epoch 2000	KSVectorLoss: 0.00923795
INFO : 05-22 04:56 : ksdkt/20_05_13_Math_v10_baseline 	| 	Epoch 2000	W1: 0.00694017	W2: 9.78949e-05
INFO : 05-22 04:56 : ksdkt/20_05_13_Math_v10_baseline 	| Best AUC 0.524944 refreshed and saved!
INFO : 05-22 04:56 : ksdkt/20_05_13_Math_v10_baseline 	| At 04:56 97m 43s passed ( - 0m 0s til 04:56) (2000epoch 100.0%)
INFO : 05-22 04:56 : ksdkt/20_05_13_Math_v10_baseline 	| Loading model /code/output/config/20_05_13_Math_v10_baseline/checkpoints/20200522-0308/f1_best.model
INFO : 05-22 04:56 : ksdkt/20_05_13_Math_v10_baseline 	| test_dl.dataset size: 3040
INFO : 05-22 04:56 : ksdkt/20_05_13_Math_v10_baseline 	| Starting test
INFO : 05-22 04:56 : ksdkt/20_05_13_Math_v10_baseline 	| 	Test Loss: 0.655644	AUC: 0.547744
INFO : 05-22 04:56 : ksdkt/20_05_13_Math_v10_baseline 	| 	Test KSV AUC: 0.993414
INFO : 05-22 04:56 : ksdkt/20_05_13_Math_v10_baseline 	| 	W1: 0.00694722	W2: 9.81701e-05
INFO : 05-22 04:57 : ksdkt/20_05_13_Math_v10_baseline 	| RP soft 	 good:bad = 290:241
INFO : 05-22 04:57 : ksdkt/20_05_13_Math_v10_baseline 	| RP hard 	 nDCG = 0.8175±0.1734
INFO : 05-22 04:57 : ksdkt/20_05_13_Math_v10_baseline 	| The model has 602,979 trainable parameters
INFO : 05-22 04:57 : ksdkt/20_05_13_Math_v10_baseline 	| train_dl.dataset size: 9728
INFO : 05-22 04:57 : ksdkt/20_05_13_Math_v10_baseline 	| valid_dl.dataset size: 2432
INFO : 05-22 04:57 : ksdkt/20_05_13_Math_v10_baseline 	| Starting train
INFO : 05-22 05:02 : ksdkt/20_05_13_Math_v10_baseline 	| 	Epoch 100	Train Loss: 0.67535	AUC: 0.507253
INFO : 05-22 05:02 : ksdkt/20_05_13_Math_v10_baseline 	| 	Epoch 100	Valid Loss: 0.674534	AUC: 0.499417
INFO : 05-22 05:02 : ksdkt/20_05_13_Math_v10_baseline 	| 	Epoch 100	KSVectorLoss: 0.00962597
INFO : 05-22 05:02 : ksdkt/20_05_13_Math_v10_baseline 	| 	Epoch 100	W1: 0.00135381	W2: 6.09256e-06
INFO : 05-22 05:02 : ksdkt/20_05_13_Math_v10_baseline 	| Best AUC 0.499417 refreshed and saved!
INFO : 05-22 05:02 : ksdkt/20_05_13_Math_v10_baseline 	| At 05:02 4m 55s passed ( - 93m 30s til 17:15) (100epoch 5.0%)
INFO : 05-22 05:07 : ksdkt/20_05_13_Math_v10_baseline 	| 	Epoch 200	Train Loss: 0.66712	AUC: 0.520178
INFO : 05-22 05:07 : ksdkt/20_05_13_Math_v10_baseline 	| 	Epoch 200	Valid Loss: 0.666183	AUC: 0.502483
INFO : 05-22 05:07 : ksdkt/20_05_13_Math_v10_baseline 	| 	Epoch 200	KSVectorLoss: 0.009359
INFO : 05-22 05:07 : ksdkt/20_05_13_Math_v10_baseline 	| 	Epoch 200	W1: 0.00360226	W2: 3.82032e-05
INFO : 05-22 05:07 : ksdkt/20_05_13_Math_v10_baseline 	| Best AUC 0.502483 refreshed and saved!
INFO : 05-22 05:07 : ksdkt/20_05_13_Math_v10_baseline 	| At 05:07 9m 50s passed ( - 88m 32s til 19:37) (200epoch 10.0%)
INFO : 05-22 05:12 : ksdkt/20_05_13_Math_v10_baseline 	| 	Epoch 300	Train Loss: 0.666375	AUC: 0.524305
INFO : 05-22 05:12 : ksdkt/20_05_13_Math_v10_baseline 	| 	Epoch 300	Valid Loss: 0.665477	AUC: 0.503767
INFO : 05-22 05:12 : ksdkt/20_05_13_Math_v10_baseline 	| 	Epoch 300	KSVectorLoss: 0.00931488
INFO : 05-22 05:12 : ksdkt/20_05_13_Math_v10_baseline 	| 	Epoch 300	W1: 0.00391847	W2: 4.71916e-05
INFO : 05-22 05:12 : ksdkt/20_05_13_Math_v10_baseline 	| Best AUC 0.503767 refreshed and saved!
INFO : 05-22 05:12 : ksdkt/20_05_13_Math_v10_baseline 	| At 05:12 14m 44s passed ( - 83m 32s til 01:32) (300epoch 15.0%)
INFO : 05-22 05:17 : ksdkt/20_05_13_Math_v10_baseline 	| 	Epoch 400	Train Loss: 0.66614	AUC: 0.525565
INFO : 05-22 05:17 : ksdkt/20_05_13_Math_v10_baseline 	| 	Epoch 400	Valid Loss: 0.665209	AUC: 0.504195
INFO : 05-22 05:17 : ksdkt/20_05_13_Math_v10_baseline 	| 	Epoch 400	KSVectorLoss: 0.00929913
INFO : 05-22 05:17 : ksdkt/20_05_13_Math_v10_baseline 	| 	Epoch 400	W1: 0.00394497	W2: 5.00747e-05
INFO : 05-22 05:17 : ksdkt/20_05_13_Math_v10_baseline 	| Best AUC 0.504195 refreshed and saved!
INFO : 05-22 05:17 : ksdkt/20_05_13_Math_v10_baseline 	| At 05:17 19m 40s passed ( - 78m 42s til 10:00) (400epoch 20.0%)
INFO : 05-22 05:21 : ksdkt/20_05_13_Math_v10_baseline 	| 	Epoch 500	Train Loss: 0.665956	AUC: 0.52703
INFO : 05-22 05:21 : ksdkt/20_05_13_Math_v10_baseline 	| 	Epoch 500	Valid Loss: 0.665055	AUC: 0.504548
INFO : 05-22 05:21 : ksdkt/20_05_13_Math_v10_baseline 	| 	Epoch 500	KSVectorLoss: 0.00929093
INFO : 05-22 05:21 : ksdkt/20_05_13_Math_v10_baseline 	| 	Epoch 500	W1: 0.00393333	W2: 5.15223e-05
INFO : 05-22 05:21 : ksdkt/20_05_13_Math_v10_baseline 	| Best AUC 0.504548 refreshed and saved!
INFO : 05-22 05:21 : ksdkt/20_05_13_Math_v10_baseline 	| At 05:21 24m 37s passed ( - 73m 53s til 07:28) (500epoch 25.0%)
INFO : 05-22 05:26 : ksdkt/20_05_13_Math_v10_baseline 	| 	Epoch 600	Train Loss: 0.665856	AUC: 0.527851
INFO : 05-22 05:26 : ksdkt/20_05_13_Math_v10_baseline 	| 	Epoch 600	Valid Loss: 0.664954	AUC: 0.504875
INFO : 05-22 05:26 : ksdkt/20_05_13_Math_v10_baseline 	| 	Epoch 600	KSVectorLoss: 0.00928624
INFO : 05-22 05:26 : ksdkt/20_05_13_Math_v10_baseline 	| 	Epoch 600	W1: 0.00391667	W2: 5.23431e-05
INFO : 05-22 05:26 : ksdkt/20_05_13_Math_v10_baseline 	| Best AUC 0.504875 refreshed and saved!
INFO : 05-22 05:26 : ksdkt/20_05_13_Math_v10_baseline 	| At 05:26 29m 33s passed ( - 68m 58s til 13:20) (600epoch 30.0%)
INFO : 05-22 05:31 : ksdkt/20_05_13_Math_v10_baseline 	| 	Epoch 700	Train Loss: 0.665764	AUC: 0.52893
INFO : 05-22 05:31 : ksdkt/20_05_13_Math_v10_baseline 	| 	Epoch 700	Valid Loss: 0.664881	AUC: 0.505241
INFO : 05-22 05:31 : ksdkt/20_05_13_Math_v10_baseline 	| 	Epoch 700	KSVectorLoss: 0.00928351
INFO : 05-22 05:31 : ksdkt/20_05_13_Math_v10_baseline 	| 	Epoch 700	W1: 0.00390365	W2: 5.28211e-05
INFO : 05-22 05:31 : ksdkt/20_05_13_Math_v10_baseline 	| Best AUC 0.505241 refreshed and saved!
INFO : 05-22 05:31 : ksdkt/20_05_13_Math_v10_baseline 	| At 05:31 34m 30s passed ( - 64m 5s til 10:10) (700epoch 35.0%)
INFO : 05-22 05:36 : ksdkt/20_05_13_Math_v10_baseline 	| 	Epoch 800	Train Loss: 0.6657	AUC: 0.52968
INFO : 05-22 05:36 : ksdkt/20_05_13_Math_v10_baseline 	| 	Epoch 800	Valid Loss: 0.664824	AUC: 0.505628
INFO : 05-22 05:36 : ksdkt/20_05_13_Math_v10_baseline 	| 	Epoch 800	KSVectorLoss: 0.00928194
INFO : 05-22 05:36 : ksdkt/20_05_13_Math_v10_baseline 	| 	Epoch 800	W1: 0.00389831	W2: 5.31142e-05
INFO : 05-22 05:36 : ksdkt/20_05_13_Math_v10_baseline 	| Best AUC 0.505628 refreshed and saved!
INFO : 05-22 05:36 : ksdkt/20_05_13_Math_v10_baseline 	| At 05:36 39m 25s passed ( - 59m 8s til 01:32) (800epoch 40.0%)
INFO : 05-22 05:41 : ksdkt/20_05_13_Math_v10_baseline 	| 	Epoch 900	Train Loss: 0.665632	AUC: 0.530472
INFO : 05-22 05:41 : ksdkt/20_05_13_Math_v10_baseline 	| 	Epoch 900	Valid Loss: 0.664776	AUC: 0.50596
INFO : 05-22 05:41 : ksdkt/20_05_13_Math_v10_baseline 	| 	Epoch 900	KSVectorLoss: 0.00928117
INFO : 05-22 05:41 : ksdkt/20_05_13_Math_v10_baseline 	| 	Epoch 900	W1: 0.00390188	W2: 5.3293e-05
INFO : 05-22 05:41 : ksdkt/20_05_13_Math_v10_baseline 	| Best AUC 0.50596 refreshed and saved!
INFO : 05-22 05:41 : ksdkt/20_05_13_Math_v10_baseline 	| At 05:41 44m 21s passed ( - 54m 13s til 11:06) (900epoch 45.0%)
INFO : 05-22 05:46 : ksdkt/20_05_13_Math_v10_baseline 	| 	Epoch 1000	Train Loss: 0.665552	AUC: 0.531374
INFO : 05-22 05:46 : ksdkt/20_05_13_Math_v10_baseline 	| 	Epoch 1000	Valid Loss: 0.664734	AUC: 0.506297
INFO : 05-22 05:46 : ksdkt/20_05_13_Math_v10_baseline 	| 	Epoch 1000	KSVectorLoss: 0.00928085
INFO : 05-22 05:46 : ksdkt/20_05_13_Math_v10_baseline 	| 	Epoch 1000	W1: 0.00391624	W2: 5.34295e-05
INFO : 05-22 05:46 : ksdkt/20_05_13_Math_v10_baseline 	| Best AUC 0.506297 refreshed and saved!
INFO : 05-22 05:46 : ksdkt/20_05_13_Math_v10_baseline 	| At 05:46 49m 16s passed ( - 49m 16s til 05:11) (1000epoch 50.0%)
INFO : 05-22 05:51 : ksdkt/20_05_13_Math_v10_baseline 	| 	Epoch 1100	Train Loss: 0.665527	AUC: 0.531752
INFO : 05-22 05:51 : ksdkt/20_05_13_Math_v10_baseline 	| 	Epoch 1100	Valid Loss: 0.664692	AUC: 0.506717
INFO : 05-22 05:51 : ksdkt/20_05_13_Math_v10_baseline 	| 	Epoch 1100	KSVectorLoss: 0.0092809
INFO : 05-22 05:51 : ksdkt/20_05_13_Math_v10_baseline 	| 	Epoch 1100	W1: 0.00394192	W2: 5.3554e-05
INFO : 05-22 05:51 : ksdkt/20_05_13_Math_v10_baseline 	| Best AUC 0.506717 refreshed and saved!
INFO : 05-22 05:51 : ksdkt/20_05_13_Math_v10_baseline 	| At 05:51 54m 11s passed ( - 44m 20s til 05:52) (1100epoch 55.0%)
INFO : 05-22 05:56 : ksdkt/20_05_13_Math_v10_baseline 	| 	Epoch 1200	Train Loss: 0.665424	AUC: 0.533022
INFO : 05-22 05:56 : ksdkt/20_05_13_Math_v10_baseline 	| 	Epoch 1200	Valid Loss: 0.664649	AUC: 0.507195
INFO : 05-22 05:56 : ksdkt/20_05_13_Math_v10_baseline 	| 	Epoch 1200	KSVectorLoss: 0.00928111
INFO : 05-22 05:56 : ksdkt/20_05_13_Math_v10_baseline 	| 	Epoch 1200	W1: 0.00398131	W2: 5.37162e-05
INFO : 05-22 05:56 : ksdkt/20_05_13_Math_v10_baseline 	| Best AUC 0.507195 refreshed and saved!
INFO : 05-22 05:56 : ksdkt/20_05_13_Math_v10_baseline 	| At 05:56 59m 6s passed ( - 39m 24s til 06:51) (1200epoch 60.0%)
INFO : 05-22 06:01 : ksdkt/20_05_13_Math_v10_baseline 	| 	Epoch 1300	Train Loss: 0.665354	AUC: 0.533831
INFO : 05-22 06:01 : ksdkt/20_05_13_Math_v10_baseline 	| 	Epoch 1300	Valid Loss: 0.664601	AUC: 0.507777
INFO : 05-22 06:01 : ksdkt/20_05_13_Math_v10_baseline 	| 	Epoch 1300	KSVectorLoss: 0.00928146
INFO : 05-22 06:01 : ksdkt/20_05_13_Math_v10_baseline 	| 	Epoch 1300	W1: 0.00403645	W2: 5.39477e-05
INFO : 05-22 06:01 : ksdkt/20_05_13_Math_v10_baseline 	| Best AUC 0.507777 refreshed and saved!
INFO : 05-22 06:01 : ksdkt/20_05_13_Math_v10_baseline 	| At 06:01 64m 1s passed ( - 34m 28s til 17:19) (1300epoch 65.0%)
INFO : 05-22 06:06 : ksdkt/20_05_13_Math_v10_baseline 	| 	Epoch 1400	Train Loss: 0.665252	AUC: 0.535122
INFO : 05-22 06:06 : ksdkt/20_05_13_Math_v10_baseline 	| 	Epoch 1400	Valid Loss: 0.664543	AUC: 0.508444
INFO : 05-22 06:06 : ksdkt/20_05_13_Math_v10_baseline 	| 	Epoch 1400	KSVectorLoss: 0.00928185
INFO : 05-22 06:06 : ksdkt/20_05_13_Math_v10_baseline 	| 	Epoch 1400	W1: 0.00411113	W2: 5.43e-05
INFO : 05-22 06:06 : ksdkt/20_05_13_Math_v10_baseline 	| Best AUC 0.508444 refreshed and saved!
INFO : 05-22 06:06 : ksdkt/20_05_13_Math_v10_baseline 	| At 06:06 68m 55s passed ( - 29m 32s til 11:55) (1400epoch 70.0%)
INFO : 05-22 06:11 : ksdkt/20_05_13_Math_v10_baseline 	| 	Epoch 1500	Train Loss: 0.665152	AUC: 0.536166
INFO : 05-22 06:11 : ksdkt/20_05_13_Math_v10_baseline 	| 	Epoch 1500	Valid Loss: 0.664469	AUC: 0.509388
INFO : 05-22 06:11 : ksdkt/20_05_13_Math_v10_baseline 	| 	Epoch 1500	KSVectorLoss: 0.00928219
INFO : 05-22 06:11 : ksdkt/20_05_13_Math_v10_baseline 	| 	Epoch 1500	W1: 0.00421164	W2: 5.48567e-05
INFO : 05-22 06:11 : ksdkt/20_05_13_Math_v10_baseline 	| Best AUC 0.509388 refreshed and saved!
INFO : 05-22 06:11 : ksdkt/20_05_13_Math_v10_baseline 	| At 06:11 73m 50s passed ( - 24m 36s til 00:17) (1500epoch 75.0%)
INFO : 05-22 06:16 : ksdkt/20_05_13_Math_v10_baseline 	| 	Epoch 1600	Train Loss: 0.665002	AUC: 0.537825
INFO : 05-22 06:16 : ksdkt/20_05_13_Math_v10_baseline 	| 	Epoch 1600	Valid Loss: 0.664369	AUC: 0.510692
INFO : 05-22 06:16 : ksdkt/20_05_13_Math_v10_baseline 	| 	Epoch 1600	KSVectorLoss: 0.0092824
INFO : 05-22 06:16 : ksdkt/20_05_13_Math_v10_baseline 	| 	Epoch 1600	W1: 0.00434798	W2: 5.57587e-05
INFO : 05-22 06:16 : ksdkt/20_05_13_Math_v10_baseline 	| Best AUC 0.510692 refreshed and saved!
INFO : 05-22 06:16 : ksdkt/20_05_13_Math_v10_baseline 	| At 06:16 78m 47s passed ( - 19m 41s til 01:31) (1600epoch 80.0%)
INFO : 05-22 06:21 : ksdkt/20_05_13_Math_v10_baseline 	| 	Epoch 1700	Train Loss: 0.664839	AUC: 0.539583
INFO : 05-22 06:21 : ksdkt/20_05_13_Math_v10_baseline 	| 	Epoch 1700	Valid Loss: 0.664227	AUC: 0.512576
INFO : 05-22 06:21 : ksdkt/20_05_13_Math_v10_baseline 	| 	Epoch 1700	KSVectorLoss: 0.00928225
INFO : 05-22 06:21 : ksdkt/20_05_13_Math_v10_baseline 	| 	Epoch 1700	W1: 0.00453716	W2: 5.72798e-05
INFO : 05-22 06:21 : ksdkt/20_05_13_Math_v10_baseline 	| Best AUC 0.512576 refreshed and saved!
INFO : 05-22 06:21 : ksdkt/20_05_13_Math_v10_baseline 	| At 06:21 83m 44s passed ( - 14m 46s til 20:42) (1700epoch 85.0%)
INFO : 05-22 06:26 : ksdkt/20_05_13_Math_v10_baseline 	| 	Epoch 1800	Train Loss: 0.664592	AUC: 0.542075
INFO : 05-22 06:26 : ksdkt/20_05_13_Math_v10_baseline 	| 	Epoch 1800	Valid Loss: 0.664009	AUC: 0.515396
INFO : 05-22 06:26 : ksdkt/20_05_13_Math_v10_baseline 	| 	Epoch 1800	KSVectorLoss: 0.00928125
INFO : 05-22 06:26 : ksdkt/20_05_13_Math_v10_baseline 	| 	Epoch 1800	W1: 0.00480551	W2: 5.99587e-05
INFO : 05-22 06:26 : ksdkt/20_05_13_Math_v10_baseline 	| Best AUC 0.515396 refreshed and saved!
INFO : 05-22 06:26 : ksdkt/20_05_13_Math_v10_baseline 	| At 06:26 88m 39s passed ( - 9m 51s til 08:35) (1800epoch 90.0%)
INFO : 05-22 06:30 : ksdkt/20_05_13_Math_v10_baseline 	| 	Epoch 1900	Train Loss: 0.664182	AUC: 0.545574
INFO : 05-22 06:30 : ksdkt/20_05_13_Math_v10_baseline 	| 	Epoch 1900	Valid Loss: 0.663671	AUC: 0.519518
INFO : 05-22 06:30 : ksdkt/20_05_13_Math_v10_baseline 	| 	Epoch 1900	KSVectorLoss: 0.00927819
INFO : 05-22 06:30 : ksdkt/20_05_13_Math_v10_baseline 	| 	Epoch 1900	W1: 0.00517634	W2: 6.46284e-05
INFO : 05-22 06:30 : ksdkt/20_05_13_Math_v10_baseline 	| Best AUC 0.519518 refreshed and saved!
INFO : 05-22 06:30 : ksdkt/20_05_13_Math_v10_baseline 	| At 06:30 93m 35s passed ( - 4m 55s til 20:18) (1900epoch 95.0%)
INFO : 05-22 06:35 : ksdkt/20_05_13_Math_v10_baseline 	| 	Epoch 2000	Train Loss: 0.663638	AUC: 0.549929
INFO : 05-22 06:35 : ksdkt/20_05_13_Math_v10_baseline 	| 	Epoch 2000	Valid Loss: 0.663215	AUC: 0.524593
INFO : 05-22 06:35 : ksdkt/20_05_13_Math_v10_baseline 	| 	Epoch 2000	KSVectorLoss: 0.00927218
INFO : 05-22 06:35 : ksdkt/20_05_13_Math_v10_baseline 	| 	Epoch 2000	W1: 0.00564722	W2: 7.20545e-05
INFO : 05-22 06:35 : ksdkt/20_05_13_Math_v10_baseline 	| Best AUC 0.524593 refreshed and saved!
INFO : 05-22 06:35 : ksdkt/20_05_13_Math_v10_baseline 	| At 06:35 98m 32s passed ( - 0m 0s til 06:35) (2000epoch 100.0%)
INFO : 05-22 06:35 : ksdkt/20_05_13_Math_v10_baseline 	| Loading model /code/output/config/20_05_13_Math_v10_baseline/checkpoints/20200522-0308/f2_best.model
INFO : 05-22 06:35 : ksdkt/20_05_13_Math_v10_baseline 	| test_dl.dataset size: 3040
INFO : 05-22 06:35 : ksdkt/20_05_13_Math_v10_baseline 	| Starting test
INFO : 05-22 06:35 : ksdkt/20_05_13_Math_v10_baseline 	| 	Test Loss: 0.656308	AUC: 0.542483
INFO : 05-22 06:35 : ksdkt/20_05_13_Math_v10_baseline 	| 	Test KSV AUC: 0.993355
INFO : 05-22 06:35 : ksdkt/20_05_13_Math_v10_baseline 	| 	W1: 0.00565421	W2: 7.22024e-05
INFO : 05-22 06:36 : ksdkt/20_05_13_Math_v10_baseline 	| RP soft 	 good:bad = 284:247
INFO : 05-22 06:36 : ksdkt/20_05_13_Math_v10_baseline 	| RP hard 	 nDCG = 0.8035±0.1721
INFO : 05-22 06:36 : ksdkt/20_05_13_Math_v10_baseline 	| The model has 602,979 trainable parameters
INFO : 05-22 06:36 : ksdkt/20_05_13_Math_v10_baseline 	| train_dl.dataset size: 9728
INFO : 05-22 06:36 : ksdkt/20_05_13_Math_v10_baseline 	| valid_dl.dataset size: 2432
INFO : 05-22 06:36 : ksdkt/20_05_13_Math_v10_baseline 	| Starting train
INFO : 05-22 06:41 : ksdkt/20_05_13_Math_v10_baseline 	| 	Epoch 100	Train Loss: 0.677517	AUC: 0.510595
INFO : 05-22 06:41 : ksdkt/20_05_13_Math_v10_baseline 	| 	Epoch 100	Valid Loss: 0.672615	AUC: 0.501423
INFO : 05-22 06:41 : ksdkt/20_05_13_Math_v10_baseline 	| 	Epoch 100	KSVectorLoss: 0.0096251
INFO : 05-22 06:41 : ksdkt/20_05_13_Math_v10_baseline 	| 	Epoch 100	W1: 0.00116106	W2: 4.26912e-06
INFO : 05-22 06:41 : ksdkt/20_05_13_Math_v10_baseline 	| Best AUC 0.502123 at epoch 20
INFO : 05-22 06:41 : ksdkt/20_05_13_Math_v10_baseline 	| At 06:41 4m 54s passed ( - 93m 20s til 04:02) (100epoch 5.0%)
INFO : 05-22 06:46 : ksdkt/20_05_13_Math_v10_baseline 	| 	Epoch 200	Train Loss: 0.669118	AUC: 0.521355
INFO : 05-22 06:46 : ksdkt/20_05_13_Math_v10_baseline 	| 	Epoch 200	Valid Loss: 0.659426	AUC: 0.501751
INFO : 05-22 06:46 : ksdkt/20_05_13_Math_v10_baseline 	| 	Epoch 200	KSVectorLoss: 0.00931608
INFO : 05-22 06:46 : ksdkt/20_05_13_Math_v10_baseline 	| 	Epoch 200	W1: 0.00329203	W2: 3.30038e-05
INFO : 05-22 06:46 : ksdkt/20_05_13_Math_v10_baseline 	| Best AUC 0.502123 at epoch 20
INFO : 05-22 06:46 : ksdkt/20_05_13_Math_v10_baseline 	| Early stopping.
INFO : 05-22 06:46 : ksdkt/20_05_13_Math_v10_baseline 	| Loading model /code/output/config/20_05_13_Math_v10_baseline/checkpoints/20200522-0308/f3_best.model
INFO : 05-22 06:46 : ksdkt/20_05_13_Math_v10_baseline 	| test_dl.dataset size: 3040
INFO : 05-22 06:46 : ksdkt/20_05_13_Math_v10_baseline 	| Starting test
INFO : 05-22 06:46 : ksdkt/20_05_13_Math_v10_baseline 	| 	Test Loss: 0.689259	AUC: 0.50529
INFO : 05-22 06:46 : ksdkt/20_05_13_Math_v10_baseline 	| 	Test KSV AUC: 0.992953
INFO : 05-22 06:46 : ksdkt/20_05_13_Math_v10_baseline 	| 	W1: 0.000537093	W2: 5.03706e-07
INFO : 05-22 06:47 : ksdkt/20_05_13_Math_v10_baseline 	| RP soft 	 good:bad = 275:256
INFO : 05-22 06:47 : ksdkt/20_05_13_Math_v10_baseline 	| RP hard 	 nDCG = 0.7902±0.1590
INFO : 05-22 06:47 : ksdkt/20_05_13_Math_v10_baseline 	| The model has 602,979 trainable parameters
INFO : 05-22 06:47 : ksdkt/20_05_13_Math_v10_baseline 	| train_dl.dataset size: 9728
INFO : 05-22 06:47 : ksdkt/20_05_13_Math_v10_baseline 	| valid_dl.dataset size: 2432
INFO : 05-22 06:47 : ksdkt/20_05_13_Math_v10_baseline 	| Starting train
INFO : 05-22 06:52 : ksdkt/20_05_13_Math_v10_baseline 	| 	Epoch 100	Train Loss: 0.670459	AUC: 0.508221
INFO : 05-22 06:52 : ksdkt/20_05_13_Math_v10_baseline 	| 	Epoch 100	Valid Loss: 0.684012	AUC: 0.498529
INFO : 05-22 06:52 : ksdkt/20_05_13_Math_v10_baseline 	| 	Epoch 100	KSVectorLoss: 0.00968825
INFO : 05-22 06:52 : ksdkt/20_05_13_Math_v10_baseline 	| 	Epoch 100	W1: 0.00175171	W2: 1.03669e-05
INFO : 05-22 06:52 : ksdkt/20_05_13_Math_v10_baseline 	| Best AUC 0.498529 refreshed and saved!
INFO : 05-22 06:52 : ksdkt/20_05_13_Math_v10_baseline 	| At 06:52 4m 54s passed ( - 93m 20s til 06:55) (100epoch 5.0%)
INFO : 05-22 06:57 : ksdkt/20_05_13_Math_v10_baseline 	| 	Epoch 200	Train Loss: 0.66183	AUC: 0.520579
INFO : 05-22 06:57 : ksdkt/20_05_13_Math_v10_baseline 	| 	Epoch 200	Valid Loss: 0.686406	AUC: 0.503335
INFO : 05-22 06:57 : ksdkt/20_05_13_Math_v10_baseline 	| 	Epoch 200	KSVectorLoss: 0.00951128
INFO : 05-22 06:57 : ksdkt/20_05_13_Math_v10_baseline 	| 	Epoch 200	W1: 0.00425088	W2: 5.39947e-05
INFO : 05-22 06:57 : ksdkt/20_05_13_Math_v10_baseline 	| Best AUC 0.503335 refreshed and saved!
INFO : 05-22 06:57 : ksdkt/20_05_13_Math_v10_baseline 	| At 06:57 9m 48s passed ( - 88m 20s til 14:40) (200epoch 10.0%)
INFO : 05-22 07:02 : ksdkt/20_05_13_Math_v10_baseline 	| 	Epoch 300	Train Loss: 0.66115	AUC: 0.523479
INFO : 05-22 07:02 : ksdkt/20_05_13_Math_v10_baseline 	| 	Epoch 300	Valid Loss: 0.686654	AUC: 0.504983
INFO : 05-22 07:02 : ksdkt/20_05_13_Math_v10_baseline 	| 	Epoch 300	KSVectorLoss: 0.00948585
INFO : 05-22 07:02 : ksdkt/20_05_13_Math_v10_baseline 	| 	Epoch 300	W1: 0.00446484	W2: 6.30358e-05
INFO : 05-22 07:02 : ksdkt/20_05_13_Math_v10_baseline 	| Best AUC 0.504983 refreshed and saved!
INFO : 05-22 07:02 : ksdkt/20_05_13_Math_v10_baseline 	| At 07:02 14m 43s passed ( - 83m 25s til 12:24) (300epoch 15.0%)
INFO : 05-22 07:07 : ksdkt/20_05_13_Math_v10_baseline 	| 	Epoch 400	Train Loss: 0.660874	AUC: 0.524871
INFO : 05-22 07:07 : ksdkt/20_05_13_Math_v10_baseline 	| 	Epoch 400	Valid Loss: 0.686675	AUC: 0.505764
INFO : 05-22 07:07 : ksdkt/20_05_13_Math_v10_baseline 	| 	Epoch 400	KSVectorLoss: 0.00947585
INFO : 05-22 07:07 : ksdkt/20_05_13_Math_v10_baseline 	| 	Epoch 400	W1: 0.00446676	W2: 6.61424e-05
INFO : 05-22 07:07 : ksdkt/20_05_13_Math_v10_baseline 	| Best AUC 0.505764 refreshed and saved!
INFO : 05-22 07:07 : ksdkt/20_05_13_Math_v10_baseline 	| At 07:07 19m 37s passed ( - 78m 30s til 16:06) (400epoch 20.0%)
INFO : 05-22 07:11 : ksdkt/20_05_13_Math_v10_baseline 	| 	Epoch 500	Train Loss: 0.660709	AUC: 0.526007
INFO : 05-22 07:11 : ksdkt/20_05_13_Math_v10_baseline 	| 	Epoch 500	Valid Loss: 0.686685	AUC: 0.506357
INFO : 05-22 07:11 : ksdkt/20_05_13_Math_v10_baseline 	| 	Epoch 500	KSVectorLoss: 0.00947052
INFO : 05-22 07:11 : ksdkt/20_05_13_Math_v10_baseline 	| 	Epoch 500	W1: 0.00444532	W2: 6.77543e-05
INFO : 05-22 07:11 : ksdkt/20_05_13_Math_v10_baseline 	| Best AUC 0.506357 refreshed and saved!
INFO : 05-22 07:11 : ksdkt/20_05_13_Math_v10_baseline 	| At 07:11 24m 34s passed ( - 73m 43s til 14:08) (500epoch 25.0%)
INFO : 05-22 07:16 : ksdkt/20_05_13_Math_v10_baseline 	| 	Epoch 600	Train Loss: 0.660579	AUC: 0.527175
INFO : 05-22 07:16 : ksdkt/20_05_13_Math_v10_baseline 	| 	Epoch 600	Valid Loss: 0.686693	AUC: 0.506963
INFO : 05-22 07:16 : ksdkt/20_05_13_Math_v10_baseline 	| 	Epoch 600	KSVectorLoss: 0.00946746
INFO : 05-22 07:16 : ksdkt/20_05_13_Math_v10_baseline 	| 	Epoch 600	W1: 0.00442464	W2: 6.86718e-05
INFO : 05-22 07:16 : ksdkt/20_05_13_Math_v10_baseline 	| Best AUC 0.506963 refreshed and saved!
INFO : 05-22 07:16 : ksdkt/20_05_13_Math_v10_baseline 	| At 07:16 29m 29s passed ( - 68m 49s til 19:01) (600epoch 30.0%)
INFO : 05-22 07:21 : ksdkt/20_05_13_Math_v10_baseline 	| 	Epoch 700	Train Loss: 0.660476	AUC: 0.528291
INFO : 05-22 07:21 : ksdkt/20_05_13_Math_v10_baseline 	| 	Epoch 700	Valid Loss: 0.686699	AUC: 0.507424
INFO : 05-22 07:21 : ksdkt/20_05_13_Math_v10_baseline 	| 	Epoch 700	KSVectorLoss: 0.00946565
INFO : 05-22 07:21 : ksdkt/20_05_13_Math_v10_baseline 	| 	Epoch 700	W1: 0.00441212	W2: 6.9224e-05
INFO : 05-22 07:21 : ksdkt/20_05_13_Math_v10_baseline 	| Best AUC 0.507424 refreshed and saved!
INFO : 05-22 07:21 : ksdkt/20_05_13_Math_v10_baseline 	| At 07:21 34m 24s passed ( - 63m 54s til 05:43) (700epoch 35.0%)
INFO : 05-22 07:26 : ksdkt/20_05_13_Math_v10_baseline 	| 	Epoch 800	Train Loss: 0.660406	AUC: 0.529217
INFO : 05-22 07:26 : ksdkt/20_05_13_Math_v10_baseline 	| 	Epoch 800	Valid Loss: 0.686702	AUC: 0.5079
INFO : 05-22 07:26 : ksdkt/20_05_13_Math_v10_baseline 	| 	Epoch 800	KSVectorLoss: 0.0094646
INFO : 05-22 07:26 : ksdkt/20_05_13_Math_v10_baseline 	| 	Epoch 800	W1: 0.00441045	W2: 6.95765e-05
INFO : 05-22 07:26 : ksdkt/20_05_13_Math_v10_baseline 	| Best AUC 0.5079 refreshed and saved!
INFO : 05-22 07:26 : ksdkt/20_05_13_Math_v10_baseline 	| At 07:26 39m 19s passed ( - 58m 58s til 22:59) (800epoch 40.0%)
INFO : 05-22 07:31 : ksdkt/20_05_13_Math_v10_baseline 	| 	Epoch 900	Train Loss: 0.660324	AUC: 0.530167
INFO : 05-22 07:31 : ksdkt/20_05_13_Math_v10_baseline 	| 	Epoch 900	Valid Loss: 0.686701	AUC: 0.508357
INFO : 05-22 07:31 : ksdkt/20_05_13_Math_v10_baseline 	| 	Epoch 900	KSVectorLoss: 0.00946403
INFO : 05-22 07:31 : ksdkt/20_05_13_Math_v10_baseline 	| 	Epoch 900	W1: 0.00442105	W2: 6.98342e-05
INFO : 05-22 07:31 : ksdkt/20_05_13_Math_v10_baseline 	| Best AUC 0.508357 refreshed and saved!
INFO : 05-22 07:31 : ksdkt/20_05_13_Math_v10_baseline 	| At 07:31 44m 15s passed ( - 54m 5s til 16:01) (900epoch 45.0%)
INFO : 05-22 07:36 : ksdkt/20_05_13_Math_v10_baseline 	| 	Epoch 1000	Train Loss: 0.660253	AUC: 0.530955
INFO : 05-22 07:36 : ksdkt/20_05_13_Math_v10_baseline 	| 	Epoch 1000	Valid Loss: 0.686696	AUC: 0.508779
INFO : 05-22 07:36 : ksdkt/20_05_13_Math_v10_baseline 	| 	Epoch 1000	KSVectorLoss: 0.00946375
INFO : 05-22 07:36 : ksdkt/20_05_13_Math_v10_baseline 	| 	Epoch 1000	W1: 0.00444443	W2: 7.00454e-05
INFO : 05-22 07:36 : ksdkt/20_05_13_Math_v10_baseline 	| Best AUC 0.508779 refreshed and saved!
INFO : 05-22 07:36 : ksdkt/20_05_13_Math_v10_baseline 	| At 07:36 49m 10s passed ( - 49m 10s til 00:51) (1000epoch 50.0%)
INFO : 05-22 07:41 : ksdkt/20_05_13_Math_v10_baseline 	| 	Epoch 1100	Train Loss: 0.660185	AUC: 0.531799
INFO : 05-22 07:41 : ksdkt/20_05_13_Math_v10_baseline 	| 	Epoch 1100	Valid Loss: 0.686684	AUC: 0.509234
INFO : 05-22 07:41 : ksdkt/20_05_13_Math_v10_baseline 	| 	Epoch 1100	KSVectorLoss: 0.00946366
INFO : 05-22 07:41 : ksdkt/20_05_13_Math_v10_baseline 	| 	Epoch 1100	W1: 0.00448111	W2: 7.02579e-05
INFO : 05-22 07:41 : ksdkt/20_05_13_Math_v10_baseline 	| Best AUC 0.509234 refreshed and saved!
INFO : 05-22 07:41 : ksdkt/20_05_13_Math_v10_baseline 	| At 07:41 54m 6s passed ( - 44m 16s til 13:02) (1100epoch 55.0%)
INFO : 05-22 07:46 : ksdkt/20_05_13_Math_v10_baseline 	| 	Epoch 1200	Train Loss: 0.66013	AUC: 0.532554
INFO : 05-22 07:46 : ksdkt/20_05_13_Math_v10_baseline 	| 	Epoch 1200	Valid Loss: 0.686668	AUC: 0.509775
INFO : 05-22 07:46 : ksdkt/20_05_13_Math_v10_baseline 	| 	Epoch 1200	KSVectorLoss: 0.00946362
INFO : 05-22 07:46 : ksdkt/20_05_13_Math_v10_baseline 	| 	Epoch 1200	W1: 0.0045327	W2: 7.05239e-05
INFO : 05-22 07:46 : ksdkt/20_05_13_Math_v10_baseline 	| Best AUC 0.509775 refreshed and saved!
INFO : 05-22 07:46 : ksdkt/20_05_13_Math_v10_baseline 	| At 07:46 59m 1s passed ( - 39m 21s til 11:16) (1200epoch 60.0%)
INFO : 05-22 07:51 : ksdkt/20_05_13_Math_v10_baseline 	| 	Epoch 1300	Train Loss: 0.660052	AUC: 0.533522
INFO : 05-22 07:51 : ksdkt/20_05_13_Math_v10_baseline 	| 	Epoch 1300	Valid Loss: 0.686644	AUC: 0.510347
INFO : 05-22 07:51 : ksdkt/20_05_13_Math_v10_baseline 	| 	Epoch 1300	KSVectorLoss: 0.00946362
INFO : 05-22 07:51 : ksdkt/20_05_13_Math_v10_baseline 	| 	Epoch 1300	W1: 0.00460039	W2: 7.08625e-05
INFO : 05-22 07:51 : ksdkt/20_05_13_Math_v10_baseline 	| Best AUC 0.510347 refreshed and saved!
INFO : 05-22 07:51 : ksdkt/20_05_13_Math_v10_baseline 	| At 07:51 63m 59s passed ( - 34m 27s til 20:20) (1300epoch 65.0%)
INFO : 05-22 07:56 : ksdkt/20_05_13_Math_v10_baseline 	| 	Epoch 1400	Train Loss: 0.659986	AUC: 0.53421
INFO : 05-22 07:56 : ksdkt/20_05_13_Math_v10_baseline 	| 	Epoch 1400	Valid Loss: 0.686608	AUC: 0.510976
INFO : 05-22 07:56 : ksdkt/20_05_13_Math_v10_baseline 	| 	Epoch 1400	KSVectorLoss: 0.00946359
INFO : 05-22 07:56 : ksdkt/20_05_13_Math_v10_baseline 	| 	Epoch 1400	W1: 0.00468671	W2: 7.1307e-05
INFO : 05-22 07:56 : ksdkt/20_05_13_Math_v10_baseline 	| Best AUC 0.510976 refreshed and saved!
INFO : 05-22 07:56 : ksdkt/20_05_13_Math_v10_baseline 	| At 07:56 68m 56s passed ( - 29m 32s til 02:41) (1400epoch 70.0%)
INFO : 05-22 08:01 : ksdkt/20_05_13_Math_v10_baseline 	| 	Epoch 1500	Train Loss: 0.659873	AUC: 0.53561
INFO : 05-22 08:01 : ksdkt/20_05_13_Math_v10_baseline 	| 	Epoch 1500	Valid Loss: 0.686561	AUC: 0.511768
INFO : 05-22 08:01 : ksdkt/20_05_13_Math_v10_baseline 	| 	Epoch 1500	KSVectorLoss: 0.00946347
INFO : 05-22 08:01 : ksdkt/20_05_13_Math_v10_baseline 	| 	Epoch 1500	W1: 0.00479634	W2: 7.1953e-05
INFO : 05-22 08:01 : ksdkt/20_05_13_Math_v10_baseline 	| Best AUC 0.511768 refreshed and saved!
INFO : 05-22 08:01 : ksdkt/20_05_13_Math_v10_baseline 	| At 08:01 73m 53s passed ( - 24m 37s til 06:42) (1500epoch 75.0%)
INFO : 05-22 08:06 : ksdkt/20_05_13_Math_v10_baseline 	| 	Epoch 1600	Train Loss: 0.659776	AUC: 0.536738
INFO : 05-22 08:06 : ksdkt/20_05_13_Math_v10_baseline 	| 	Epoch 1600	Valid Loss: 0.686494	AUC: 0.512752
INFO : 05-22 08:06 : ksdkt/20_05_13_Math_v10_baseline 	| 	Epoch 1600	KSVectorLoss: 0.00946318
INFO : 05-22 08:06 : ksdkt/20_05_13_Math_v10_baseline 	| 	Epoch 1600	W1: 0.00493603	W2: 7.28893e-05
INFO : 05-22 08:06 : ksdkt/20_05_13_Math_v10_baseline 	| Best AUC 0.512752 refreshed and saved!
INFO : 05-22 08:06 : ksdkt/20_05_13_Math_v10_baseline 	| At 08:06 78m 52s passed ( - 19m 43s til 12:57) (1600epoch 80.0%)
INFO : 05-22 08:11 : ksdkt/20_05_13_Math_v10_baseline 	| 	Epoch 1700	Train Loss: 0.659626	AUC: 0.538478
INFO : 05-22 08:11 : ksdkt/20_05_13_Math_v10_baseline 	| 	Epoch 1700	Valid Loss: 0.686405	AUC: 0.514029
INFO : 05-22 08:11 : ksdkt/20_05_13_Math_v10_baseline 	| 	Epoch 1700	KSVectorLoss: 0.00946255
INFO : 05-22 08:11 : ksdkt/20_05_13_Math_v10_baseline 	| 	Epoch 1700	W1: 0.00511873	W2: 7.43551e-05
INFO : 05-22 08:11 : ksdkt/20_05_13_Math_v10_baseline 	| Best AUC 0.514029 refreshed and saved!
INFO : 05-22 08:11 : ksdkt/20_05_13_Math_v10_baseline 	| At 08:11 83m 49s passed ( - 14m 47s til 23:12) (1700epoch 85.0%)
INFO : 05-22 08:16 : ksdkt/20_05_13_Math_v10_baseline 	| 	Epoch 1800	Train Loss: 0.659393	AUC: 0.540919
INFO : 05-22 08:16 : ksdkt/20_05_13_Math_v10_baseline 	| 	Epoch 1800	Valid Loss: 0.686277	AUC: 0.515772
INFO : 05-22 08:16 : ksdkt/20_05_13_Math_v10_baseline 	| 	Epoch 1800	KSVectorLoss: 0.00946134
INFO : 05-22 08:16 : ksdkt/20_05_13_Math_v10_baseline 	| 	Epoch 1800	W1: 0.00536542	W2: 7.67456e-05
INFO : 05-22 08:16 : ksdkt/20_05_13_Math_v10_baseline 	| Best AUC 0.515772 refreshed and saved!
INFO : 05-22 08:16 : ksdkt/20_05_13_Math_v10_baseline 	| At 08:16 88m 47s passed ( - 9m 51s til 07:17) (1800epoch 90.0%)
INFO : 05-22 08:21 : ksdkt/20_05_13_Math_v10_baseline 	| 	Epoch 1900	Train Loss: 0.6591	AUC: 0.54367
INFO : 05-22 08:21 : ksdkt/20_05_13_Math_v10_baseline 	| 	Epoch 1900	Valid Loss: 0.68609	AUC: 0.518207
INFO : 05-22 08:21 : ksdkt/20_05_13_Math_v10_baseline 	| 	Epoch 1900	KSVectorLoss: 0.00945889
INFO : 05-22 08:21 : ksdkt/20_05_13_Math_v10_baseline 	| 	Epoch 1900	W1: 0.0057105	W2: 8.08651e-05
INFO : 05-22 08:21 : ksdkt/20_05_13_Math_v10_baseline 	| Best AUC 0.518207 refreshed and saved!
INFO : 05-22 08:21 : ksdkt/20_05_13_Math_v10_baseline 	| At 08:21 93m 45s passed ( - 4m 56s til 10:49) (1900epoch 95.0%)
INFO : 05-22 08:26 : ksdkt/20_05_13_Math_v10_baseline 	| 	Epoch 2000	Train Loss: 0.658616	AUC: 0.547692
INFO : 05-22 08:26 : ksdkt/20_05_13_Math_v10_baseline 	| 	Epoch 2000	Valid Loss: 0.685817	AUC: 0.521589
INFO : 05-22 08:26 : ksdkt/20_05_13_Math_v10_baseline 	| 	Epoch 2000	KSVectorLoss: 0.00945343
INFO : 05-22 08:26 : ksdkt/20_05_13_Math_v10_baseline 	| 	Epoch 2000	W1: 0.00620025	W2: 8.82244e-05
INFO : 05-22 08:26 : ksdkt/20_05_13_Math_v10_baseline 	| Best AUC 0.521589 refreshed and saved!
INFO : 05-22 08:26 : ksdkt/20_05_13_Math_v10_baseline 	| At 08:26 98m 45s passed ( - 0m 0s til 08:26) (2000epoch 100.0%)
INFO : 05-22 08:26 : ksdkt/20_05_13_Math_v10_baseline 	| Loading model /code/output/config/20_05_13_Math_v10_baseline/checkpoints/20200522-0308/f4_best.model
INFO : 05-22 08:26 : ksdkt/20_05_13_Math_v10_baseline 	| test_dl.dataset size: 3040
INFO : 05-22 08:26 : ksdkt/20_05_13_Math_v10_baseline 	| Starting test
INFO : 05-22 08:26 : ksdkt/20_05_13_Math_v10_baseline 	| 	Test Loss: 0.656514	AUC: 0.535816
INFO : 05-22 08:26 : ksdkt/20_05_13_Math_v10_baseline 	| 	Test KSV AUC: 0.993197
INFO : 05-22 08:26 : ksdkt/20_05_13_Math_v10_baseline 	| 	W1: 0.00621093	W2: 8.84328e-05
INFO : 05-22 08:26 : ksdkt/20_05_13_Math_v10_baseline 	| RP soft 	 good:bad = 272:259
INFO : 05-22 08:26 : ksdkt/20_05_13_Math_v10_baseline 	| RP hard 	 nDCG = 0.8044±0.1721
INFO : 05-22 08:26 : ksdkt/20_05_13_Math_v10_baseline 	| fintrain_dl.dataset size: 12160
INFO : 05-22 08:26 : ksdkt/20_05_13_Math_v10_baseline 	| fintest_dl.dataset size: 3040
INFO : 05-22 08:26 : ksdkt/20_05_13_Math_v10_baseline 	| The model has 602,979 trainable parameters
INFO : 05-22 08:26 : ksdkt/20_05_13_Math_v10_baseline 	| Starting train
INFO : 05-22 08:33 : ksdkt/20_05_13_Math_v10_baseline 	| 	Epoch 100	Train Loss: 0.673017	AUC: 0.508786
INFO : 05-22 08:33 : ksdkt/20_05_13_Math_v10_baseline 	| At 08:33 6m 11s passed ( - 68m 39s til 19:18) (100epoch 8.3%)
INFO : 05-22 08:39 : ksdkt/20_05_13_Math_v10_baseline 	| 	Epoch 200	Train Loss: 0.66797	AUC: 0.520767
INFO : 05-22 08:39 : ksdkt/20_05_13_Math_v10_baseline 	| At 08:39 12m 22s passed ( - 62m 27s til 23:59) (200epoch 16.5%)
INFO : 05-22 08:45 : ksdkt/20_05_13_Math_v10_baseline 	| 	Epoch 300	Train Loss: 0.667535	AUC: 0.523154
INFO : 05-22 08:45 : ksdkt/20_05_13_Math_v10_baseline 	| At 08:45 18m 31s passed ( - 56m 12s til 20:34) (300epoch 24.8%)
INFO : 05-22 08:51 : ksdkt/20_05_13_Math_v10_baseline 	| 	Epoch 400	Train Loss: 0.667332	AUC: 0.524691
INFO : 05-22 08:51 : ksdkt/20_05_13_Math_v10_baseline 	| At 08:51 24m 42s passed ( - 50m 2s til 13:00) (400epoch 33.1%)
INFO : 05-22 08:57 : ksdkt/20_05_13_Math_v10_baseline 	| 	Epoch 500	Train Loss: 0.66721	AUC: 0.525842
INFO : 05-22 08:57 : ksdkt/20_05_13_Math_v10_baseline 	| At 08:57 30m 52s passed ( - 43m 50s til 23:24) (500epoch 41.3%)
INFO : 05-22 09:03 : ksdkt/20_05_13_Math_v10_baseline 	| 	Epoch 600	Train Loss: 0.667117	AUC: 0.526994
INFO : 05-22 09:03 : ksdkt/20_05_13_Math_v10_baseline 	| At 09:03 36m 58s passed ( - 37m 35s til 01:45) (600epoch 49.6%)
INFO : 05-22 09:10 : ksdkt/20_05_13_Math_v10_baseline 	| 	Epoch 700	Train Loss: 0.667056	AUC: 0.527708
INFO : 05-22 09:10 : ksdkt/20_05_13_Math_v10_baseline 	| At 09:10 43m 6s passed ( - 31m 24s til 11:16) (700epoch 57.9%)
INFO : 05-22 09:16 : ksdkt/20_05_13_Math_v10_baseline 	| 	Epoch 800	Train Loss: 0.666966	AUC: 0.528918
INFO : 05-22 09:16 : ksdkt/20_05_13_Math_v10_baseline 	| At 09:16 49m 15s passed ( - 25m 14s til 23:29) (800epoch 66.1%)
INFO : 05-22 09:22 : ksdkt/20_05_13_Math_v10_baseline 	| 	Epoch 900	Train Loss: 0.666908	AUC: 0.529614
INFO : 05-22 09:22 : ksdkt/20_05_13_Math_v10_baseline 	| At 09:22 55m 24s passed ( - 19m 5s til 10:49) (900epoch 74.4%)
INFO : 05-22 09:28 : ksdkt/20_05_13_Math_v10_baseline 	| 	Epoch 1000	Train Loss: 0.666844	AUC: 0.530475
INFO : 05-22 09:28 : ksdkt/20_05_13_Math_v10_baseline 	| At 09:28 61m 32s passed ( - 12m 55s til 20:09) (1000epoch 82.6%)
INFO : 05-22 09:34 : ksdkt/20_05_13_Math_v10_baseline 	| 	Epoch 1100	Train Loss: 0.666756	AUC: 0.531566
INFO : 05-22 09:34 : ksdkt/20_05_13_Math_v10_baseline 	| At 09:34 67m 41s passed ( - 6m 46s til 14:19) (1100epoch 90.9%)
INFO : 05-22 09:40 : ksdkt/20_05_13_Math_v10_baseline 	| 	Epoch 1200	Train Loss: 0.666663	AUC: 0.532839
INFO : 05-22 09:40 : ksdkt/20_05_13_Math_v10_baseline 	| At 09:40 73m 52s passed ( - 0m 36s til 08:07) (1200epoch 99.2%)
INFO : 05-22 09:41 : ksdkt/20_05_13_Math_v10_baseline 	| Starting test
INFO : 05-22 09:41 : ksdkt/20_05_13_Math_v10_baseline 	| 	Test Loss: 0.65973	AUC: 0.506366
INFO : 05-22 09:41 : ksdkt/20_05_13_Math_v10_baseline 	| 	Test KSV AUC: 0.992982
INFO : 05-22 09:41 : ksdkt/20_05_13_Math_v10_baseline 	| 	W1: 0.00412687	W2: 5.12056e-05
INFO : 05-22 09:42 : ksdkt/20_05_13_Math_v10_baseline 	| RP soft 	 good:bad = 281:250
INFO : 05-22 09:42 : ksdkt/20_05_13_Math_v10_baseline 	| RP hard 	 nDCG = 0.8086±0.1736
