INFO : 06-22 18:13 : ksdkt/pre_dummy_epoch_size100.auto 	| PyTorch: 1.4.0
INFO : 06-22 18:13 : ksdkt/pre_dummy_epoch_size100.auto 	| Using Device: cuda
INFO : 06-22 18:13 : ksdkt/pre_dummy_epoch_size100.auto 	| The model has 525,926 trainable parameters
INFO : 06-22 18:13 : ksdkt/pre_dummy_epoch_size100.auto 	| train_dl.dataset size: 1024
INFO : 06-22 18:13 : ksdkt/pre_dummy_epoch_size100.auto 	| valid_dl.dataset size: 256
INFO : 06-22 18:13 : ksdkt/pre_dummy_epoch_size100.auto 	| Start straightening pre-train
INFO : 06-22 18:20 : ksdkt/pre_dummy_epoch_size100.auto 	| Starting train
INFO : 06-22 18:20 : ksdkt/pre_dummy_epoch_size100.auto 	| 	Epoch 100	Train Loss: 0.703033	AUC: 0.512398
INFO : 06-22 18:20 : ksdkt/pre_dummy_epoch_size100.auto 	| 	Epoch 100	Valid Loss: 0.680143	AUC: 0.513796
INFO : 06-22 18:20 : ksdkt/pre_dummy_epoch_size100.auto 	| 	Epoch 100	KSVectorLoss: 6.18057
INFO : 06-22 18:20 : ksdkt/pre_dummy_epoch_size100.auto 	| 	Epoch 100	W1: 0.0367285	W2: 0.00372474
INFO : 06-22 18:20 : ksdkt/pre_dummy_epoch_size100.auto 	| Best AUC 0.513796 refreshed and saved!
INFO : 06-22 18:20 : ksdkt/pre_dummy_epoch_size100.auto 	| At 18:20 0m 18s passed ( - 5m 42s til 03:35) (100epoch 5.0%)
INFO : 06-22 18:20 : ksdkt/pre_dummy_epoch_size100.auto 	| 	Epoch 200	Train Loss: 0.670912	AUC: 0.530925
INFO : 06-22 18:20 : ksdkt/pre_dummy_epoch_size100.auto 	| 	Epoch 200	Valid Loss: 0.650586	AUC: 0.51964
INFO : 06-22 18:20 : ksdkt/pre_dummy_epoch_size100.auto 	| 	Epoch 200	KSVectorLoss: 6.11219
INFO : 06-22 18:20 : ksdkt/pre_dummy_epoch_size100.auto 	| 	Epoch 200	W1: 0.0273159	W2: 0.00258905
INFO : 06-22 18:20 : ksdkt/pre_dummy_epoch_size100.auto 	| Best AUC 0.51964 refreshed and saved!
INFO : 06-22 18:20 : ksdkt/pre_dummy_epoch_size100.auto 	| At 18:20 0m 35s passed ( - 5m 21s til 09:59) (200epoch 10.0%)
INFO : 06-22 18:21 : ksdkt/pre_dummy_epoch_size100.auto 	| 	Epoch 300	Train Loss: 0.664741	AUC: 0.538068
INFO : 06-22 18:21 : ksdkt/pre_dummy_epoch_size100.auto 	| 	Epoch 300	Valid Loss: 0.645286	AUC: 0.520159
INFO : 06-22 18:21 : ksdkt/pre_dummy_epoch_size100.auto 	| 	Epoch 300	KSVectorLoss: 6.0915
INFO : 06-22 18:21 : ksdkt/pre_dummy_epoch_size100.auto 	| 	Epoch 300	W1: 0.0233919	W2: 0.00216812
INFO : 06-22 18:21 : ksdkt/pre_dummy_epoch_size100.auto 	| Best AUC 0.520159 refreshed and saved!
INFO : 06-22 18:21 : ksdkt/pre_dummy_epoch_size100.auto 	| At 18:21 0m 53s passed ( - 5m 2s til 00:15) (300epoch 15.0%)
INFO : 06-22 18:21 : ksdkt/pre_dummy_epoch_size100.auto 	| 	Epoch 400	Train Loss: 0.661285	AUC: 0.545754
INFO : 06-22 18:21 : ksdkt/pre_dummy_epoch_size100.auto 	| 	Epoch 400	Valid Loss: 0.643704	AUC: 0.52083
INFO : 06-22 18:21 : ksdkt/pre_dummy_epoch_size100.auto 	| 	Epoch 400	KSVectorLoss: 6.08638
INFO : 06-22 18:21 : ksdkt/pre_dummy_epoch_size100.auto 	| 	Epoch 400	W1: 0.0213964	W2: 0.00194736
INFO : 06-22 18:21 : ksdkt/pre_dummy_epoch_size100.auto 	| Best AUC 0.52083 refreshed and saved!
INFO : 06-22 18:21 : ksdkt/pre_dummy_epoch_size100.auto 	| At 18:21 1m 10s passed ( - 4m 43s til 11:55) (400epoch 20.0%)
INFO : 06-22 18:21 : ksdkt/pre_dummy_epoch_size100.auto 	| 	Epoch 500	Train Loss: 0.660039	AUC: 0.548942
INFO : 06-22 18:21 : ksdkt/pre_dummy_epoch_size100.auto 	| 	Epoch 500	Valid Loss: 0.643107	AUC: 0.521182
INFO : 06-22 18:21 : ksdkt/pre_dummy_epoch_size100.auto 	| 	Epoch 500	KSVectorLoss: 6.08524
INFO : 06-22 18:21 : ksdkt/pre_dummy_epoch_size100.auto 	| 	Epoch 500	W1: 0.0203289	W2: 0.00181339
INFO : 06-22 18:21 : ksdkt/pre_dummy_epoch_size100.auto 	| Best AUC 0.521198 at epoch 490
INFO : 06-22 18:21 : ksdkt/pre_dummy_epoch_size100.auto 	| At 18:21 1m 29s passed ( - 4m 28s til 17:42) (500epoch 25.0%)
INFO : 06-22 18:22 : ksdkt/pre_dummy_epoch_size100.auto 	| 	Epoch 600	Train Loss: 0.6591	AUC: 0.553425
INFO : 06-22 18:22 : ksdkt/pre_dummy_epoch_size100.auto 	| 	Epoch 600	Valid Loss: 0.642853	AUC: 0.521142
INFO : 06-22 18:22 : ksdkt/pre_dummy_epoch_size100.auto 	| 	Epoch 600	KSVectorLoss: 6.08427
INFO : 06-22 18:22 : ksdkt/pre_dummy_epoch_size100.auto 	| 	Epoch 600	W1: 0.0197735	W2: 0.00172778
INFO : 06-22 18:22 : ksdkt/pre_dummy_epoch_size100.auto 	| Best AUC 0.521198 at epoch 490
INFO : 06-22 18:22 : ksdkt/pre_dummy_epoch_size100.auto 	| At 18:22 1m 47s passed ( - 4m 10s til 20:31) (600epoch 30.0%)
INFO : 06-22 18:22 : ksdkt/pre_dummy_epoch_size100.auto 	| 	Epoch 700	Train Loss: 0.657838	AUC: 0.558177
INFO : 06-22 18:22 : ksdkt/pre_dummy_epoch_size100.auto 	| 	Epoch 700	Valid Loss: 0.642702	AUC: 0.521472
INFO : 06-22 18:22 : ksdkt/pre_dummy_epoch_size100.auto 	| 	Epoch 700	KSVectorLoss: 6.08254
INFO : 06-22 18:22 : ksdkt/pre_dummy_epoch_size100.auto 	| 	Epoch 700	W1: 0.0195569	W2: 0.00167265
INFO : 06-22 18:22 : ksdkt/pre_dummy_epoch_size100.auto 	| Best AUC 0.521472 refreshed and saved!
INFO : 06-22 18:22 : ksdkt/pre_dummy_epoch_size100.auto 	| At 18:22 2m 4s passed ( - 3m 51s til 09:03) (700epoch 35.0%)
INFO : 06-22 18:22 : ksdkt/pre_dummy_epoch_size100.auto 	| 	Epoch 800	Train Loss: 0.657428	AUC: 0.560081
INFO : 06-22 18:22 : ksdkt/pre_dummy_epoch_size100.auto 	| 	Epoch 800	Valid Loss: 0.642594	AUC: 0.521908
INFO : 06-22 18:22 : ksdkt/pre_dummy_epoch_size100.auto 	| 	Epoch 800	KSVectorLoss: 6.07967
INFO : 06-22 18:22 : ksdkt/pre_dummy_epoch_size100.auto 	| 	Epoch 800	W1: 0.0195442	W2: 0.00163635
INFO : 06-22 18:22 : ksdkt/pre_dummy_epoch_size100.auto 	| Best AUC 0.521908 refreshed and saved!
INFO : 06-22 18:22 : ksdkt/pre_dummy_epoch_size100.auto 	| At 18:22 2m 22s passed ( - 3m 33s til 19:59) (800epoch 40.0%)
INFO : 06-22 18:22 : ksdkt/pre_dummy_epoch_size100.auto 	| 	Epoch 900	Train Loss: 0.656627	AUC: 0.564214
INFO : 06-22 18:22 : ksdkt/pre_dummy_epoch_size100.auto 	| 	Epoch 900	Valid Loss: 0.642501	AUC: 0.522803
INFO : 06-22 18:22 : ksdkt/pre_dummy_epoch_size100.auto 	| 	Epoch 900	KSVectorLoss: 6.0757
INFO : 06-22 18:22 : ksdkt/pre_dummy_epoch_size100.auto 	| 	Epoch 900	W1: 0.0196638	W2: 0.00161362
INFO : 06-22 18:22 : ksdkt/pre_dummy_epoch_size100.auto 	| Best AUC 0.522803 refreshed and saved!
INFO : 06-22 18:22 : ksdkt/pre_dummy_epoch_size100.auto 	| At 18:22 2m 39s passed ( - 3m 15s til 20:27) (900epoch 45.0%)
INFO : 06-22 18:23 : ksdkt/pre_dummy_epoch_size100.auto 	| 	Epoch 1000	Train Loss: 0.656028	AUC: 0.565759
INFO : 06-22 18:23 : ksdkt/pre_dummy_epoch_size100.auto 	| 	Epoch 1000	Valid Loss: 0.642425	AUC: 0.523768
INFO : 06-22 18:23 : ksdkt/pre_dummy_epoch_size100.auto 	| 	Epoch 1000	KSVectorLoss: 6.07093
INFO : 06-22 18:23 : ksdkt/pre_dummy_epoch_size100.auto 	| 	Epoch 1000	W1: 0.0198946	W2: 0.00160097
INFO : 06-22 18:23 : ksdkt/pre_dummy_epoch_size100.auto 	| Best AUC 0.523768 refreshed and saved!
INFO : 06-22 18:23 : ksdkt/pre_dummy_epoch_size100.auto 	| At 18:23 2m 58s passed ( - 2m 58s til 19:26) (1000epoch 50.0%)
INFO : 06-22 18:23 : ksdkt/pre_dummy_epoch_size100.auto 	| 	Epoch 1100	Train Loss: 0.655919	AUC: 0.567213
INFO : 06-22 18:23 : ksdkt/pre_dummy_epoch_size100.auto 	| 	Epoch 1100	Valid Loss: 0.642357	AUC: 0.525037
INFO : 06-22 18:23 : ksdkt/pre_dummy_epoch_size100.auto 	| 	Epoch 1100	KSVectorLoss: 6.06491
INFO : 06-22 18:23 : ksdkt/pre_dummy_epoch_size100.auto 	| 	Epoch 1100	W1: 0.0201744	W2: 0.00159604
INFO : 06-22 18:23 : ksdkt/pre_dummy_epoch_size100.auto 	| Best AUC 0.525037 refreshed and saved!
INFO : 06-22 18:23 : ksdkt/pre_dummy_epoch_size100.auto 	| At 18:23 3m 15s passed ( - 2m 40s til 20:09) (1100epoch 55.0%)
INFO : 06-22 18:23 : ksdkt/pre_dummy_epoch_size100.auto 	| 	Epoch 1200	Train Loss: 0.654734	AUC: 0.572089
INFO : 06-22 18:23 : ksdkt/pre_dummy_epoch_size100.auto 	| 	Epoch 1200	Valid Loss: 0.642284	AUC: 0.526554
INFO : 06-22 18:23 : ksdkt/pre_dummy_epoch_size100.auto 	| 	Epoch 1200	KSVectorLoss: 6.05824
INFO : 06-22 18:23 : ksdkt/pre_dummy_epoch_size100.auto 	| 	Epoch 1200	W1: 0.0204816	W2: 0.0015957
INFO : 06-22 18:23 : ksdkt/pre_dummy_epoch_size100.auto 	| Best AUC 0.526554 refreshed and saved!
INFO : 06-22 18:23 : ksdkt/pre_dummy_epoch_size100.auto 	| At 18:23 3m 33s passed ( - 2m 22s til 23:10) (1200epoch 60.0%)
INFO : 06-22 18:24 : ksdkt/pre_dummy_epoch_size100.auto 	| 	Epoch 1300	Train Loss: 0.654234	AUC: 0.572873
INFO : 06-22 18:24 : ksdkt/pre_dummy_epoch_size100.auto 	| 	Epoch 1300	Valid Loss: 0.642259	AUC: 0.528035
INFO : 06-22 18:24 : ksdkt/pre_dummy_epoch_size100.auto 	| 	Epoch 1300	KSVectorLoss: 6.05133
INFO : 06-22 18:24 : ksdkt/pre_dummy_epoch_size100.auto 	| 	Epoch 1300	W1: 0.0208152	W2: 0.0016009
INFO : 06-22 18:24 : ksdkt/pre_dummy_epoch_size100.auto 	| Best AUC 0.528035 refreshed and saved!
INFO : 06-22 18:24 : ksdkt/pre_dummy_epoch_size100.auto 	| At 18:24 3m 51s passed ( - 2m 4s til 06:02) (1300epoch 65.0%)
INFO : 06-22 18:24 : ksdkt/pre_dummy_epoch_size100.auto 	| 	Epoch 1400	Train Loss: 0.653835	AUC: 0.574702
INFO : 06-22 18:24 : ksdkt/pre_dummy_epoch_size100.auto 	| 	Epoch 1400	Valid Loss: 0.642285	AUC: 0.529508
INFO : 06-22 18:24 : ksdkt/pre_dummy_epoch_size100.auto 	| 	Epoch 1400	KSVectorLoss: 6.04461
INFO : 06-22 18:24 : ksdkt/pre_dummy_epoch_size100.auto 	| 	Epoch 1400	W1: 0.0211654	W2: 0.00161046
INFO : 06-22 18:24 : ksdkt/pre_dummy_epoch_size100.auto 	| Best AUC 0.529508 refreshed and saved!
INFO : 06-22 18:24 : ksdkt/pre_dummy_epoch_size100.auto 	| At 18:24 4m 8s passed ( - 1m 46s til 10:40) (1400epoch 70.0%)
INFO : 06-22 18:24 : ksdkt/pre_dummy_epoch_size100.auto 	| 	Epoch 1500	Train Loss: 0.652241	AUC: 0.582136
INFO : 06-22 18:24 : ksdkt/pre_dummy_epoch_size100.auto 	| 	Epoch 1500	Valid Loss: 0.642347	AUC: 0.530792
INFO : 06-22 18:24 : ksdkt/pre_dummy_epoch_size100.auto 	| 	Epoch 1500	KSVectorLoss: 6.03872
INFO : 06-22 18:24 : ksdkt/pre_dummy_epoch_size100.auto 	| 	Epoch 1500	W1: 0.0215191	W2: 0.00162205
INFO : 06-22 18:24 : ksdkt/pre_dummy_epoch_size100.auto 	| Best AUC 0.530792 refreshed and saved!
INFO : 06-22 18:24 : ksdkt/pre_dummy_epoch_size100.auto 	| At 18:24 4m 27s passed ( - 1m 29s til 21:26) (1500epoch 75.0%)
INFO : 06-22 18:25 : ksdkt/pre_dummy_epoch_size100.auto 	| 	Epoch 1600	Train Loss: 0.651804	AUC: 0.583396
INFO : 06-22 18:25 : ksdkt/pre_dummy_epoch_size100.auto 	| 	Epoch 1600	Valid Loss: 0.642368	AUC: 0.532353
INFO : 06-22 18:25 : ksdkt/pre_dummy_epoch_size100.auto 	| 	Epoch 1600	KSVectorLoss: 6.03294
INFO : 06-22 18:25 : ksdkt/pre_dummy_epoch_size100.auto 	| 	Epoch 1600	W1: 0.0218795	W2: 0.00163698
INFO : 06-22 18:25 : ksdkt/pre_dummy_epoch_size100.auto 	| Best AUC 0.532353 refreshed and saved!
INFO : 06-22 18:25 : ksdkt/pre_dummy_epoch_size100.auto 	| At 18:25 4m 45s passed ( - 1m 11s til 00:28) (1600epoch 80.0%)
INFO : 06-22 18:25 : ksdkt/pre_dummy_epoch_size100.auto 	| 	Epoch 1700	Train Loss: 0.650856	AUC: 0.587892
INFO : 06-22 18:25 : ksdkt/pre_dummy_epoch_size100.auto 	| 	Epoch 1700	Valid Loss: 0.642397	AUC: 0.534005
INFO : 06-22 18:25 : ksdkt/pre_dummy_epoch_size100.auto 	| 	Epoch 1700	KSVectorLoss: 6.02775
INFO : 06-22 18:25 : ksdkt/pre_dummy_epoch_size100.auto 	| 	Epoch 1700	W1: 0.0222128	W2: 0.00165176
INFO : 06-22 18:25 : ksdkt/pre_dummy_epoch_size100.auto 	| Best AUC 0.534005 refreshed and saved!
INFO : 06-22 18:25 : ksdkt/pre_dummy_epoch_size100.auto 	| At 18:25 5m 2s passed ( - 0m 53s til 04:34) (1700epoch 85.0%)
INFO : 06-22 18:25 : ksdkt/pre_dummy_epoch_size100.auto 	| 	Epoch 1800	Train Loss: 0.649995	AUC: 0.590625
INFO : 06-22 18:25 : ksdkt/pre_dummy_epoch_size100.auto 	| 	Epoch 1800	Valid Loss: 0.642416	AUC: 0.535486
INFO : 06-22 18:25 : ksdkt/pre_dummy_epoch_size100.auto 	| 	Epoch 1800	KSVectorLoss: 6.02354
INFO : 06-22 18:25 : ksdkt/pre_dummy_epoch_size100.auto 	| 	Epoch 1800	W1: 0.0225774	W2: 0.00166955
INFO : 06-22 18:25 : ksdkt/pre_dummy_epoch_size100.auto 	| Best AUC 0.535486 refreshed and saved!
INFO : 06-22 18:25 : ksdkt/pre_dummy_epoch_size100.auto 	| At 18:25 5m 20s passed ( - 0m 35s til 08:59) (1800epoch 90.0%)
INFO : 06-22 18:25 : ksdkt/pre_dummy_epoch_size100.auto 	| 	Epoch 1900	Train Loss: 0.648752	AUC: 0.596193
INFO : 06-22 18:25 : ksdkt/pre_dummy_epoch_size100.auto 	| 	Epoch 1900	Valid Loss: 0.642574	AUC: 0.536503
INFO : 06-22 18:25 : ksdkt/pre_dummy_epoch_size100.auto 	| 	Epoch 1900	KSVectorLoss: 6.0227
INFO : 06-22 18:25 : ksdkt/pre_dummy_epoch_size100.auto 	| 	Epoch 1900	W1: 0.0229714	W2: 0.00169056
INFO : 06-22 18:25 : ksdkt/pre_dummy_epoch_size100.auto 	| Best AUC 0.536503 refreshed and saved!
INFO : 06-22 18:25 : ksdkt/pre_dummy_epoch_size100.auto 	| At 18:25 5m 37s passed ( - 0m 17s til 13:21) (1900epoch 95.0%)
INFO : 06-22 18:26 : ksdkt/pre_dummy_epoch_size100.auto 	| 	Epoch 2000	Train Loss: 0.648177	AUC: 0.597789
INFO : 06-22 18:26 : ksdkt/pre_dummy_epoch_size100.auto 	| 	Epoch 2000	Valid Loss: 0.642727	AUC: 0.537501
INFO : 06-22 18:26 : ksdkt/pre_dummy_epoch_size100.auto 	| 	Epoch 2000	KSVectorLoss: 6.02249
INFO : 06-22 18:26 : ksdkt/pre_dummy_epoch_size100.auto 	| 	Epoch 2000	W1: 0.023396	W2: 0.00171453
INFO : 06-22 18:26 : ksdkt/pre_dummy_epoch_size100.auto 	| Best AUC 0.537501 refreshed and saved!
INFO : 06-22 18:26 : ksdkt/pre_dummy_epoch_size100.auto 	| At 18:26 5m 56s passed ( - 0m 0s til 18:26) (2000epoch 100.0%)
INFO : 06-22 18:26 : ksdkt/pre_dummy_epoch_size100.auto 	| Loading model /code/output/20200622_Psyence_v10_pretrain/pre_dummy_epoch_size100.auto/checkpoints/20200622-1813/f0_best.model
INFO : 06-22 18:26 : ksdkt/pre_dummy_epoch_size100.auto 	| test_dl.dataset size: 320
INFO : 06-22 18:26 : ksdkt/pre_dummy_epoch_size100.auto 	| Starting test
INFO : 06-22 18:26 : ksdkt/pre_dummy_epoch_size100.auto 	| 	Test Loss: 0.66557	AUC: 0.569077
INFO : 06-22 18:26 : ksdkt/pre_dummy_epoch_size100.auto 	| 	Test KSV Loss: 6.17316
INFO : 06-22 18:26 : ksdkt/pre_dummy_epoch_size100.auto 	| 	W1: 0.0238029	W2: 0.00181053
INFO : 06-22 18:26 : ksdkt/pre_dummy_epoch_size100.auto 	| 	r1: 0.655117
INFO : 06-22 18:26 : ksdkt/pre_dummy_epoch_size100.auto 	| 	Test AUC(C): 0.603259
INFO : 06-22 18:26 : ksdkt/pre_dummy_epoch_size100.auto 	| RP soft 	 good:bad = 140:38
INFO : 06-22 18:26 : ksdkt/pre_dummy_epoch_size100.auto 	| RP hard 	 nDCG = 0.9024±0.1364
INFO : 06-22 18:26 : ksdkt/pre_dummy_epoch_size100.auto 	| The model has 525,926 trainable parameters
INFO : 06-22 18:26 : ksdkt/pre_dummy_epoch_size100.auto 	| train_dl.dataset size: 1024
INFO : 06-22 18:26 : ksdkt/pre_dummy_epoch_size100.auto 	| valid_dl.dataset size: 256
INFO : 06-22 18:26 : ksdkt/pre_dummy_epoch_size100.auto 	| Start straightening pre-train
INFO : 06-22 18:33 : ksdkt/pre_dummy_epoch_size100.auto 	| Starting train
INFO : 06-22 18:33 : ksdkt/pre_dummy_epoch_size100.auto 	| 	Epoch 100	Train Loss: 0.694735	AUC: 0.523987
INFO : 06-22 18:33 : ksdkt/pre_dummy_epoch_size100.auto 	| 	Epoch 100	Valid Loss: 0.684048	AUC: 0.505628
INFO : 06-22 18:33 : ksdkt/pre_dummy_epoch_size100.auto 	| 	Epoch 100	KSVectorLoss: 6.13691
INFO : 06-22 18:33 : ksdkt/pre_dummy_epoch_size100.auto 	| 	Epoch 100	W1: 0.0312278	W2: 0.00370472
INFO : 06-22 18:33 : ksdkt/pre_dummy_epoch_size100.auto 	| Best AUC 0.509336 at epoch 40
INFO : 06-22 18:33 : ksdkt/pre_dummy_epoch_size100.auto 	| At 18:33 0m 18s passed ( - 5m 57s til 13:06) (100epoch 5.0%)
INFO : 06-22 18:34 : ksdkt/pre_dummy_epoch_size100.auto 	| 	Epoch 200	Train Loss: 0.670692	AUC: 0.539221
INFO : 06-22 18:34 : ksdkt/pre_dummy_epoch_size100.auto 	| 	Epoch 200	Valid Loss: 0.662119	AUC: 0.508222
INFO : 06-22 18:34 : ksdkt/pre_dummy_epoch_size100.auto 	| 	Epoch 200	KSVectorLoss: 6.14393
INFO : 06-22 18:34 : ksdkt/pre_dummy_epoch_size100.auto 	| 	Epoch 200	W1: 0.0271288	W2: 0.00320425
INFO : 06-22 18:34 : ksdkt/pre_dummy_epoch_size100.auto 	| Best AUC 0.509336 at epoch 40
INFO : 06-22 18:34 : ksdkt/pre_dummy_epoch_size100.auto 	| Early stopping.
INFO : 06-22 18:34 : ksdkt/pre_dummy_epoch_size100.auto 	| Loading model /code/output/20200622_Psyence_v10_pretrain/pre_dummy_epoch_size100.auto/checkpoints/20200622-1813/f1_best.model
INFO : 06-22 18:34 : ksdkt/pre_dummy_epoch_size100.auto 	| test_dl.dataset size: 320
INFO : 06-22 18:34 : ksdkt/pre_dummy_epoch_size100.auto 	| Starting test
INFO : 06-22 18:34 : ksdkt/pre_dummy_epoch_size100.auto 	| 	Test Loss: 0.833819	AUC: 0.508206
INFO : 06-22 18:34 : ksdkt/pre_dummy_epoch_size100.auto 	| 	Test KSV Loss: 6.21844
INFO : 06-22 18:34 : ksdkt/pre_dummy_epoch_size100.auto 	| 	W1: 0.0379547	W2: 0.00473582
INFO : 06-22 18:34 : ksdkt/pre_dummy_epoch_size100.auto 	| 	r1: 0.815701
INFO : 06-22 18:34 : ksdkt/pre_dummy_epoch_size100.auto 	| 	Test AUC(C): 0.529639
INFO : 06-22 18:34 : ksdkt/pre_dummy_epoch_size100.auto 	| RP soft 	 good:bad = 176:2
INFO : 06-22 18:34 : ksdkt/pre_dummy_epoch_size100.auto 	| RP hard 	 nDCG = 0.9879±0.0520
INFO : 06-22 18:34 : ksdkt/pre_dummy_epoch_size100.auto 	| The model has 525,926 trainable parameters
INFO : 06-22 18:34 : ksdkt/pre_dummy_epoch_size100.auto 	| train_dl.dataset size: 1024
INFO : 06-22 18:34 : ksdkt/pre_dummy_epoch_size100.auto 	| valid_dl.dataset size: 256
INFO : 06-22 18:34 : ksdkt/pre_dummy_epoch_size100.auto 	| Start straightening pre-train
INFO : 06-22 18:41 : ksdkt/pre_dummy_epoch_size100.auto 	| Starting train
INFO : 06-22 18:41 : ksdkt/pre_dummy_epoch_size100.auto 	| 	Epoch 100	Train Loss: 0.675788	AUC: 0.532435
INFO : 06-22 18:41 : ksdkt/pre_dummy_epoch_size100.auto 	| 	Epoch 100	Valid Loss: 0.661505	AUC: 0.519011
INFO : 06-22 18:41 : ksdkt/pre_dummy_epoch_size100.auto 	| 	Epoch 100	KSVectorLoss: 6.05552
INFO : 06-22 18:41 : ksdkt/pre_dummy_epoch_size100.auto 	| 	Epoch 100	W1: 0.0262339	W2: 0.00247517
INFO : 06-22 18:41 : ksdkt/pre_dummy_epoch_size100.auto 	| Best AUC 0.519011 refreshed and saved!
INFO : 06-22 18:41 : ksdkt/pre_dummy_epoch_size100.auto 	| At 18:41 0m 19s passed ( - 6m 2s til 04:45) (100epoch 5.0%)
INFO : 06-22 18:41 : ksdkt/pre_dummy_epoch_size100.auto 	| 	Epoch 200	Train Loss: 0.663755	AUC: 0.545672
INFO : 06-22 18:41 : ksdkt/pre_dummy_epoch_size100.auto 	| 	Epoch 200	Valid Loss: 0.6525	AUC: 0.5237
INFO : 06-22 18:41 : ksdkt/pre_dummy_epoch_size100.auto 	| 	Epoch 200	KSVectorLoss: 6.06597
INFO : 06-22 18:41 : ksdkt/pre_dummy_epoch_size100.auto 	| 	Epoch 200	W1: 0.0232183	W2: 0.00212831
INFO : 06-22 18:41 : ksdkt/pre_dummy_epoch_size100.auto 	| Best AUC 0.523947 at epoch 190
INFO : 06-22 18:41 : ksdkt/pre_dummy_epoch_size100.auto 	| At 18:41 0m 36s passed ( - 5m 31s til 21:13) (200epoch 10.0%)
INFO : 06-22 18:42 : ksdkt/pre_dummy_epoch_size100.auto 	| 	Epoch 300	Train Loss: 0.660219	AUC: 0.553005
INFO : 06-22 18:42 : ksdkt/pre_dummy_epoch_size100.auto 	| 	Epoch 300	Valid Loss: 0.64949	AUC: 0.527887
INFO : 06-22 18:42 : ksdkt/pre_dummy_epoch_size100.auto 	| 	Epoch 300	KSVectorLoss: 6.07021
INFO : 06-22 18:42 : ksdkt/pre_dummy_epoch_size100.auto 	| 	Epoch 300	W1: 0.022192	W2: 0.0019652
INFO : 06-22 18:42 : ksdkt/pre_dummy_epoch_size100.auto 	| Best AUC 0.528749 at epoch 290
INFO : 06-22 18:42 : ksdkt/pre_dummy_epoch_size100.auto 	| At 18:42 0m 54s passed ( - 5m 9s til 00:26) (300epoch 15.0%)
INFO : 06-22 18:42 : ksdkt/pre_dummy_epoch_size100.auto 	| 	Epoch 400	Train Loss: 0.657534	AUC: 0.561303
INFO : 06-22 18:42 : ksdkt/pre_dummy_epoch_size100.auto 	| 	Epoch 400	Valid Loss: 0.647845	AUC: 0.531277
INFO : 06-22 18:42 : ksdkt/pre_dummy_epoch_size100.auto 	| 	Epoch 400	KSVectorLoss: 6.0679
INFO : 06-22 18:42 : ksdkt/pre_dummy_epoch_size100.auto 	| 	Epoch 400	W1: 0.0216917	W2: 0.001859
INFO : 06-22 18:42 : ksdkt/pre_dummy_epoch_size100.auto 	| Best AUC 0.531277 refreshed and saved!
INFO : 06-22 18:42 : ksdkt/pre_dummy_epoch_size100.auto 	| At 18:42 1m 12s passed ( - 4m 49s til 18:04) (400epoch 20.0%)
INFO : 06-22 18:42 : ksdkt/pre_dummy_epoch_size100.auto 	| 	Epoch 500	Train Loss: 0.655661	AUC: 0.565035
INFO : 06-22 18:42 : ksdkt/pre_dummy_epoch_size100.auto 	| 	Epoch 500	Valid Loss: 0.646667	AUC: 0.535541
INFO : 06-22 18:42 : ksdkt/pre_dummy_epoch_size100.auto 	| 	Epoch 500	KSVectorLoss: 6.0605
INFO : 06-22 18:42 : ksdkt/pre_dummy_epoch_size100.auto 	| 	Epoch 500	W1: 0.0214723	W2: 0.00178912
INFO : 06-22 18:42 : ksdkt/pre_dummy_epoch_size100.auto 	| Best AUC 0.535541 refreshed and saved!
INFO : 06-22 18:42 : ksdkt/pre_dummy_epoch_size100.auto 	| At 18:42 1m 30s passed ( - 4m 30s til 00:40) (500epoch 25.0%)
INFO : 06-22 18:43 : ksdkt/pre_dummy_epoch_size100.auto 	| 	Epoch 600	Train Loss: 0.654312	AUC: 0.571729
INFO : 06-22 18:43 : ksdkt/pre_dummy_epoch_size100.auto 	| 	Epoch 600	Valid Loss: 0.646048	AUC: 0.538293
INFO : 06-22 18:43 : ksdkt/pre_dummy_epoch_size100.auto 	| 	Epoch 600	KSVectorLoss: 6.05478
INFO : 06-22 18:43 : ksdkt/pre_dummy_epoch_size100.auto 	| 	Epoch 600	W1: 0.0213829	W2: 0.00174816
INFO : 06-22 18:43 : ksdkt/pre_dummy_epoch_size100.auto 	| Best AUC 0.538293 refreshed and saved!
INFO : 06-22 18:43 : ksdkt/pre_dummy_epoch_size100.auto 	| At 18:43 1m 48s passed ( - 4m 14s til 00:54) (600epoch 30.0%)
INFO : 06-22 18:43 : ksdkt/pre_dummy_epoch_size100.auto 	| 	Epoch 700	Train Loss: 0.652843	AUC: 0.576617
INFO : 06-22 18:43 : ksdkt/pre_dummy_epoch_size100.auto 	| 	Epoch 700	Valid Loss: 0.645456	AUC: 0.54151
INFO : 06-22 18:43 : ksdkt/pre_dummy_epoch_size100.auto 	| 	Epoch 700	KSVectorLoss: 6.042
INFO : 06-22 18:43 : ksdkt/pre_dummy_epoch_size100.auto 	| 	Epoch 700	W1: 0.0213304	W2: 0.00171439
INFO : 06-22 18:43 : ksdkt/pre_dummy_epoch_size100.auto 	| Best AUC 0.54167 at epoch 680
INFO : 06-22 18:43 : ksdkt/pre_dummy_epoch_size100.auto 	| At 18:43 2m 6s passed ( - 3m 55s til 20:37) (700epoch 35.0%)
INFO : 06-22 18:43 : ksdkt/pre_dummy_epoch_size100.auto 	| 	Epoch 800	Train Loss: 0.650468	AUC: 0.586089
INFO : 06-22 18:43 : ksdkt/pre_dummy_epoch_size100.auto 	| 	Epoch 800	Valid Loss: 0.644914	AUC: 0.544236
INFO : 06-22 18:43 : ksdkt/pre_dummy_epoch_size100.auto 	| 	Epoch 800	KSVectorLoss: 6.03172
INFO : 06-22 18:43 : ksdkt/pre_dummy_epoch_size100.auto 	| 	Epoch 800	W1: 0.0213285	W2: 0.00169261
INFO : 06-22 18:43 : ksdkt/pre_dummy_epoch_size100.auto 	| Best AUC 0.54482 at epoch 780
INFO : 06-22 18:43 : ksdkt/pre_dummy_epoch_size100.auto 	| At 18:43 2m 24s passed ( - 3m 36s til 02:55) (800epoch 40.0%)
INFO : 06-22 18:43 : ksdkt/pre_dummy_epoch_size100.auto 	| 	Epoch 900	Train Loss: 0.649287	AUC: 0.58926
INFO : 06-22 18:43 : ksdkt/pre_dummy_epoch_size100.auto 	| 	Epoch 900	Valid Loss: 0.644151	AUC: 0.548728
INFO : 06-22 18:43 : ksdkt/pre_dummy_epoch_size100.auto 	| 	Epoch 900	KSVectorLoss: 6.02167
INFO : 06-22 18:43 : ksdkt/pre_dummy_epoch_size100.auto 	| 	Epoch 900	W1: 0.0213693	W2: 0.00168202
INFO : 06-22 18:43 : ksdkt/pre_dummy_epoch_size100.auto 	| Best AUC 0.548838 at epoch 880
INFO : 06-22 18:43 : ksdkt/pre_dummy_epoch_size100.auto 	| At 18:43 2m 41s passed ( - 3m 17s til 16:17) (900epoch 45.0%)
INFO : 06-22 18:44 : ksdkt/pre_dummy_epoch_size100.auto 	| 	Epoch 1000	Train Loss: 0.648702	AUC: 0.591226
INFO : 06-22 18:44 : ksdkt/pre_dummy_epoch_size100.auto 	| 	Epoch 1000	Valid Loss: 0.643861	AUC: 0.550548
INFO : 06-22 18:44 : ksdkt/pre_dummy_epoch_size100.auto 	| 	Epoch 1000	KSVectorLoss: 6.01503
INFO : 06-22 18:44 : ksdkt/pre_dummy_epoch_size100.auto 	| 	Epoch 1000	W1: 0.0214716	W2: 0.0016788
INFO : 06-22 18:44 : ksdkt/pre_dummy_epoch_size100.auto 	| Best AUC 0.550548 refreshed and saved!
INFO : 06-22 18:44 : ksdkt/pre_dummy_epoch_size100.auto 	| At 18:44 2m 59s passed ( - 2m 59s til 13:06) (1000epoch 50.0%)
INFO : 06-22 18:44 : ksdkt/pre_dummy_epoch_size100.auto 	| 	Epoch 1100	Train Loss: 0.647451	AUC: 0.596251
INFO : 06-22 18:44 : ksdkt/pre_dummy_epoch_size100.auto 	| 	Epoch 1100	Valid Loss: 0.643626	AUC: 0.552416
INFO : 06-22 18:44 : ksdkt/pre_dummy_epoch_size100.auto 	| 	Epoch 1100	KSVectorLoss: 6.00354
INFO : 06-22 18:44 : ksdkt/pre_dummy_epoch_size100.auto 	| 	Epoch 1100	W1: 0.0215995	W2: 0.00168055
INFO : 06-22 18:44 : ksdkt/pre_dummy_epoch_size100.auto 	| Best AUC 0.553776 at epoch 1090
INFO : 06-22 18:44 : ksdkt/pre_dummy_epoch_size100.auto 	| At 18:44 3m 18s passed ( - 2m 42s til 00:51) (1100epoch 55.0%)
INFO : 06-22 18:44 : ksdkt/pre_dummy_epoch_size100.auto 	| 	Epoch 1200	Train Loss: 0.645698	AUC: 0.602167
INFO : 06-22 18:44 : ksdkt/pre_dummy_epoch_size100.auto 	| 	Epoch 1200	Valid Loss: 0.643028	AUC: 0.555289
INFO : 06-22 18:44 : ksdkt/pre_dummy_epoch_size100.auto 	| 	Epoch 1200	KSVectorLoss: 5.99165
INFO : 06-22 18:44 : ksdkt/pre_dummy_epoch_size100.auto 	| 	Epoch 1200	W1: 0.0216747	W2: 0.00167962
INFO : 06-22 18:44 : ksdkt/pre_dummy_epoch_size100.auto 	| Best AUC 0.555289 refreshed and saved!
INFO : 06-22 18:44 : ksdkt/pre_dummy_epoch_size100.auto 	| At 18:44 3m 35s passed ( - 2m 23s til 18:32) (1200epoch 60.0%)
INFO : 06-22 18:45 : ksdkt/pre_dummy_epoch_size100.auto 	| 	Epoch 1300	Train Loss: 0.644689	AUC: 0.605421
INFO : 06-22 18:45 : ksdkt/pre_dummy_epoch_size100.auto 	| 	Epoch 1300	Valid Loss: 0.643029	AUC: 0.556854
INFO : 06-22 18:45 : ksdkt/pre_dummy_epoch_size100.auto 	| 	Epoch 1300	KSVectorLoss: 5.98613
INFO : 06-22 18:45 : ksdkt/pre_dummy_epoch_size100.auto 	| 	Epoch 1300	W1: 0.0218295	W2: 0.00168417
INFO : 06-22 18:45 : ksdkt/pre_dummy_epoch_size100.auto 	| Best AUC 0.556854 refreshed and saved!
INFO : 06-22 18:45 : ksdkt/pre_dummy_epoch_size100.auto 	| At 18:45 3m 53s passed ( - 2m 5s til 17:37) (1300epoch 65.0%)
INFO : 06-22 18:45 : ksdkt/pre_dummy_epoch_size100.auto 	| 	Epoch 1400	Train Loss: 0.64305	AUC: 0.610206
INFO : 06-22 18:45 : ksdkt/pre_dummy_epoch_size100.auto 	| 	Epoch 1400	Valid Loss: 0.642851	AUC: 0.558568
INFO : 06-22 18:45 : ksdkt/pre_dummy_epoch_size100.auto 	| 	Epoch 1400	KSVectorLoss: 5.97482
INFO : 06-22 18:45 : ksdkt/pre_dummy_epoch_size100.auto 	| 	Epoch 1400	W1: 0.0219852	W2: 0.0016893
INFO : 06-22 18:45 : ksdkt/pre_dummy_epoch_size100.auto 	| Best AUC 0.558633 at epoch 1390
INFO : 06-22 18:45 : ksdkt/pre_dummy_epoch_size100.auto 	| At 18:45 4m 11s passed ( - 1m 47s til 15:31) (1400epoch 70.0%)
INFO : 06-22 18:45 : ksdkt/pre_dummy_epoch_size100.auto 	| 	Epoch 1500	Train Loss: 0.642312	AUC: 0.61261
INFO : 06-22 18:45 : ksdkt/pre_dummy_epoch_size100.auto 	| 	Epoch 1500	Valid Loss: 0.642659	AUC: 0.560205
INFO : 06-22 18:45 : ksdkt/pre_dummy_epoch_size100.auto 	| 	Epoch 1500	KSVectorLoss: 5.96586
INFO : 06-22 18:45 : ksdkt/pre_dummy_epoch_size100.auto 	| 	Epoch 1500	W1: 0.0220454	W2: 0.00169044
INFO : 06-22 18:45 : ksdkt/pre_dummy_epoch_size100.auto 	| Best AUC 0.560272 at epoch 1480
INFO : 06-22 18:45 : ksdkt/pre_dummy_epoch_size100.auto 	| At 18:45 4m 29s passed ( - 1m 29s til 15:05) (1500epoch 75.0%)
INFO : 06-22 18:46 : ksdkt/pre_dummy_epoch_size100.auto 	| 	Epoch 1600	Train Loss: 0.64156	AUC: 0.61478
INFO : 06-22 18:46 : ksdkt/pre_dummy_epoch_size100.auto 	| 	Epoch 1600	Valid Loss: 0.642619	AUC: 0.561912
INFO : 06-22 18:46 : ksdkt/pre_dummy_epoch_size100.auto 	| 	Epoch 1600	KSVectorLoss: 5.96587
INFO : 06-22 18:46 : ksdkt/pre_dummy_epoch_size100.auto 	| 	Epoch 1600	W1: 0.0221684	W2: 0.00169765
INFO : 06-22 18:46 : ksdkt/pre_dummy_epoch_size100.auto 	| Best AUC 0.561912 refreshed and saved!
INFO : 06-22 18:46 : ksdkt/pre_dummy_epoch_size100.auto 	| At 18:46 4m 48s passed ( - 1m 12s til 19:24) (1600epoch 80.0%)
INFO : 06-22 18:46 : ksdkt/pre_dummy_epoch_size100.auto 	| 	Epoch 1700	Train Loss: 0.639534	AUC: 0.621082
INFO : 06-22 18:46 : ksdkt/pre_dummy_epoch_size100.auto 	| 	Epoch 1700	Valid Loss: 0.642856	AUC: 0.56239
INFO : 06-22 18:46 : ksdkt/pre_dummy_epoch_size100.auto 	| 	Epoch 1700	KSVectorLoss: 5.95352
INFO : 06-22 18:46 : ksdkt/pre_dummy_epoch_size100.auto 	| 	Epoch 1700	W1: 0.0223215	W2: 0.00170151
INFO : 06-22 18:46 : ksdkt/pre_dummy_epoch_size100.auto 	| Best AUC 0.56239 refreshed and saved!
INFO : 06-22 18:46 : ksdkt/pre_dummy_epoch_size100.auto 	| At 18:46 5m 5s passed ( - 0m 53s til 17:20) (1700epoch 85.0%)
INFO : 06-22 18:46 : ksdkt/pre_dummy_epoch_size100.auto 	| 	Epoch 1800	Train Loss: 0.638486	AUC: 0.625392
INFO : 06-22 18:46 : ksdkt/pre_dummy_epoch_size100.auto 	| 	Epoch 1800	Valid Loss: 0.643007	AUC: 0.562905
INFO : 06-22 18:46 : ksdkt/pre_dummy_epoch_size100.auto 	| 	Epoch 1800	KSVectorLoss: 5.9502
INFO : 06-22 18:46 : ksdkt/pre_dummy_epoch_size100.auto 	| 	Epoch 1800	W1: 0.0224081	W2: 0.00170767
INFO : 06-22 18:46 : ksdkt/pre_dummy_epoch_size100.auto 	| Best AUC 0.563084 at epoch 1740
INFO : 06-22 18:46 : ksdkt/pre_dummy_epoch_size100.auto 	| At 18:46 5m 23s passed ( - 0m 35s til 16:58) (1800epoch 90.0%)
INFO : 06-22 18:46 : ksdkt/pre_dummy_epoch_size100.auto 	| 	Epoch 1900	Train Loss: 0.637348	AUC: 0.626165
INFO : 06-22 18:46 : ksdkt/pre_dummy_epoch_size100.auto 	| 	Epoch 1900	Valid Loss: 0.642889	AUC: 0.564463
INFO : 06-22 18:46 : ksdkt/pre_dummy_epoch_size100.auto 	| 	Epoch 1900	KSVectorLoss: 5.94125
INFO : 06-22 18:46 : ksdkt/pre_dummy_epoch_size100.auto 	| 	Epoch 1900	W1: 0.0225418	W2: 0.00171098
INFO : 06-22 18:46 : ksdkt/pre_dummy_epoch_size100.auto 	| Best AUC 0.564463 refreshed and saved!
INFO : 06-22 18:46 : ksdkt/pre_dummy_epoch_size100.auto 	| At 18:46 5m 40s passed ( - 0m 17s til 17:12) (1900epoch 95.0%)
INFO : 06-22 18:47 : ksdkt/pre_dummy_epoch_size100.auto 	| 	Epoch 2000	Train Loss: 0.635528	AUC: 0.632049
INFO : 06-22 18:47 : ksdkt/pre_dummy_epoch_size100.auto 	| 	Epoch 2000	Valid Loss: 0.642872	AUC: 0.565829
INFO : 06-22 18:47 : ksdkt/pre_dummy_epoch_size100.auto 	| 	Epoch 2000	KSVectorLoss: 5.94019
INFO : 06-22 18:47 : ksdkt/pre_dummy_epoch_size100.auto 	| 	Epoch 2000	W1: 0.022649	W2: 0.0017159
INFO : 06-22 18:47 : ksdkt/pre_dummy_epoch_size100.auto 	| Best AUC 0.565829 refreshed and saved!
INFO : 06-22 18:47 : ksdkt/pre_dummy_epoch_size100.auto 	| At 18:47 5m 58s passed ( - 0m 0s til 18:47) (2000epoch 100.0%)
INFO : 06-22 18:47 : ksdkt/pre_dummy_epoch_size100.auto 	| Loading model /code/output/20200622_Psyence_v10_pretrain/pre_dummy_epoch_size100.auto/checkpoints/20200622-1813/f2_best.model
INFO : 06-22 18:47 : ksdkt/pre_dummy_epoch_size100.auto 	| test_dl.dataset size: 320
INFO : 06-22 18:47 : ksdkt/pre_dummy_epoch_size100.auto 	| Starting test
INFO : 06-22 18:47 : ksdkt/pre_dummy_epoch_size100.auto 	| 	Test Loss: 0.657135	AUC: 0.609987
INFO : 06-22 18:47 : ksdkt/pre_dummy_epoch_size100.auto 	| 	Test KSV Loss: 6.03265
INFO : 06-22 18:47 : ksdkt/pre_dummy_epoch_size100.auto 	| 	W1: 0.0223677	W2: 0.00169612
INFO : 06-22 18:47 : ksdkt/pre_dummy_epoch_size100.auto 	| 	r1: 0.664071
INFO : 06-22 18:47 : ksdkt/pre_dummy_epoch_size100.auto 	| 	Test AUC(C): 0.57559
INFO : 06-22 18:47 : ksdkt/pre_dummy_epoch_size100.auto 	| RP soft 	 good:bad = 175:3
INFO : 06-22 18:47 : ksdkt/pre_dummy_epoch_size100.auto 	| RP hard 	 nDCG = 0.9696±0.0625
INFO : 06-22 18:47 : ksdkt/pre_dummy_epoch_size100.auto 	| The model has 525,926 trainable parameters
INFO : 06-22 18:47 : ksdkt/pre_dummy_epoch_size100.auto 	| train_dl.dataset size: 1024
INFO : 06-22 18:47 : ksdkt/pre_dummy_epoch_size100.auto 	| valid_dl.dataset size: 256
INFO : 06-22 18:47 : ksdkt/pre_dummy_epoch_size100.auto 	| Start straightening pre-train
INFO : 06-22 18:54 : ksdkt/pre_dummy_epoch_size100.auto 	| Starting train
INFO : 06-22 18:54 : ksdkt/pre_dummy_epoch_size100.auto 	| 	Epoch 100	Train Loss: 0.694173	AUC: 0.52665
INFO : 06-22 18:54 : ksdkt/pre_dummy_epoch_size100.auto 	| 	Epoch 100	Valid Loss: 0.70358	AUC: 0.498687
INFO : 06-22 18:54 : ksdkt/pre_dummy_epoch_size100.auto 	| 	Epoch 100	KSVectorLoss: 6.21308
INFO : 06-22 18:54 : ksdkt/pre_dummy_epoch_size100.auto 	| 	Epoch 100	W1: 0.0279346	W2: 0.00326429
INFO : 06-22 18:54 : ksdkt/pre_dummy_epoch_size100.auto 	| Best AUC 0.501809 at epoch 10
INFO : 06-22 18:54 : ksdkt/pre_dummy_epoch_size100.auto 	| At 18:54 0m 18s passed ( - 5m 42s til 04:31) (100epoch 5.0%)
INFO : 06-22 18:55 : ksdkt/pre_dummy_epoch_size100.auto 	| 	Epoch 200	Train Loss: 0.664762	AUC: 0.540343
INFO : 06-22 18:55 : ksdkt/pre_dummy_epoch_size100.auto 	| 	Epoch 200	Valid Loss: 0.675661	AUC: 0.497579
INFO : 06-22 18:55 : ksdkt/pre_dummy_epoch_size100.auto 	| 	Epoch 200	KSVectorLoss: 6.17876
INFO : 06-22 18:55 : ksdkt/pre_dummy_epoch_size100.auto 	| 	Epoch 200	W1: 0.0237141	W2: 0.0027116
INFO : 06-22 18:55 : ksdkt/pre_dummy_epoch_size100.auto 	| Best AUC 0.501809 at epoch 10
INFO : 06-22 18:55 : ksdkt/pre_dummy_epoch_size100.auto 	| Early stopping.
INFO : 06-22 18:55 : ksdkt/pre_dummy_epoch_size100.auto 	| Loading model /code/output/20200622_Psyence_v10_pretrain/pre_dummy_epoch_size100.auto/checkpoints/20200622-1813/f3_best.model
INFO : 06-22 18:55 : ksdkt/pre_dummy_epoch_size100.auto 	| test_dl.dataset size: 320
INFO : 06-22 18:55 : ksdkt/pre_dummy_epoch_size100.auto 	| Starting test
INFO : 06-22 18:55 : ksdkt/pre_dummy_epoch_size100.auto 	| 	Test Loss: 1.43582	AUC: 0.494127
INFO : 06-22 18:55 : ksdkt/pre_dummy_epoch_size100.auto 	| 	Test KSV Loss: 6.32524
INFO : 06-22 18:55 : ksdkt/pre_dummy_epoch_size100.auto 	| 	W1: 0.0421195	W2: 0.00636617
INFO : 06-22 18:55 : ksdkt/pre_dummy_epoch_size100.auto 	| 	r1: 1.4804
INFO : 06-22 18:55 : ksdkt/pre_dummy_epoch_size100.auto 	| 	Test AUC(C): 0.481014
INFO : 06-22 18:55 : ksdkt/pre_dummy_epoch_size100.auto 	| RP soft 	 good:bad = 178:0
INFO : 06-22 18:55 : ksdkt/pre_dummy_epoch_size100.auto 	| RP hard 	 nDCG = 0.9974±0.0104
INFO : 06-22 18:55 : ksdkt/pre_dummy_epoch_size100.auto 	| The model has 525,926 trainable parameters
INFO : 06-22 18:55 : ksdkt/pre_dummy_epoch_size100.auto 	| train_dl.dataset size: 1024
INFO : 06-22 18:55 : ksdkt/pre_dummy_epoch_size100.auto 	| valid_dl.dataset size: 256
INFO : 06-22 18:55 : ksdkt/pre_dummy_epoch_size100.auto 	| Start straightening pre-train
INFO : 06-22 19:02 : ksdkt/pre_dummy_epoch_size100.auto 	| Starting train
INFO : 06-22 19:02 : ksdkt/pre_dummy_epoch_size100.auto 	| 	Epoch 100	Train Loss: 0.691275	AUC: 0.512197
INFO : 06-22 19:02 : ksdkt/pre_dummy_epoch_size100.auto 	| 	Epoch 100	Valid Loss: 0.731586	AUC: 0.502772
INFO : 06-22 19:02 : ksdkt/pre_dummy_epoch_size100.auto 	| 	Epoch 100	KSVectorLoss: 6.36312
INFO : 06-22 19:02 : ksdkt/pre_dummy_epoch_size100.auto 	| 	Epoch 100	W1: 0.0315184	W2: 0.00310763
INFO : 06-22 19:02 : ksdkt/pre_dummy_epoch_size100.auto 	| Best AUC 0.50505 at epoch 10
INFO : 06-22 19:02 : ksdkt/pre_dummy_epoch_size100.auto 	| At 19:02 0m 18s passed ( - 5m 58s til 06:12) (100epoch 5.0%)
INFO : 06-22 19:02 : ksdkt/pre_dummy_epoch_size100.auto 	| 	Epoch 200	Train Loss: 0.656831	AUC: 0.53319
INFO : 06-22 19:02 : ksdkt/pre_dummy_epoch_size100.auto 	| 	Epoch 200	Valid Loss: 0.717448	AUC: 0.497804
INFO : 06-22 19:02 : ksdkt/pre_dummy_epoch_size100.auto 	| 	Epoch 200	KSVectorLoss: 6.36221
INFO : 06-22 19:02 : ksdkt/pre_dummy_epoch_size100.auto 	| 	Epoch 200	W1: 0.0244755	W2: 0.0023998
INFO : 06-22 19:02 : ksdkt/pre_dummy_epoch_size100.auto 	| Best AUC 0.50505 at epoch 10
INFO : 06-22 19:02 : ksdkt/pre_dummy_epoch_size100.auto 	| Early stopping.
INFO : 06-22 19:02 : ksdkt/pre_dummy_epoch_size100.auto 	| Loading model /code/output/20200622_Psyence_v10_pretrain/pre_dummy_epoch_size100.auto/checkpoints/20200622-1813/f4_best.model
INFO : 06-22 19:02 : ksdkt/pre_dummy_epoch_size100.auto 	| test_dl.dataset size: 320
INFO : 06-22 19:02 : ksdkt/pre_dummy_epoch_size100.auto 	| Starting test
INFO : 06-22 19:02 : ksdkt/pre_dummy_epoch_size100.auto 	| 	Test Loss: 1.50843	AUC: 0.504538
INFO : 06-22 19:02 : ksdkt/pre_dummy_epoch_size100.auto 	| 	Test KSV Loss: 5.66735
INFO : 06-22 19:02 : ksdkt/pre_dummy_epoch_size100.auto 	| 	W1: 0.0555885	W2: 0.00969915
INFO : 06-22 19:02 : ksdkt/pre_dummy_epoch_size100.auto 	| 	r1: 1.58003
INFO : 06-22 19:02 : ksdkt/pre_dummy_epoch_size100.auto 	| 	Test AUC(C): 0.478547
INFO : 06-22 19:03 : ksdkt/pre_dummy_epoch_size100.auto 	| RP soft 	 good:bad = 178:0
INFO : 06-22 19:03 : ksdkt/pre_dummy_epoch_size100.auto 	| RP hard 	 nDCG = 0.9867±0.0298
INFO : 06-22 19:03 : ksdkt/pre_dummy_epoch_size100.auto 	| fintrain_dl.dataset size: 1280
INFO : 06-22 19:03 : ksdkt/pre_dummy_epoch_size100.auto 	| fintest_dl.dataset size: 320
INFO : 06-22 19:03 : ksdkt/pre_dummy_epoch_size100.auto 	| The model has 525,926 trainable parameters
INFO : 06-22 19:03 : ksdkt/pre_dummy_epoch_size100.auto 	| Start straightening pre-train
INFO : 06-22 19:10 : ksdkt/pre_dummy_epoch_size100.auto 	| Starting train
INFO : 06-22 19:10 : ksdkt/pre_dummy_epoch_size100.auto 	| 	Epoch 100	Train Loss: 0.667077	AUC: 0.529569
INFO : 06-22 19:10 : ksdkt/pre_dummy_epoch_size100.auto 	| At 19:10 0m 21s passed ( - 2m 33s til 11:26) (100epoch 12.3%)
INFO : 06-22 19:10 : ksdkt/pre_dummy_epoch_size100.auto 	| 	Epoch 200	Train Loss: 0.655396	AUC: 0.537274
INFO : 06-22 19:10 : ksdkt/pre_dummy_epoch_size100.auto 	| At 19:10 0m 43s passed ( - 2m 11s til 16:08) (200epoch 24.7%)
INFO : 06-22 19:11 : ksdkt/pre_dummy_epoch_size100.auto 	| 	Epoch 300	Train Loss: 0.651484	AUC: 0.545757
INFO : 06-22 19:11 : ksdkt/pre_dummy_epoch_size100.auto 	| At 19:11 1m 4s passed ( - 1m 49s til 14:27) (300epoch 37.0%)
INFO : 06-22 19:11 : ksdkt/pre_dummy_epoch_size100.auto 	| 	Epoch 400	Train Loss: 0.649283	AUC: 0.552891
INFO : 06-22 19:11 : ksdkt/pre_dummy_epoch_size100.auto 	| At 19:11 1m 26s passed ( - 1m 29s til 22:00) (400epoch 49.4%)
INFO : 06-22 19:11 : ksdkt/pre_dummy_epoch_size100.auto 	| 	Epoch 500	Train Loss: 0.64914	AUC: 0.551819
INFO : 06-22 19:11 : ksdkt/pre_dummy_epoch_size100.auto 	| At 19:11 1m 48s passed ( - 1m 7s til 05:35) (500epoch 61.7%)
INFO : 06-22 19:12 : ksdkt/pre_dummy_epoch_size100.auto 	| 	Epoch 600	Train Loss: 0.648283	AUC: 0.555348
INFO : 06-22 19:12 : ksdkt/pre_dummy_epoch_size100.auto 	| At 19:12 2m 10s passed ( - 0m 45s til 09:40) (600epoch 74.1%)
INFO : 06-22 19:12 : ksdkt/pre_dummy_epoch_size100.auto 	| 	Epoch 700	Train Loss: 0.647678	AUC: 0.559013
INFO : 06-22 19:12 : ksdkt/pre_dummy_epoch_size100.auto 	| At 19:12 2m 31s passed ( - 0m 23s til 15:24) (700epoch 86.4%)
INFO : 06-22 19:12 : ksdkt/pre_dummy_epoch_size100.auto 	| 	Epoch 800	Train Loss: 0.646802	AUC: 0.562578
INFO : 06-22 19:12 : ksdkt/pre_dummy_epoch_size100.auto 	| At 19:12 2m 53s passed ( - 0m 2s til 23:14) (800epoch 98.8%)
INFO : 06-22 19:12 : ksdkt/pre_dummy_epoch_size100.auto 	| Starting test
INFO : 06-22 19:12 : ksdkt/pre_dummy_epoch_size100.auto 	| 	Test Loss: 0.675955	AUC: 0.511948
INFO : 06-22 19:12 : ksdkt/pre_dummy_epoch_size100.auto 	| 	Test KSV Loss: 6.22799
INFO : 06-22 19:12 : ksdkt/pre_dummy_epoch_size100.auto 	| 	W1: 0.020302	W2: 0.00191278
INFO : 06-22 19:12 : ksdkt/pre_dummy_epoch_size100.auto 	| 	r1: 0.662891
INFO : 06-22 19:12 : ksdkt/pre_dummy_epoch_size100.auto 	| 	Test AUC(C): 0.579236
INFO : 06-22 19:13 : ksdkt/pre_dummy_epoch_size100.auto 	| RP soft 	 good:bad = 153:25
INFO : 06-22 19:13 : ksdkt/pre_dummy_epoch_size100.auto 	| RP hard 	 nDCG = 0.9335±0.1192
